/home/zexi/mpw_precheck/checks/tech-files/sky130A_mr.drc:50: warning: already initialized constant DRC::DRCEngine::FEOL
/home/zexi/mpw_precheck/checks/tech-files/sky130A_mr.drc:40: warning: previous definition of FEOL was here
/home/zexi/mpw_precheck/checks/tech-files/sky130A_mr.drc:54: warning: already initialized constant DRC::DRCEngine::BEOL
/home/zexi/mpw_precheck/checks/tech-files/sky130A_mr.drc:41: warning: previous definition of BEOL was here
/home/zexi/mpw_precheck/checks/tech-files/sky130A_mr.drc:62: warning: already initialized constant DRC::DRCEngine::OFFGRID
/home/zexi/mpw_precheck/checks/tech-files/sky130A_mr.drc:42: warning: previous definition of OFFGRID was here
/home/zexi/mpw_precheck/checks/tech-files/sky130A_mr.drc:68: warning: already initialized constant DRC::DRCEngine::SEAL
/home/zexi/mpw_precheck/checks/tech-files/sky130A_mr.drc:43: warning: previous definition of SEAL was here
/home/zexi/mpw_precheck/checks/tech-files/sky130A_mr.drc:74: warning: already initialized constant DRC::DRCEngine::FLOATING_MET
/home/zexi/mpw_precheck/checks/tech-files/sky130A_mr.drc:44: warning: previous definition of FLOATING_MET was here
"input" in: sky130A_mr.drc:124
    Polygons (raw): 507 (flat)  52 (hierarchical)
    Elapsed: 0.010s  Memory: 528.00M
"polygons" in: sky130A_mr.drc:125
    Polygons (raw): 1364 (flat)  170 (hierarchical)
    Elapsed: 0.010s  Memory: 528.00M
"polygons" in: sky130A_mr.drc:126
    Polygons (raw): 112 (flat)  36 (hierarchical)
    Elapsed: 0.010s  Memory: 528.00M
"polygons" in: sky130A_mr.drc:127
    Polygons (raw): 0 (flat)  0 (hierarchical)
    Elapsed: 0.000s  Memory: 528.00M
"polygons" in: sky130A_mr.drc:128
    Polygons (raw): 0 (flat)  0 (hierarchical)
    Elapsed: 0.010s  Memory: 528.00M
"polygons" in: sky130A_mr.drc:129
    Polygons (raw): 0 (flat)  0 (hierarchical)
    Elapsed: 0.010s  Memory: 528.00M
"polygons" in: sky130A_mr.drc:130
    Polygons (raw): 0 (flat)  0 (hierarchical)
    Elapsed: 0.010s  Memory: 528.00M
"polygons" in: sky130A_mr.drc:131
    Polygons (raw): 0 (flat)  0 (hierarchical)
    Elapsed: 0.010s  Memory: 528.00M
"polygons" in: sky130A_mr.drc:132
    Polygons (raw): 0 (flat)  0 (hierarchical)
    Elapsed: 0.010s  Memory: 528.00M
"polygons" in: sky130A_mr.drc:133
    Polygons (raw): 0 (flat)  0 (hierarchical)
    Elapsed: 0.000s  Memory: 528.00M
"polygons" in: sky130A_mr.drc:134
    Polygons (raw): 0 (flat)  0 (hierarchical)
    Elapsed: 0.010s  Memory: 528.00M
"polygons" in: sky130A_mr.drc:135
    Polygons (raw): 0 (flat)  0 (hierarchical)
    Elapsed: 0.010s  Memory: 528.00M
"polygons" in: sky130A_mr.drc:136
    Polygons (raw): 523 (flat)  49 (hierarchical)
    Elapsed: 0.010s  Memory: 528.00M
"polygons" in: sky130A_mr.drc:137
    Polygons (raw): 3092 (flat)  552 (hierarchical)
    Elapsed: 0.010s  Memory: 528.00M
"polygons" in: sky130A_mr.drc:138
    Polygons (raw): 0 (flat)  0 (hierarchical)
    Elapsed: 0.010s  Memory: 528.00M
"polygons" in: sky130A_mr.drc:139
    Polygons (raw): 683 (flat)  83 (hierarchical)
    Elapsed: 0.010s  Memory: 528.00M
"polygons" in: sky130A_mr.drc:140
    Polygons (raw): 943 (flat)  134 (hierarchical)
    Elapsed: 0.010s  Memory: 528.00M
"polygons" in: sky130A_mr.drc:141
    Polygons (raw): 32 (flat)  12 (hierarchical)
    Elapsed: 0.010s  Memory: 528.00M
"polygons" in: sky130A_mr.drc:142
    Polygons (raw): 1 (flat)  1 (hierarchical)
    Elapsed: 0.010s  Memory: 528.00M
"polygons" in: sky130A_mr.drc:143
    Polygons (raw): 3183 (flat)  497 (hierarchical)
    Elapsed: 0.010s  Memory: 528.00M
"polygons" in: sky130A_mr.drc:144
    Polygons (raw): 67685 (flat)  7972 (hierarchical)
    Elapsed: 0.010s  Memory: 528.00M
"polygons" in: sky130A_mr.drc:146
    Polygons (raw): 18004 (flat)  1645 (hierarchical)
    Elapsed: 0.010s  Memory: 528.00M
"polygons" in: sky130A_mr.drc:147
    Polygons (raw): 53602 (flat)  7485 (hierarchical)
    Elapsed: 0.010s  Memory: 528.00M
"polygons" in: sky130A_mr.drc:149
    Polygons (raw): 14242 (flat)  3745 (hierarchical)
    Elapsed: 0.020s  Memory: 528.00M
"polygons" in: sky130A_mr.drc:150
    Polygons (raw): 7063 (flat)  2969 (hierarchical)
    Elapsed: 0.010s  Memory: 528.00M
"polygons" in: sky130A_mr.drc:152
    Polygons (raw): 2819 (flat)  1329 (hierarchical)
    Elapsed: 0.010s  Memory: 528.00M
"polygons" in: sky130A_mr.drc:153
    Polygons (raw): 12714 (flat)  11541 (hierarchical)
    Elapsed: 0.020s  Memory: 529.00M
"polygons" in: sky130A_mr.drc:155
    Polygons (raw): 730 (flat)  580 (hierarchical)
    Elapsed: 0.000s  Memory: 529.00M
"polygons" in: sky130A_mr.drc:156
    Polygons (raw): 88908 (flat)  82922 (hierarchical)
    Elapsed: 0.090s  Memory: 533.00M
"polygons" in: sky130A_mr.drc:158
    Polygons (raw): 242 (flat)  130 (hierarchical)
    Elapsed: 0.010s  Memory: 533.00M
"polygons" in: sky130A_mr.drc:159
    Polygons (raw): 5736 (flat)  5589 (hierarchical)
    Elapsed: 0.010s  Memory: 533.00M
"polygons" in: sky130A_mr.drc:161
    Polygons (raw): 175 (flat)  63 (hierarchical)
    Elapsed: 0.010s  Memory: 533.00M
"polygons" in: sky130A_mr.drc:163
    Polygons (raw): 0 (flat)  0 (hierarchical)
    Elapsed: 0.010s  Memory: 533.00M
"polygons" in: sky130A_mr.drc:164
    Polygons (raw): 0 (flat)  0 (hierarchical)
    Elapsed: 0.010s  Memory: 533.00M
"polygons" in: sky130A_mr.drc:165
    Polygons (raw): 5 (flat)  3 (hierarchical)
    Elapsed: 0.010s  Memory: 533.00M
"polygons" in: sky130A_mr.drc:166
    Polygons (raw): 40 (flat)  5 (hierarchical)
    Elapsed: 0.000s  Memory: 533.00M
"polygons" in: sky130A_mr.drc:167
    Polygons (raw): 0 (flat)  0 (hierarchical)
    Elapsed: 0.000s  Memory: 533.00M
"polygons" in: sky130A_mr.drc:168
    Polygons (raw): 0 (flat)  0 (hierarchical)
    Elapsed: 0.010s  Memory: 533.00M
"polygons" in: sky130A_mr.drc:169
    Polygons (raw): 0 (flat)  0 (hierarchical)
    Elapsed: 0.010s  Memory: 533.00M
"polygons" in: sky130A_mr.drc:170
    Polygons (raw): 0 (flat)  0 (hierarchical)
    Elapsed: 0.010s  Memory: 533.00M
"polygons" in: sky130A_mr.drc:171
    Polygons (raw): 0 (flat)  0 (hierarchical)
    Elapsed: 0.010s  Memory: 533.00M
"polygons" in: sky130A_mr.drc:172
    Polygons (raw): 50 (flat)  1 (hierarchical)
    Elapsed: 0.010s  Memory: 533.00M
"polygons" in: sky130A_mr.drc:173
    Polygons (raw): 0 (flat)  0 (hierarchical)
    Elapsed: 0.010s  Memory: 533.00M
"polygons" in: sky130A_mr.drc:174
    Polygons (raw): 0 (flat)  0 (hierarchical)
    Elapsed: 0.000s  Memory: 533.00M
"polygons" in: sky130A_mr.drc:175
    Polygons (raw): 0 (flat)  0 (hierarchical)
    Elapsed: 0.010s  Memory: 533.00M
"polygons" in: sky130A_mr.drc:176
    Polygons (raw): 0 (flat)  0 (hierarchical)
    Elapsed: 0.010s  Memory: 533.00M
"polygons" in: sky130A_mr.drc:177
    Polygons (raw): 0 (flat)  0 (hierarchical)
    Elapsed: 0.010s  Memory: 533.00M
"polygons" in: sky130A_mr.drc:178
    Polygons (raw): 0 (flat)  0 (hierarchical)
    Elapsed: 0.010s  Memory: 533.00M
"polygons" in: sky130A_mr.drc:179
    Polygons (raw): 0 (flat)  0 (hierarchical)
    Elapsed: 0.010s  Memory: 533.00M
"polygons" in: sky130A_mr.drc:180
    Polygons (raw): 0 (flat)  0 (hierarchical)
    Elapsed: 0.010s  Memory: 533.00M
"polygons" in: sky130A_mr.drc:181
    Polygons (raw): 0 (flat)  0 (hierarchical)
    Elapsed: 0.000s  Memory: 533.00M
"polygons" in: sky130A_mr.drc:182
    Polygons (raw): 0 (flat)  0 (hierarchical)
    Elapsed: 0.010s  Memory: 533.00M
"polygons" in: sky130A_mr.drc:183
    Polygons (raw): 0 (flat)  0 (hierarchical)
    Elapsed: 0.010s  Memory: 533.00M
"polygons" in: sky130A_mr.drc:184
    Polygons (raw): 0 (flat)  0 (hierarchical)
    Elapsed: 0.010s  Memory: 533.00M
"polygons" in: sky130A_mr.drc:185
    Polygons (raw): 0 (flat)  0 (hierarchical)
    Elapsed: 0.010s  Memory: 533.00M
"polygons" in: sky130A_mr.drc:186
    Polygons (raw): 0 (flat)  0 (hierarchical)
    Elapsed: 0.010s  Memory: 533.00M
"polygons" in: sky130A_mr.drc:187
    Polygons (raw): 0 (flat)  0 (hierarchical)
    Elapsed: 0.000s  Memory: 533.00M
"polygons" in: sky130A_mr.drc:188
    Polygons (raw): 1 (flat)  1 (hierarchical)
    Elapsed: 0.000s  Memory: 533.00M
"polygons" in: sky130A_mr.drc:189
    Polygons (raw): 0 (flat)  0 (hierarchical)
    Elapsed: 0.010s  Memory: 533.00M
"polygons" in: sky130A_mr.drc:190
    Polygons (raw): 0 (flat)  0 (hierarchical)
    Elapsed: 0.010s  Memory: 533.00M
"polygons" in: sky130A_mr.drc:191
    Polygons (raw): 0 (flat)  0 (hierarchical)
    Elapsed: 0.010s  Memory: 533.00M
"polygons" in: sky130A_mr.drc:192
    Polygons (raw): 0 (flat)  0 (hierarchical)
    Elapsed: 0.010s  Memory: 533.00M
"polygons" in: sky130A_mr.drc:193
    Polygons (raw): 0 (flat)  0 (hierarchical)
    Elapsed: 0.010s  Memory: 533.00M
"polygons" in: sky130A_mr.drc:194
    Polygons (raw): 0 (flat)  0 (hierarchical)
    Elapsed: 0.000s  Memory: 533.00M
"polygons" in: sky130A_mr.drc:195
    Polygons (raw): 0 (flat)  0 (hierarchical)
    Elapsed: 0.010s  Memory: 533.00M
"polygons" in: sky130A_mr.drc:196
    Polygons (raw): 0 (flat)  0 (hierarchical)
    Elapsed: 0.010s  Memory: 533.00M
"polygons" in: sky130A_mr.drc:197
    Polygons (raw): 0 (flat)  0 (hierarchical)
    Elapsed: 0.010s  Memory: 533.00M
"polygons" in: sky130A_mr.drc:198
    Polygons (raw): 0 (flat)  0 (hierarchical)
    Elapsed: 0.010s  Memory: 533.00M
"polygons" in: sky130A_mr.drc:199
    Polygons (raw): 0 (flat)  0 (hierarchical)
    Elapsed: 0.010s  Memory: 533.00M
"polygons" in: sky130A_mr.drc:200
    Polygons (raw): 0 (flat)  0 (hierarchical)
    Elapsed: 0.010s  Memory: 533.00M
"polygons" in: sky130A_mr.drc:201
    Polygons (raw): 0 (flat)  0 (hierarchical)
    Elapsed: 0.000s  Memory: 533.00M
"polygons" in: sky130A_mr.drc:202
    Polygons (raw): 0 (flat)  0 (hierarchical)
    Elapsed: 0.010s  Memory: 533.00M
"polygons" in: sky130A_mr.drc:203
    Polygons (raw): 0 (flat)  0 (hierarchical)
    Elapsed: 0.010s  Memory: 533.00M
"polygons" in: sky130A_mr.drc:204
    Polygons (raw): 0 (flat)  0 (hierarchical)
    Elapsed: 0.010s  Memory: 533.00M
"polygons" in: sky130A_mr.drc:205
    Polygons (raw): 0 (flat)  0 (hierarchical)
    Elapsed: 0.010s  Memory: 533.00M
"polygons" in: sky130A_mr.drc:206
    Polygons (raw): 0 (flat)  0 (hierarchical)
    Elapsed: 0.010s  Memory: 533.00M
"polygons" in: sky130A_mr.drc:207
    Polygons (raw): 0 (flat)  0 (hierarchical)
    Elapsed: 0.010s  Memory: 533.00M
"polygons" in: sky130A_mr.drc:208
    Polygons (raw): 0 (flat)  0 (hierarchical)
    Elapsed: 0.000s  Memory: 533.00M
"polygons" in: sky130A_mr.drc:209
    Polygons (raw): 0 (flat)  0 (hierarchical)
    Elapsed: 0.000s  Memory: 533.00M
"polygons" in: sky130A_mr.drc:210
    Polygons (raw): 0 (flat)  0 (hierarchical)
    Elapsed: 0.010s  Memory: 533.00M
"polygons" in: sky130A_mr.drc:211
    Polygons (raw): 36 (flat)  16 (hierarchical)
    Elapsed: 0.010s  Memory: 533.00M
"polygons" in: sky130A_mr.drc:212
    Polygons (raw): 0 (flat)  0 (hierarchical)
    Elapsed: 0.010s  Memory: 533.00M
"polygons" in: sky130A_mr.drc:213
    Polygons (raw): 0 (flat)  0 (hierarchical)
    Elapsed: 0.010s  Memory: 533.00M
"polygons" in: sky130A_mr.drc:214
    Polygons (raw): 0 (flat)  0 (hierarchical)
    Elapsed: 0.010s  Memory: 533.00M
"polygons" in: sky130A_mr.drc:215
    Polygons (raw): 0 (flat)  0 (hierarchical)
    Elapsed: 0.000s  Memory: 533.00M
DRC section
BEOL section
START: 67/20 (li)
"interacting" in: sky130A_mr.drc:397
    Polygons (raw): 0 (flat)  0 (hierarchical)
    Elapsed: 0.070s  Memory: 1078.00M
"not" in: sky130A_mr.drc:397
    Polygons (raw): 18004 (flat)  1645 (hierarchical)
    Elapsed: 0.010s  Memory: 1078.00M
"width" in: sky130A_mr.drc:398
    Edge pairs: 0 (flat)  0 (hierarchical)
    Elapsed: 0.030s  Memory: 1078.00M
"output" in: sky130A_mr.drc:398
    Edge pairs: 0 (flat)  0 (hierarchical)
    Elapsed: 0.010s  Memory: 1078.00M
"edges" in: sky130A_mr.drc:400
    Edges: 42477 (flat)  12562 (hierarchical)
    Elapsed: 0.480s  Memory: 1078.00M
"space" in: sky130A_mr.drc:400
    Edge pairs: 0 (flat)  0 (hierarchical)
    Elapsed: 0.310s  Memory: 1086.00M
"output" in: sky130A_mr.drc:400
    Edge pairs: 0 (flat)  0 (hierarchical)
    Elapsed: 0.010s  Memory: 1086.00M
"not" in: sky130A_mr.drc:401
    Polygons (raw): 67685 (flat)  7972 (hierarchical)
    Elapsed: 0.010s  Memory: 1086.00M
"enclosing" in: sky130A_mr.drc:402
    Edge pairs: 113159 (flat)  90285 (hierarchical)
    Elapsed: 2.490s  Memory: 1088.00M
"second_edges" in: sky130A_mr.drc:402
    Edges: 113159 (flat)  90285 (hierarchical)
    Elapsed: 0.030s  Memory: 1088.00M
"width" in: sky130A_mr.drc:403
    Edge pairs: 0 (flat)  0 (hierarchical)
    Elapsed: 1.180s  Memory: 1117.00M
"polygons" in: sky130A_mr.drc:404
    Polygons (raw): 0 (flat)  0 (hierarchical)
    Elapsed: 0.000s  Memory: 1117.00M
"interacting" in: sky130A_mr.drc:404
    Polygons (raw): 0 (flat)  0 (hierarchical)
    Elapsed: 0.090s  Memory: 1125.00M
"output" in: sky130A_mr.drc:405
    Polygons (raw): 0 (flat)  0 (hierarchical)
    Elapsed: 0.010s  Memory: 1117.00M
"with_area" in: sky130A_mr.drc:406
    Polygons (raw): 0 (flat)  0 (hierarchical)
    Elapsed: 0.010s  Memory: 1117.00M
"output" in: sky130A_mr.drc:406
    Polygons (raw): 0 (flat)  0 (hierarchical)
    Elapsed: 0.010s  Memory: 1117.00M
END: 67/20 (li)
START: 67/44 (mcon)
"not" in: sky130A_mr.drc:411
    Polygons (raw): 53602 (flat)  7485 (hierarchical)
    Elapsed: 0.010s  Memory: 1117.00M
"not" in: sky130A_mr.drc:418
    Polygons (raw): 53602 (flat)  7485 (hierarchical)
    Elapsed: 0.010s  Memory: 1117.00M
"non_rectangles" in: sky130A_mr.drc:419
    Polygons (raw): 0 (flat)  0 (hierarchical)
    Elapsed: 0.090s  Memory: 1117.00M
"output" in: sky130A_mr.drc:419
    Polygons (raw): 0 (flat)  0 (hierarchical)
    Elapsed: 0.010s  Memory: 1117.00M
"drc" in: sky130A_mr.drc:421
    Edge pairs: 0 (flat)  0 (hierarchical)
    Elapsed: 0.130s  Memory: 1117.00M
"output" in: sky130A_mr.drc:421
    Edge pairs: 0 (flat)  0 (hierarchical)
    Elapsed: 0.010s  Memory: 1117.00M
"drc" in: sky130A_mr.drc:422
    Edges: 0 (flat)  0 (hierarchical)
    Elapsed: 0.060s  Memory: 1117.00M
"output" in: sky130A_mr.drc:422
    Edges: 0 (flat)  0 (hierarchical)
    Elapsed: 0.000s  Memory: 1117.00M
"space" in: sky130A_mr.drc:423
    Edge pairs: 0 (flat)  0 (hierarchical)
    Elapsed: 0.050s  Memory: 1117.00M
"output" in: sky130A_mr.drc:423
    Edge pairs: 0 (flat)  0 (hierarchical)
    Elapsed: 0.010s  Memory: 1117.00M
"not" in: sky130A_mr.drc:429
    Polygons (raw): 0 (flat)  0 (hierarchical)
    Elapsed: 0.170s  Memory: 1149.00M
"output" in: sky130A_mr.drc:429
    Polygons (raw): 0 (flat)  0 (hierarchical)
    Elapsed: 0.010s  Memory: 1117.00M
END: 67/44 (mcon)
START: 68/20 (m1)
"width" in: sky130A_mr.drc:434
    Edge pairs: 0 (flat)  0 (hierarchical)
    Elapsed: 0.080s  Memory: 1117.00M
"output" in: sky130A_mr.drc:434
    Edge pairs: 0 (flat)  0 (hierarchical)
    Elapsed: 0.010s  Memory: 1117.00M
"sized" in: sky130A_mr.drc:435
    Polygons (raw): 50 (flat)  50 (hierarchical)
    Elapsed: 0.030s  Memory: 1117.00M
"sized" in: sky130A_mr.drc:435
    Polygons (raw): 50 (flat)  50 (hierarchical)
    Elapsed: 0.010s  Memory: 1117.00M
"snap" in: sky130A_mr.drc:435
    Polygons (raw): 50 (flat)  50 (hierarchical)
    Elapsed: 0.020s  Memory: 1117.00M
"&" in: sky130A_mr.drc:435
    Polygons (raw): 50 (flat)  50 (hierarchical)
    Elapsed: 0.020s  Memory: 1117.00M
"edges" in: sky130A_mr.drc:436
    Edges: 47612 (flat)  15067 (hierarchical)
    Elapsed: 0.360s  Memory: 1117.00M
"-" in: sky130A_mr.drc:436
    Edges: 46883 (flat)  14632 (hierarchical)
    Elapsed: 0.030s  Memory: 1117.00M
"edges" in: sky130A_mr.drc:437
    Edges: 200 (flat)  200 (hierarchical)
    Elapsed: 0.020s  Memory: 1117.00M
"merged" in: sky130A_mr.drc:437
    Polygons (raw): 3018 (flat)  1172 (hierarchical)
    Elapsed: 0.010s  Memory: 1117.00M
"outside_part" in: sky130A_mr.drc:437
    Edges: 252 (flat)  252 (hierarchical)
    Elapsed: 0.010s  Memory: 1117.00M
"space" in: sky130A_mr.drc:439
    Edge pairs: 0 (flat)  0 (hierarchical)
    Elapsed: 0.230s  Memory: 1125.00M
"output" in: sky130A_mr.drc:439
    Edge pairs: 0 (flat)  0 (hierarchical)
    Elapsed: 0.010s  Memory: 1117.00M
"separation" in: sky130A_mr.drc:441
    Edge pairs: 0 (flat)  0 (hierarchical)
    Elapsed: 0.020s  Memory: 1117.00M
"space" in: sky130A_mr.drc:441
    Edge pairs: 0 (flat)  0 (hierarchical)
    Elapsed: 0.020s  Memory: 1117.00M
"+" in: sky130A_mr.drc:441
    Edge pairs: 0 (flat)  0 (hierarchical)
    Elapsed: 0.010s  Memory: 1117.00M
"output" in: sky130A_mr.drc:441
    Edge pairs: 0 (flat)  0 (hierarchical)
    Elapsed: 0.010s  Memory: 1117.00M
"input" in: sky130A_mr.drc:445
    Polygons (raw): 14242 (flat)  4757 (hierarchical)
    Elapsed: 0.010s  Memory: 1117.00M
"enclosing" in: sky130A_mr.drc:447
    Edge pairs: 0 (flat)  0 (hierarchical)
    Elapsed: 0.680s  Memory: 1117.00M
"output" in: sky130A_mr.drc:447
    Edge pairs: 0 (flat)  0 (hierarchical)
    Elapsed: 0.010s  Memory: 1117.00M
"not" in: sky130A_mr.drc:448
    Polygons (raw): 0 (flat)  0 (hierarchical)
    Elapsed: 0.190s  Memory: 1117.00M
"output" in: sky130A_mr.drc:448
    Polygons (raw): 0 (flat)  0 (hierarchical)
    Elapsed: 0.000s  Memory: 1117.00M
"input" in: sky130A_mr.drc:450
    Polygons (raw): 0 (flat)  0 (hierarchical)
    Elapsed: 0.010s  Memory: 1117.00M
"enclosing" in: sky130A_mr.drc:451
    Edge pairs: 0 (flat)  0 (hierarchical)
    Elapsed: 0.010s  Memory: 1117.00M
"output" in: sky130A_mr.drc:451
    Edge pairs: 0 (flat)  0 (hierarchical)
    Elapsed: 0.000s  Memory: 1117.00M
"not" in: sky130A_mr.drc:453
    Polygons (raw): 0 (flat)  0 (hierarchical)
    Elapsed: 0.010s  Memory: 1117.00M
"output" in: sky130A_mr.drc:453
    Polygons (raw): 0 (flat)  0 (hierarchical)
    Elapsed: 0.010s  Memory: 1117.00M
"with_area" in: sky130A_mr.drc:455
    Polygons (raw): 0 (flat)  0 (hierarchical)
    Elapsed: 0.010s  Memory: 1117.00M
"output" in: sky130A_mr.drc:455
    Polygons (raw): 0 (flat)  0 (hierarchical)
    Elapsed: 0.010s  Memory: 1117.00M
"holes" in: sky130A_mr.drc:457
    Polygons (raw): 50 (flat)  45 (hierarchical)
    Elapsed: 0.010s  Memory: 1117.00M
"with_area" in: sky130A_mr.drc:457
    Polygons (raw): 0 (flat)  0 (hierarchical)
    Elapsed: 0.010s  Memory: 1117.00M
"output" in: sky130A_mr.drc:457
    Polygons (raw): 0 (flat)  0 (hierarchical)
    Elapsed: 0.010s  Memory: 1117.00M
"enclosing" in: sky130A_mr.drc:464
    Edge pairs: 82214 (flat)  20591 (hierarchical)
    Elapsed: 1.070s  Memory: 1117.00M
"second_edges" in: sky130A_mr.drc:464
    Edges: 82214 (flat)  20591 (hierarchical)
    Elapsed: 0.010s  Memory: 1117.00M
"width" in: sky130A_mr.drc:465
    Edge pairs: 0 (flat)  0 (hierarchical)
    Elapsed: 0.320s  Memory: 1117.00M
"polygons" in: sky130A_mr.drc:466
    Polygons (raw): 0 (flat)  0 (hierarchical)
    Elapsed: 0.010s  Memory: 1117.00M
"interacting" in: sky130A_mr.drc:466
    Polygons (raw): 0 (flat)  0 (hierarchical)
    Elapsed: 0.110s  Memory: 1117.00M
"output" in: sky130A_mr.drc:467
    Polygons (raw): 0 (flat)  0 (hierarchical)
    Elapsed: 0.010s  Memory: 1117.00M
END: 68/20 (m1)
START: 68/44 (via)
"not" in: sky130A_mr.drc:481
    Polygons (raw): 7063 (flat)  3723 (hierarchical)
    Elapsed: 0.010s  Memory: 1117.00M
"non_rectangles" in: sky130A_mr.drc:483
    Polygons (raw): 0 (flat)  0 (hierarchical)
    Elapsed: 0.050s  Memory: 1117.00M
"output" in: sky130A_mr.drc:483
    Polygons (raw): 0 (flat)  0 (hierarchical)
    Elapsed: 0.010s  Memory: 1117.00M
"width" in: sky130A_mr.drc:484
    Edge pairs: 0 (flat)  0 (hierarchical)
    Elapsed: 0.010s  Memory: 1117.00M
"output" in: sky130A_mr.drc:484
    Edge pairs: 0 (flat)  0 (hierarchical)
    Elapsed: 0.000s  Memory: 1117.00M
"drc" in: sky130A_mr.drc:486
    Edges: 0 (flat)  0 (hierarchical)
    Elapsed: 0.030s  Memory: 1117.00M
"output" in: sky130A_mr.drc:486
    Edges: 0 (flat)  0 (hierarchical)
    Elapsed: 0.010s  Memory: 1117.00M
"space" in: sky130A_mr.drc:488
    Edge pairs: 0 (flat)  0 (hierarchical)
    Elapsed: 0.080s  Memory: 1117.00M
"output" in: sky130A_mr.drc:488
    Edge pairs: 0 (flat)  0 (hierarchical)
    Elapsed: 0.010s  Memory: 1117.00M
"edges" in: sky130A_mr.drc:496
    Edges: 47612 (flat)  15067 (hierarchical)
    Elapsed: 0.350s  Memory: 1117.00M
"drc" in: sky130A_mr.drc:496
    Edges: 28252 (flat)  14892 (hierarchical)
    Elapsed: 0.090s  Memory: 1117.00M
"enclosing" in: sky130A_mr.drc:496
    Edge pairs: 0 (flat)  0 (hierarchical)
    Elapsed: 0.170s  Memory: 1117.00M
"output" in: sky130A_mr.drc:496
    Edge pairs: 0 (flat)  0 (hierarchical)
    Elapsed: 0.010s  Memory: 1117.00M
"squares" in: sky130A_mr.drc:497
    Polygons (raw): 7063 (flat)  3723 (hierarchical)
    Elapsed: 0.020s  Memory: 1117.00M
"drc" in: sky130A_mr.drc:497
    Edges: 28252 (flat)  14892 (hierarchical)
    Elapsed: 0.090s  Memory: 1117.00M
"not" in: sky130A_mr.drc:497
    Edges: 0 (flat)  0 (hierarchical)
    Elapsed: 0.120s  Memory: 1117.00M
"output" in: sky130A_mr.drc:497
    Edges: 0 (flat)  0 (hierarchical)
    Elapsed: 0.010s  Memory: 1117.00M
"edges" in: sky130A_mr.drc:499
    Edges: 47612 (flat)  15067 (hierarchical)
    Elapsed: 0.340s  Memory: 1117.00M
"drc" in: sky130A_mr.drc:499
    Edges: 28252 (flat)  14892 (hierarchical)
    Elapsed: 0.090s  Memory: 1117.00M
"enclosing" in: sky130A_mr.drc:499
    Edge pairs: 1003 (flat)  260 (hierarchical)
    Elapsed: 0.190s  Memory: 1117.00M
"second_edges" in: sky130A_mr.drc:499
    Edges: 1003 (flat)  260 (hierarchical)
    Elapsed: 0.010s  Memory: 1117.00M
"width" in: sky130A_mr.drc:500
    Edge pairs: 0 (flat)  0 (hierarchical)
    Elapsed: 0.010s  Memory: 1117.00M
"polygons" in: sky130A_mr.drc:501
    Polygons (raw): 0 (flat)  0 (hierarchical)
    Elapsed: 0.010s  Memory: 1117.00M
"interacting" in: sky130A_mr.drc:501
    Polygons (raw): 0 (flat)  0 (hierarchical)
    Elapsed: 0.010s  Memory: 1117.00M
"output" in: sky130A_mr.drc:502
    Polygons (raw): 0 (flat)  0 (hierarchical)
    Elapsed: 0.010s  Memory: 1117.00M
END: 68/44 (via)
START: 69/20 (m2)
"width" in: sky130A_mr.drc:509
    Edge pairs: 0 (flat)  0 (hierarchical)
    Elapsed: 0.030s  Memory: 1117.00M
"output" in: sky130A_mr.drc:509
    Edge pairs: 0 (flat)  0 (hierarchical)
    Elapsed: 0.010s  Memory: 1117.00M
"sized" in: sky130A_mr.drc:511
    Polygons (raw): 10 (flat)  10 (hierarchical)
    Elapsed: 0.020s  Memory: 1117.00M
"sized" in: sky130A_mr.drc:511
    Polygons (raw): 10 (flat)  10 (hierarchical)
    Elapsed: 0.010s  Memory: 1117.00M
"snap" in: sky130A_mr.drc:511
    Polygons (raw): 10 (flat)  10 (hierarchical)
    Elapsed: 0.020s  Memory: 1117.00M
"&" in: sky130A_mr.drc:511
    Polygons (raw): 11 (flat)  11 (hierarchical)
    Elapsed: 0.010s  Memory: 1117.00M
"edges" in: sky130A_mr.drc:512
    Edges: 10161 (flat)  6114 (hierarchical)
    Elapsed: 0.040s  Memory: 1117.00M
"-" in: sky130A_mr.drc:512
    Edges: 10104 (flat)  6063 (hierarchical)
    Elapsed: 0.030s  Memory: 1117.00M
"edges" in: sky130A_mr.drc:513
    Edges: 71 (flat)  71 (hierarchical)
    Elapsed: 0.010s  Memory: 1117.00M
"merged" in: sky130A_mr.drc:513
    Polygons (raw): 1365 (flat)  1113 (hierarchical)
    Elapsed: 0.010s  Memory: 1117.00M
"outside_part" in: sky130A_mr.drc:513
    Edges: 72 (flat)  72 (hierarchical)
    Elapsed: 0.020s  Memory: 1117.00M
"not" in: sky130A_mr.drc:514
    Polygons (raw): 7063 (flat)  3723 (hierarchical)
    Elapsed: 0.010s  Memory: 1117.00M
"space" in: sky130A_mr.drc:516
    Edge pairs: 0 (flat)  0 (hierarchical)
    Elapsed: 0.080s  Memory: 1117.00M
"output" in: sky130A_mr.drc:516
    Edge pairs: 0 (flat)  0 (hierarchical)
    Elapsed: 0.010s  Memory: 1117.00M
"separation" in: sky130A_mr.drc:518
    Edge pairs: 16 (flat)  16 (hierarchical)
    Elapsed: 0.010s  Memory: 1117.00M
"space" in: sky130A_mr.drc:518
    Edge pairs: 0 (flat)  0 (hierarchical)
    Elapsed: 0.010s  Memory: 1117.00M
"+" in: sky130A_mr.drc:518
    Edge pairs: 16 (flat)  16 (hierarchical)
    Elapsed: 0.010s  Memory: 1117.00M
"output" in: sky130A_mr.drc:518
    Edge pairs: 16 (flat)  16 (hierarchical)
    Elapsed: 0.010s  Memory: 1117.00M
"with_area" in: sky130A_mr.drc:520
    Polygons (raw): 0 (flat)  0 (hierarchical)
    Elapsed: 0.010s  Memory: 1117.00M
"output" in: sky130A_mr.drc:520
    Polygons (raw): 0 (flat)  0 (hierarchical)
    Elapsed: 0.010s  Memory: 1117.00M
"holes" in: sky130A_mr.drc:521
    Polygons (raw): 4 (flat)  4 (hierarchical)
    Elapsed: 0.010s  Memory: 1117.00M
"with_area" in: sky130A_mr.drc:521
    Polygons (raw): 0 (flat)  0 (hierarchical)
    Elapsed: 0.020s  Memory: 1117.00M
"output" in: sky130A_mr.drc:521
    Polygons (raw): 0 (flat)  0 (hierarchical)
    Elapsed: 0.000s  Memory: 1117.00M
"enclosing" in: sky130A_mr.drc:526
    Edge pairs: 0 (flat)  0 (hierarchical)
    Elapsed: 0.100s  Memory: 1117.00M
"output" in: sky130A_mr.drc:526
    Edge pairs: 0 (flat)  0 (hierarchical)
    Elapsed: 0.010s  Memory: 1117.00M
"not" in: sky130A_mr.drc:527
    Polygons (raw): 0 (flat)  0 (hierarchical)
    Elapsed: 0.030s  Memory: 1117.00M
"output" in: sky130A_mr.drc:527
    Polygons (raw): 0 (flat)  0 (hierarchical)
    Elapsed: 0.010s  Memory: 1117.00M
"enclosing" in: sky130A_mr.drc:528
    Edge pairs: 3245 (flat)  2043 (hierarchical)
    Elapsed: 0.100s  Memory: 1117.00M
"second_edges" in: sky130A_mr.drc:528
    Edges: 3245 (flat)  2043 (hierarchical)
    Elapsed: 0.010s  Memory: 1117.00M
"width" in: sky130A_mr.drc:529
    Edge pairs: 0 (flat)  0 (hierarchical)
    Elapsed: 0.040s  Memory: 1117.00M
"polygons" in: sky130A_mr.drc:530
    Polygons (raw): 0 (flat)  0 (hierarchical)
    Elapsed: 0.010s  Memory: 1117.00M
"interacting" in: sky130A_mr.drc:530
    Polygons (raw): 0 (flat)  0 (hierarchical)
    Elapsed: 0.010s  Memory: 1125.00M
"output" in: sky130A_mr.drc:531
    Polygons (raw): 0 (flat)  0 (hierarchical)
    Elapsed: 0.010s  Memory: 1117.00M
END: 69/20 (m2)
START: 69/44 (via2)
"not" in: sky130A_mr.drc:546
    Polygons (raw): 12714 (flat)  11861 (hierarchical)
    Elapsed: 0.010s  Memory: 1117.00M
"non_rectangles" in: sky130A_mr.drc:547
    Polygons (raw): 0 (flat)  0 (hierarchical)
    Elapsed: 0.140s  Memory: 1117.00M
"output" in: sky130A_mr.drc:547
    Polygons (raw): 0 (flat)  0 (hierarchical)
    Elapsed: 0.010s  Memory: 1117.00M
"width" in: sky130A_mr.drc:548
    Edge pairs: 0 (flat)  0 (hierarchical)
    Elapsed: 0.020s  Memory: 1117.00M
"output" in: sky130A_mr.drc:548
    Edge pairs: 0 (flat)  0 (hierarchical)
    Elapsed: 0.010s  Memory: 1117.00M
"edges" in: sky130A_mr.drc:549
    Edges: 50856 (flat)  47444 (hierarchical)
    Elapsed: 0.110s  Memory: 1117.00M
"without_length" in: sky130A_mr.drc:549
    Edges: 0 (flat)  0 (hierarchical)
    Elapsed: 0.230s  Memory: 1129.00M
"output" in: sky130A_mr.drc:549
    Edges: 0 (flat)  0 (hierarchical)
    Elapsed: 0.010s  Memory: 1129.00M
"space" in: sky130A_mr.drc:550
    Edge pairs: 0 (flat)  0 (hierarchical)
    Elapsed: 0.190s  Memory: 1129.00M
"output" in: sky130A_mr.drc:550
    Edge pairs: 0 (flat)  0 (hierarchical)
    Elapsed: 0.010s  Memory: 1129.00M
"enclosing" in: sky130A_mr.drc:558
    Edge pairs: 0 (flat)  0 (hierarchical)
    Elapsed: 0.130s  Memory: 1129.00M
"output" in: sky130A_mr.drc:558
    Edge pairs: 0 (flat)  0 (hierarchical)
    Elapsed: 0.010s  Memory: 1129.00M
"not" in: sky130A_mr.drc:559
    Polygons (raw): 0 (flat)  0 (hierarchical)
    Elapsed: 0.050s  Memory: 1129.00M
"output" in: sky130A_mr.drc:559
    Polygons (raw): 0 (flat)  0 (hierarchical)
    Elapsed: 0.010s  Memory: 1129.00M
"enclosing" in: sky130A_mr.drc:561
    Edge pairs: 368 (flat)  314 (hierarchical)
    Elapsed: 0.140s  Memory: 1129.00M
"second_edges" in: sky130A_mr.drc:561
    Edges: 368 (flat)  314 (hierarchical)
    Elapsed: 0.010s  Memory: 1129.00M
"width" in: sky130A_mr.drc:562
    Edge pairs: 0 (flat)  0 (hierarchical)
    Elapsed: 0.020s  Memory: 1129.00M
"polygons" in: sky130A_mr.drc:563
    Polygons (raw): 0 (flat)  0 (hierarchical)
    Elapsed: 0.010s  Memory: 1129.00M
"interacting" in: sky130A_mr.drc:563
    Polygons (raw): 0 (flat)  0 (hierarchical)
    Elapsed: 0.010s  Memory: 1129.00M
"output" in: sky130A_mr.drc:564
    Polygons (raw): 0 (flat)  0 (hierarchical)
    Elapsed: 0.010s  Memory: 1129.00M
END: 69/44 (via2)
START: 70/20 (m3)
"width" in: sky130A_mr.drc:570
    Edge pairs: 0 (flat)  0 (hierarchical)
    Elapsed: 0.020s  Memory: 1129.00M
"output" in: sky130A_mr.drc:570
    Edge pairs: 0 (flat)  0 (hierarchical)
    Elapsed: 0.010s  Memory: 1129.00M
"sized" in: sky130A_mr.drc:572
    Polygons (raw): 47 (flat)  46 (hierarchical)
    Elapsed: 0.010s  Memory: 1129.00M
"sized" in: sky130A_mr.drc:572
    Polygons (raw): 47 (flat)  46 (hierarchical)
    Elapsed: 0.010s  Memory: 1129.00M
"snap" in: sky130A_mr.drc:572
    Polygons (raw): 47 (flat)  46 (hierarchical)
    Elapsed: 0.010s  Memory: 1129.00M
"&" in: sky130A_mr.drc:572
    Polygons (raw): 61 (flat)  60 (hierarchical)
    Elapsed: 0.010s  Memory: 1129.00M
"edges" in: sky130A_mr.drc:573
    Edges: 2571 (flat)  2161 (hierarchical)
    Elapsed: 0.030s  Memory: 1129.00M
"-" in: sky130A_mr.drc:573
    Edges: 2206 (flat)  1809 (hierarchical)
    Elapsed: 0.030s  Memory: 1129.00M
"edges" in: sky130A_mr.drc:574
    Edges: 314 (flat)  310 (hierarchical)
    Elapsed: 0.020s  Memory: 1129.00M
"merged" in: sky130A_mr.drc:574
    Polygons (raw): 334 (flat)  282 (hierarchical)
    Elapsed: 0.010s  Memory: 1129.00M
"outside_part" in: sky130A_mr.drc:574
    Edges: 326 (flat)  321 (hierarchical)
    Elapsed: 0.020s  Memory: 1129.00M
"space" in: sky130A_mr.drc:576
    Edge pairs: 0 (flat)  0 (hierarchical)
    Elapsed: 0.030s  Memory: 1129.00M
"output" in: sky130A_mr.drc:576
    Edge pairs: 0 (flat)  0 (hierarchical)
    Elapsed: 0.010s  Memory: 1129.00M
"separation" in: sky130A_mr.drc:578
    Edge pairs: 0 (flat)  0 (hierarchical)
    Elapsed: 0.010s  Memory: 1129.00M
"space" in: sky130A_mr.drc:578
    Edge pairs: 0 (flat)  0 (hierarchical)
    Elapsed: 0.010s  Memory: 1129.00M
"+" in: sky130A_mr.drc:578
    Edge pairs: 0 (flat)  0 (hierarchical)
    Elapsed: 0.000s  Memory: 1129.00M
"output" in: sky130A_mr.drc:578
    Edge pairs: 0 (flat)  0 (hierarchical)
    Elapsed: 0.010s  Memory: 1129.00M
"enclosing" in: sky130A_mr.drc:583
    Edge pairs: 0 (flat)  0 (hierarchical)
    Elapsed: 0.270s  Memory: 1129.00M
"output" in: sky130A_mr.drc:583
    Edge pairs: 0 (flat)  0 (hierarchical)
    Elapsed: 0.010s  Memory: 1129.00M
"not" in: sky130A_mr.drc:584
    Polygons (raw): 0 (flat)  0 (hierarchical)
    Elapsed: 0.040s  Memory: 1129.00M
"output" in: sky130A_mr.drc:584
    Polygons (raw): 0 (flat)  0 (hierarchical)
    Elapsed: 0.010s  Memory: 1129.00M
END: 70/20 (m3)
START: 70/44 (via3)
"not" in: sky130A_mr.drc:598
    Polygons (raw): 88908 (flat)  82948 (hierarchical)
    Elapsed: 0.010s  Memory: 1129.00M
"non_rectangles" in: sky130A_mr.drc:599
    Polygons (raw): 0 (flat)  0 (hierarchical)
    Elapsed: 0.920s  Memory: 1138.00M
"output" in: sky130A_mr.drc:599
    Polygons (raw): 0 (flat)  0 (hierarchical)
    Elapsed: 0.010s  Memory: 1138.00M
"width" in: sky130A_mr.drc:600
    Edge pairs: 0 (flat)  0 (hierarchical)
    Elapsed: 0.120s  Memory: 1138.00M
"output" in: sky130A_mr.drc:600
    Edge pairs: 0 (flat)  0 (hierarchical)
    Elapsed: 0.010s  Memory: 1138.00M
"edges" in: sky130A_mr.drc:601
    Edges: 355632 (flat)  331792 (hierarchical)
    Elapsed: 0.660s  Memory: 1138.00M
"without_length" in: sky130A_mr.drc:601
    Edges: 0 (flat)  0 (hierarchical)
    Elapsed: 1.680s  Memory: 1220.00M
"output" in: sky130A_mr.drc:601
    Edges: 0 (flat)  0 (hierarchical)
    Elapsed: 0.010s  Memory: 1220.00M
"space" in: sky130A_mr.drc:603
    Edge pairs: 0 (flat)  0 (hierarchical)
    Elapsed: 1.270s  Memory: 1236.00M
"output" in: sky130A_mr.drc:603
    Edge pairs: 0 (flat)  0 (hierarchical)
    Elapsed: 0.000s  Memory: 1220.00M
"enclosing" in: sky130A_mr.drc:604
    Edge pairs: 0 (flat)  0 (hierarchical)
    Elapsed: 1.090s  Memory: 1220.00M
"output" in: sky130A_mr.drc:604
    Edge pairs: 0 (flat)  0 (hierarchical)
    Elapsed: 0.010s  Memory: 1220.00M
"not" in: sky130A_mr.drc:605
    Polygons (raw): 0 (flat)  0 (hierarchical)
    Elapsed: 0.280s  Memory: 1228.00M
"output" in: sky130A_mr.drc:605
    Polygons (raw): 0 (flat)  0 (hierarchical)
    Elapsed: 0.010s  Memory: 1220.00M
"enclosing" in: sky130A_mr.drc:607
    Edge pairs: 0 (flat)  0 (hierarchical)
    Elapsed: 1.100s  Memory: 1220.00M
"second_edges" in: sky130A_mr.drc:607
    Edges: 0 (flat)  0 (hierarchical)
    Elapsed: 0.010s  Memory: 1220.00M
"width" in: sky130A_mr.drc:608
    Edge pairs: 0 (flat)  0 (hierarchical)
    Elapsed: 0.010s  Memory: 1220.00M
"polygons" in: sky130A_mr.drc:609
    Polygons (raw): 0 (flat)  0 (hierarchical)
    Elapsed: 0.010s  Memory: 1220.00M
"interacting" in: sky130A_mr.drc:609
    Polygons (raw): 0 (flat)  0 (hierarchical)
    Elapsed: 0.030s  Memory: 1220.00M
"output" in: sky130A_mr.drc:610
    Polygons (raw): 0 (flat)  0 (hierarchical)
    Elapsed: 0.010s  Memory: 1220.00M
END: 70/44 (via3)
START: 71/20 (m4)
"width" in: sky130A_mr.drc:616
    Edge pairs: 0 (flat)  0 (hierarchical)
    Elapsed: 0.010s  Memory: 1220.00M
"output" in: sky130A_mr.drc:616
    Edge pairs: 0 (flat)  0 (hierarchical)
    Elapsed: 0.010s  Memory: 1220.00M
"sized" in: sky130A_mr.drc:618
    Polygons (raw): 44 (flat)  31 (hierarchical)
    Elapsed: 0.010s  Memory: 1220.00M
"sized" in: sky130A_mr.drc:618
    Polygons (raw): 44 (flat)  31 (hierarchical)
    Elapsed: 0.010s  Memory: 1220.00M
"snap" in: sky130A_mr.drc:618
    Polygons (raw): 44 (flat)  31 (hierarchical)
    Elapsed: 0.020s  Memory: 1220.00M
"&" in: sky130A_mr.drc:618
    Polygons (raw): 44 (flat)  31 (hierarchical)
    Elapsed: 0.020s  Memory: 1220.00M
"edges" in: sky130A_mr.drc:619
    Edges: 875 (flat)  514 (hierarchical)
    Elapsed: 0.020s  Memory: 1220.00M
"-" in: sky130A_mr.drc:619
    Edges: 602 (flat)  308 (hierarchical)
    Elapsed: 0.020s  Memory: 1220.00M
"edges" in: sky130A_mr.drc:620
    Edges: 236 (flat)  184 (hierarchical)
    Elapsed: 0.010s  Memory: 1220.00M
"merged" in: sky130A_mr.drc:620
    Polygons (raw): 88 (flat)  50 (hierarchical)
    Elapsed: 0.000s  Memory: 1220.00M
"outside_part" in: sky130A_mr.drc:620
    Edges: 258 (flat)  199 (hierarchical)
    Elapsed: 0.010s  Memory: 1220.00M
"space" in: sky130A_mr.drc:622
    Edge pairs: 0 (flat)  0 (hierarchical)
    Elapsed: 0.010s  Memory: 1220.00M
"output" in: sky130A_mr.drc:622
    Edge pairs: 0 (flat)  0 (hierarchical)
    Elapsed: 0.010s  Memory: 1220.00M
"with_area" in: sky130A_mr.drc:624
    Polygons (raw): 0 (flat)  0 (hierarchical)
    Elapsed: 0.010s  Memory: 1220.00M
"output" in: sky130A_mr.drc:624
    Polygons (raw): 0 (flat)  0 (hierarchical)
    Elapsed: 0.010s  Memory: 1220.00M
"separation" in: sky130A_mr.drc:626
    Edge pairs: 0 (flat)  0 (hierarchical)
    Elapsed: 0.010s  Memory: 1220.00M
"space" in: sky130A_mr.drc:626
    Edge pairs: 0 (flat)  0 (hierarchical)
    Elapsed: 0.020s  Memory: 1220.00M
"+" in: sky130A_mr.drc:626
    Edge pairs: 0 (flat)  0 (hierarchical)
    Elapsed: 0.000s  Memory: 1220.00M
"output" in: sky130A_mr.drc:626
    Edge pairs: 0 (flat)  0 (hierarchical)
    Elapsed: 0.000s  Memory: 1220.00M
"enclosing" in: sky130A_mr.drc:631
    Edge pairs: 0 (flat)  0 (hierarchical)
    Elapsed: 0.780s  Memory: 1220.00M
"output" in: sky130A_mr.drc:631
    Edge pairs: 0 (flat)  0 (hierarchical)
    Elapsed: 0.010s  Memory: 1220.00M
"not" in: sky130A_mr.drc:632
    Polygons (raw): 0 (flat)  0 (hierarchical)
    Elapsed: 0.310s  Memory: 1220.00M
"output" in: sky130A_mr.drc:632
    Polygons (raw): 0 (flat)  0 (hierarchical)
    Elapsed: 0.010s  Memory: 1220.00M
END: 71/20 (m4)
START: 71/44 (via4)
"not" in: sky130A_mr.drc:645
    Polygons (raw): 5736 (flat)  5610 (hierarchical)
    Elapsed: 0.010s  Memory: 1220.00M
"non_rectangles" in: sky130A_mr.drc:646
    Polygons (raw): 0 (flat)  0 (hierarchical)
    Elapsed: 0.070s  Memory: 1220.00M
"output" in: sky130A_mr.drc:646
    Polygons (raw): 0 (flat)  0 (hierarchical)
    Elapsed: 0.010s  Memory: 1220.00M
"width" in: sky130A_mr.drc:647
    Edge pairs: 0 (flat)  0 (hierarchical)
    Elapsed: 0.070s  Memory: 1220.00M
"output" in: sky130A_mr.drc:647
    Edge pairs: 0 (flat)  0 (hierarchical)
    Elapsed: 0.000s  Memory: 1220.00M
"drc" in: sky130A_mr.drc:648
    Edges: 0 (flat)  0 (hierarchical)
    Elapsed: 0.050s  Memory: 1236.00M
"output" in: sky130A_mr.drc:648
    Edges: 0 (flat)  0 (hierarchical)
    Elapsed: 0.010s  Memory: 1220.00M
"space" in: sky130A_mr.drc:650
    Edge pairs: 0 (flat)  0 (hierarchical)
    Elapsed: 0.030s  Memory: 1220.00M
"polygons" in: sky130A_mr.drc:650
    Polygons (raw): 0 (flat)  0 (hierarchical)
    Elapsed: 0.010s  Memory: 1220.00M
"output" in: sky130A_mr.drc:650
    Polygons (raw): 0 (flat)  0 (hierarchical)
    Elapsed: 0.010s  Memory: 1220.00M
"enclosing" in: sky130A_mr.drc:658
    Edge pairs: 0 (flat)  0 (hierarchical)
    Elapsed: 0.050s  Memory: 1220.00M
"output" in: sky130A_mr.drc:658
    Edge pairs: 0 (flat)  0 (hierarchical)
    Elapsed: 0.000s  Memory: 1220.00M
"not" in: sky130A_mr.drc:659
    Polygons (raw): 0 (flat)  0 (hierarchical)
    Elapsed: 0.040s  Memory: 1220.00M
"output" in: sky130A_mr.drc:659
    Polygons (raw): 0 (flat)  0 (hierarchical)
    Elapsed: 0.000s  Memory: 1220.00M
END: 71/44 (via4)
START: 72/20 (m5)
"width" in: sky130A_mr.drc:664
    Edge pairs: 0 (flat)  0 (hierarchical)
    Elapsed: 0.010s  Memory: 1220.00M
"output" in: sky130A_mr.drc:664
    Edge pairs: 0 (flat)  0 (hierarchical)
    Elapsed: 0.010s  Memory: 1220.00M
"space" in: sky130A_mr.drc:666
    Edge pairs: 0 (flat)  0 (hierarchical)
    Elapsed: 0.010s  Memory: 1236.00M
"output" in: sky130A_mr.drc:666
    Edge pairs: 0 (flat)  0 (hierarchical)
    Elapsed: 0.010s  Memory: 1220.00M
"enclosing" in: sky130A_mr.drc:668
    Edge pairs: 0 (flat)  0 (hierarchical)
    Elapsed: 0.080s  Memory: 1220.00M
"output" in: sky130A_mr.drc:668
    Edge pairs: 0 (flat)  0 (hierarchical)
    Elapsed: 0.010s  Memory: 1220.00M
"not" in: sky130A_mr.drc:669
    Polygons (raw): 0 (flat)  0 (hierarchical)
    Elapsed: 0.040s  Memory: 1220.00M
"output" in: sky130A_mr.drc:669
    Polygons (raw): 0 (flat)  0 (hierarchical)
    Elapsed: 0.010s  Memory: 1220.00M
"with_area" in: sky130A_mr.drc:673
    Polygons (raw): 0 (flat)  0 (hierarchical)
    Elapsed: 0.010s  Memory: 1220.00M
"output" in: sky130A_mr.drc:673
    Polygons (raw): 0 (flat)  0 (hierarchical)
    Elapsed: 0.000s  Memory: 1220.00M
END: 72/20 (m5)
START: 76/20 (pad)
"space" in: sky130A_mr.drc:678
    Edge pairs: 0 (flat)  0 (hierarchical)
    Elapsed: 0.010s  Memory: 1220.00M
"output" in: sky130A_mr.drc:678
    Edge pairs: 0 (flat)  0 (hierarchical)
    Elapsed: 0.000s  Memory: 1220.00M
END: 76/20 (pad)
Writing report database: /home/zexi/project/sloci_caravel/precheck_results/12_SEP_2022___13_36_36/outputs/reports/klayout_beol_check.xml ..
Total elapsed: 23.380s  Memory: 1218.00M
 
Cell exclusion list:
   rule    | cell
   nwell.6 | sky130_fd_io__gpiov2_amux, sky130_fd_io__simple_pad_and_busses, sram
   nsd.1   | sram
   nsd.2   | sram
   psd.1   | sram
   psd.2   | sram
 
release 2022.6.30_01.07
