/home/zexi/mpw_precheck/checks/tech-files/sky130A_mr.drc:48: warning: already initialized constant DRC::DRCEngine::FEOL
/home/zexi/mpw_precheck/checks/tech-files/sky130A_mr.drc:40: warning: previous definition of FEOL was here
/home/zexi/mpw_precheck/checks/tech-files/sky130A_mr.drc:56: warning: already initialized constant DRC::DRCEngine::BEOL
/home/zexi/mpw_precheck/checks/tech-files/sky130A_mr.drc:41: warning: previous definition of BEOL was here
/home/zexi/mpw_precheck/checks/tech-files/sky130A_mr.drc:62: warning: already initialized constant DRC::DRCEngine::OFFGRID
/home/zexi/mpw_precheck/checks/tech-files/sky130A_mr.drc:42: warning: previous definition of OFFGRID was here
/home/zexi/mpw_precheck/checks/tech-files/sky130A_mr.drc:68: warning: already initialized constant DRC::DRCEngine::SEAL
/home/zexi/mpw_precheck/checks/tech-files/sky130A_mr.drc:43: warning: previous definition of SEAL was here
/home/zexi/mpw_precheck/checks/tech-files/sky130A_mr.drc:74: warning: already initialized constant DRC::DRCEngine::FLOATING_MET
/home/zexi/mpw_precheck/checks/tech-files/sky130A_mr.drc:44: warning: previous definition of FLOATING_MET was here
"input" in: sky130A_mr.drc:124
    Polygons (raw): 507 (flat)  52 (hierarchical)
    Elapsed: 0.010s  Memory: 528.00M
"polygons" in: sky130A_mr.drc:125
    Polygons (raw): 1364 (flat)  170 (hierarchical)
    Elapsed: 0.010s  Memory: 528.00M
"polygons" in: sky130A_mr.drc:126
    Polygons (raw): 112 (flat)  36 (hierarchical)
    Elapsed: 0.010s  Memory: 528.00M
"polygons" in: sky130A_mr.drc:127
    Polygons (raw): 0 (flat)  0 (hierarchical)
    Elapsed: 0.010s  Memory: 528.00M
"polygons" in: sky130A_mr.drc:128
    Polygons (raw): 0 (flat)  0 (hierarchical)
    Elapsed: 0.010s  Memory: 528.00M
"polygons" in: sky130A_mr.drc:129
    Polygons (raw): 0 (flat)  0 (hierarchical)
    Elapsed: 0.010s  Memory: 528.00M
"polygons" in: sky130A_mr.drc:130
    Polygons (raw): 0 (flat)  0 (hierarchical)
    Elapsed: 0.010s  Memory: 528.00M
"polygons" in: sky130A_mr.drc:131
    Polygons (raw): 0 (flat)  0 (hierarchical)
    Elapsed: 0.000s  Memory: 528.00M
"polygons" in: sky130A_mr.drc:132
    Polygons (raw): 0 (flat)  0 (hierarchical)
    Elapsed: 0.010s  Memory: 528.00M
"polygons" in: sky130A_mr.drc:133
    Polygons (raw): 0 (flat)  0 (hierarchical)
    Elapsed: 0.010s  Memory: 528.00M
"polygons" in: sky130A_mr.drc:134
    Polygons (raw): 0 (flat)  0 (hierarchical)
    Elapsed: 0.010s  Memory: 528.00M
"polygons" in: sky130A_mr.drc:135
    Polygons (raw): 0 (flat)  0 (hierarchical)
    Elapsed: 0.010s  Memory: 528.00M
"polygons" in: sky130A_mr.drc:136
    Polygons (raw): 523 (flat)  49 (hierarchical)
    Elapsed: 0.010s  Memory: 528.00M
"polygons" in: sky130A_mr.drc:137
    Polygons (raw): 3092 (flat)  552 (hierarchical)
    Elapsed: 0.010s  Memory: 528.00M
"polygons" in: sky130A_mr.drc:138
    Polygons (raw): 0 (flat)  0 (hierarchical)
    Elapsed: 0.010s  Memory: 528.00M
"polygons" in: sky130A_mr.drc:139
    Polygons (raw): 683 (flat)  83 (hierarchical)
    Elapsed: 0.000s  Memory: 528.00M
"polygons" in: sky130A_mr.drc:140
    Polygons (raw): 943 (flat)  134 (hierarchical)
    Elapsed: 0.000s  Memory: 528.00M
"polygons" in: sky130A_mr.drc:141
    Polygons (raw): 32 (flat)  12 (hierarchical)
    Elapsed: 0.010s  Memory: 528.00M
"polygons" in: sky130A_mr.drc:142
    Polygons (raw): 1 (flat)  1 (hierarchical)
    Elapsed: 0.010s  Memory: 528.00M
"polygons" in: sky130A_mr.drc:143
    Polygons (raw): 3183 (flat)  497 (hierarchical)
    Elapsed: 0.010s  Memory: 528.00M
"polygons" in: sky130A_mr.drc:144
    Polygons (raw): 67685 (flat)  7972 (hierarchical)
    Elapsed: 0.020s  Memory: 528.00M
"polygons" in: sky130A_mr.drc:146
    Polygons (raw): 18004 (flat)  1645 (hierarchical)
    Elapsed: 0.010s  Memory: 528.00M
"polygons" in: sky130A_mr.drc:147
    Polygons (raw): 53602 (flat)  7485 (hierarchical)
    Elapsed: 0.020s  Memory: 528.00M
"polygons" in: sky130A_mr.drc:149
    Polygons (raw): 14242 (flat)  3745 (hierarchical)
    Elapsed: 0.010s  Memory: 528.00M
"polygons" in: sky130A_mr.drc:150
    Polygons (raw): 7063 (flat)  2969 (hierarchical)
    Elapsed: 0.020s  Memory: 528.00M
"polygons" in: sky130A_mr.drc:152
    Polygons (raw): 2819 (flat)  1329 (hierarchical)
    Elapsed: 0.010s  Memory: 528.00M
"polygons" in: sky130A_mr.drc:153
    Polygons (raw): 12714 (flat)  11541 (hierarchical)
    Elapsed: 0.020s  Memory: 529.00M
"polygons" in: sky130A_mr.drc:155
    Polygons (raw): 730 (flat)  580 (hierarchical)
    Elapsed: 0.010s  Memory: 529.00M
"polygons" in: sky130A_mr.drc:156
    Polygons (raw): 88908 (flat)  82922 (hierarchical)
    Elapsed: 0.090s  Memory: 533.00M
"polygons" in: sky130A_mr.drc:158
    Polygons (raw): 242 (flat)  130 (hierarchical)
    Elapsed: 0.010s  Memory: 533.00M
"polygons" in: sky130A_mr.drc:159
    Polygons (raw): 5736 (flat)  5589 (hierarchical)
    Elapsed: 0.010s  Memory: 533.00M
"polygons" in: sky130A_mr.drc:161
    Polygons (raw): 175 (flat)  63 (hierarchical)
    Elapsed: 0.010s  Memory: 533.00M
"polygons" in: sky130A_mr.drc:163
    Polygons (raw): 0 (flat)  0 (hierarchical)
    Elapsed: 0.010s  Memory: 533.00M
"polygons" in: sky130A_mr.drc:164
    Polygons (raw): 0 (flat)  0 (hierarchical)
    Elapsed: 0.010s  Memory: 533.00M
"polygons" in: sky130A_mr.drc:165
    Polygons (raw): 5 (flat)  3 (hierarchical)
    Elapsed: 0.010s  Memory: 533.00M
"polygons" in: sky130A_mr.drc:166
    Polygons (raw): 40 (flat)  5 (hierarchical)
    Elapsed: 0.010s  Memory: 533.00M
"polygons" in: sky130A_mr.drc:167
    Polygons (raw): 0 (flat)  0 (hierarchical)
    Elapsed: 0.000s  Memory: 533.00M
"polygons" in: sky130A_mr.drc:168
    Polygons (raw): 0 (flat)  0 (hierarchical)
    Elapsed: 0.000s  Memory: 533.00M
"polygons" in: sky130A_mr.drc:169
    Polygons (raw): 0 (flat)  0 (hierarchical)
    Elapsed: 0.010s  Memory: 533.00M
"polygons" in: sky130A_mr.drc:170
    Polygons (raw): 0 (flat)  0 (hierarchical)
    Elapsed: 0.010s  Memory: 533.00M
"polygons" in: sky130A_mr.drc:171
    Polygons (raw): 0 (flat)  0 (hierarchical)
    Elapsed: 0.010s  Memory: 533.00M
"polygons" in: sky130A_mr.drc:172
    Polygons (raw): 50 (flat)  1 (hierarchical)
    Elapsed: 0.010s  Memory: 533.00M
"polygons" in: sky130A_mr.drc:173
    Polygons (raw): 0 (flat)  0 (hierarchical)
    Elapsed: 0.000s  Memory: 533.00M
"polygons" in: sky130A_mr.drc:174
    Polygons (raw): 0 (flat)  0 (hierarchical)
    Elapsed: 0.020s  Memory: 533.00M
"polygons" in: sky130A_mr.drc:175
    Polygons (raw): 0 (flat)  0 (hierarchical)
    Elapsed: 0.010s  Memory: 533.00M
"polygons" in: sky130A_mr.drc:176
    Polygons (raw): 0 (flat)  0 (hierarchical)
    Elapsed: 0.000s  Memory: 533.00M
"polygons" in: sky130A_mr.drc:177
    Polygons (raw): 0 (flat)  0 (hierarchical)
    Elapsed: 0.010s  Memory: 533.00M
"polygons" in: sky130A_mr.drc:178
    Polygons (raw): 0 (flat)  0 (hierarchical)
    Elapsed: 0.010s  Memory: 533.00M
"polygons" in: sky130A_mr.drc:179
    Polygons (raw): 0 (flat)  0 (hierarchical)
    Elapsed: 0.010s  Memory: 533.00M
"polygons" in: sky130A_mr.drc:180
    Polygons (raw): 0 (flat)  0 (hierarchical)
    Elapsed: 0.010s  Memory: 533.00M
"polygons" in: sky130A_mr.drc:181
    Polygons (raw): 0 (flat)  0 (hierarchical)
    Elapsed: 0.010s  Memory: 533.00M
"polygons" in: sky130A_mr.drc:182
    Polygons (raw): 0 (flat)  0 (hierarchical)
    Elapsed: 0.010s  Memory: 533.00M
"polygons" in: sky130A_mr.drc:183
    Polygons (raw): 0 (flat)  0 (hierarchical)
    Elapsed: 0.000s  Memory: 533.00M
"polygons" in: sky130A_mr.drc:184
    Polygons (raw): 0 (flat)  0 (hierarchical)
    Elapsed: 0.010s  Memory: 533.00M
"polygons" in: sky130A_mr.drc:185
    Polygons (raw): 0 (flat)  0 (hierarchical)
    Elapsed: 0.010s  Memory: 533.00M
"polygons" in: sky130A_mr.drc:186
    Polygons (raw): 0 (flat)  0 (hierarchical)
    Elapsed: 0.010s  Memory: 533.00M
"polygons" in: sky130A_mr.drc:187
    Polygons (raw): 0 (flat)  0 (hierarchical)
    Elapsed: 0.010s  Memory: 533.00M
"polygons" in: sky130A_mr.drc:188
    Polygons (raw): 1 (flat)  1 (hierarchical)
    Elapsed: 0.010s  Memory: 533.00M
"polygons" in: sky130A_mr.drc:189
    Polygons (raw): 0 (flat)  0 (hierarchical)
    Elapsed: 0.010s  Memory: 533.00M
"polygons" in: sky130A_mr.drc:190
    Polygons (raw): 0 (flat)  0 (hierarchical)
    Elapsed: 0.000s  Memory: 533.00M
"polygons" in: sky130A_mr.drc:191
    Polygons (raw): 0 (flat)  0 (hierarchical)
    Elapsed: 0.010s  Memory: 533.00M
"polygons" in: sky130A_mr.drc:192
    Polygons (raw): 0 (flat)  0 (hierarchical)
    Elapsed: 0.010s  Memory: 533.00M
"polygons" in: sky130A_mr.drc:193
    Polygons (raw): 0 (flat)  0 (hierarchical)
    Elapsed: 0.010s  Memory: 533.00M
"polygons" in: sky130A_mr.drc:194
    Polygons (raw): 0 (flat)  0 (hierarchical)
    Elapsed: 0.010s  Memory: 533.00M
"polygons" in: sky130A_mr.drc:195
    Polygons (raw): 0 (flat)  0 (hierarchical)
    Elapsed: 0.010s  Memory: 533.00M
"polygons" in: sky130A_mr.drc:196
    Polygons (raw): 0 (flat)  0 (hierarchical)
    Elapsed: 0.010s  Memory: 533.00M
"polygons" in: sky130A_mr.drc:197
    Polygons (raw): 0 (flat)  0 (hierarchical)
    Elapsed: 0.000s  Memory: 533.00M
"polygons" in: sky130A_mr.drc:198
    Polygons (raw): 0 (flat)  0 (hierarchical)
    Elapsed: 0.010s  Memory: 533.00M
"polygons" in: sky130A_mr.drc:199
    Polygons (raw): 0 (flat)  0 (hierarchical)
    Elapsed: 0.010s  Memory: 533.00M
"polygons" in: sky130A_mr.drc:200
    Polygons (raw): 0 (flat)  0 (hierarchical)
    Elapsed: 0.010s  Memory: 533.00M
"polygons" in: sky130A_mr.drc:201
    Polygons (raw): 0 (flat)  0 (hierarchical)
    Elapsed: 0.010s  Memory: 533.00M
"polygons" in: sky130A_mr.drc:202
    Polygons (raw): 0 (flat)  0 (hierarchical)
    Elapsed: 0.010s  Memory: 533.00M
"polygons" in: sky130A_mr.drc:203
    Polygons (raw): 0 (flat)  0 (hierarchical)
    Elapsed: 0.010s  Memory: 533.00M
"polygons" in: sky130A_mr.drc:204
    Polygons (raw): 0 (flat)  0 (hierarchical)
    Elapsed: 0.010s  Memory: 533.00M
"polygons" in: sky130A_mr.drc:205
    Polygons (raw): 0 (flat)  0 (hierarchical)
    Elapsed: 0.000s  Memory: 533.00M
"polygons" in: sky130A_mr.drc:206
    Polygons (raw): 0 (flat)  0 (hierarchical)
    Elapsed: 0.010s  Memory: 533.00M
"polygons" in: sky130A_mr.drc:207
    Polygons (raw): 0 (flat)  0 (hierarchical)
    Elapsed: 0.010s  Memory: 533.00M
"polygons" in: sky130A_mr.drc:208
    Polygons (raw): 0 (flat)  0 (hierarchical)
    Elapsed: 0.010s  Memory: 533.00M
"polygons" in: sky130A_mr.drc:209
    Polygons (raw): 0 (flat)  0 (hierarchical)
    Elapsed: 0.010s  Memory: 533.00M
"polygons" in: sky130A_mr.drc:210
    Polygons (raw): 0 (flat)  0 (hierarchical)
    Elapsed: 0.010s  Memory: 533.00M
"polygons" in: sky130A_mr.drc:211
    Polygons (raw): 36 (flat)  16 (hierarchical)
    Elapsed: 0.010s  Memory: 533.00M
"polygons" in: sky130A_mr.drc:212
    Polygons (raw): 0 (flat)  0 (hierarchical)
    Elapsed: 0.010s  Memory: 533.00M
"polygons" in: sky130A_mr.drc:213
    Polygons (raw): 0 (flat)  0 (hierarchical)
    Elapsed: 0.000s  Memory: 533.00M
"polygons" in: sky130A_mr.drc:214
    Polygons (raw): 0 (flat)  0 (hierarchical)
    Elapsed: 0.010s  Memory: 533.00M
"polygons" in: sky130A_mr.drc:215
    Polygons (raw): 0 (flat)  0 (hierarchical)
    Elapsed: 0.010s  Memory: 533.00M
DRC section
FEOL section
START: 64/18 (dnwell)
"width" in: sky130A_mr.drc:241
    Edge pairs: 0 (flat)  0 (hierarchical)
    Elapsed: 0.010s  Memory: 533.00M
"output" in: sky130A_mr.drc:241
    Edge pairs: 0 (flat)  0 (hierarchical)
    Elapsed: 0.010s  Memory: 533.00M
END: 64/18 (dnwell)
"input" in: sky130A_mr.drc:245
    Polygons (raw): 683 (flat)  83 (hierarchical)
    Elapsed: 0.010s  Memory: 533.00M
"input" in: sky130A_mr.drc:246
    Polygons (raw): 943 (flat)  134 (hierarchical)
    Elapsed: 0.010s  Memory: 533.00M
"input" in: sky130A_mr.drc:247
    Polygons (raw): 112 (flat)  36 (hierarchical)
    Elapsed: 0.010s  Memory: 533.00M
"input" in: sky130A_mr.drc:252
    Polygons (raw): 112 (flat)  36 (hierarchical)
    Elapsed: 0.010s  Memory: 533.00M
START: 64/20 (nwell)
"width" in: sky130A_mr.drc:256
    Edge pairs: 0 (flat)  0 (hierarchical)
    Elapsed: 0.010s  Memory: 533.00M
"output" in: sky130A_mr.drc:256
    Edge pairs: 0 (flat)  0 (hierarchical)
    Elapsed: 0.010s  Memory: 533.00M
"space" in: sky130A_mr.drc:257
    Edge pairs: 0 (flat)  0 (hierarchical)
    Elapsed: 0.010s  Memory: 1077.00M
"output" in: sky130A_mr.drc:257
    Edge pairs: 0 (flat)  0 (hierarchical)
    Elapsed: 0.010s  Memory: 1077.00M
"and" in: sky130A_mr.drc:258
    Polygons (raw): 112 (flat)  36 (hierarchical)
    Elapsed: 0.010s  Memory: 1077.00M
"merge" in: sky130A_mr.drc:258
    Polygons (raw): 60 (flat)  9 (hierarchical)
    Elapsed: 0.010s  Memory: 1077.00M
"holes" in: sky130A_mr.drc:259
    Polygons (raw): 0 (flat)  0 (hierarchical)
    Elapsed: 0.010s  Memory: 1077.00M
"enclosing" in: sky130A_mr.drc:259
    Edge pairs: 0 (flat)  0 (hierarchical)
    Elapsed: 0.010s  Memory: 1077.00M
"output" in: sky130A_mr.drc:259
    Edge pairs: 0 (flat)  0 (hierarchical)
    Elapsed: 0.010s  Memory: 1077.00M
END: 64/20 (nwell)
START: 78/44 (hvtp)
"width" in: sky130A_mr.drc:264
    Edge pairs: 0 (flat)  0 (hierarchical)
    Elapsed: 0.010s  Memory: 1077.00M
"output" in: sky130A_mr.drc:264
    Edge pairs: 0 (flat)  0 (hierarchical)
    Elapsed: 0.010s  Memory: 1077.00M
"space" in: sky130A_mr.drc:265
    Edge pairs: 0 (flat)  0 (hierarchical)
    Elapsed: 0.010s  Memory: 1077.00M
"output" in: sky130A_mr.drc:265
    Edge pairs: 0 (flat)  0 (hierarchical)
    Elapsed: 0.010s  Memory: 1077.00M
END: 78/44 (hvtp)
START: 18/20 (htvr)
"width" in: sky130A_mr.drc:270
    Edge pairs: 0 (flat)  0 (hierarchical)
    Elapsed: 0.000s  Memory: 1077.00M
"output" in: sky130A_mr.drc:270
    Edge pairs: 0 (flat)  0 (hierarchical)
    Elapsed: 0.010s  Memory: 1077.00M
"separation" in: sky130A_mr.drc:271
    Edge pairs: 0 (flat)  0 (hierarchical)
    Elapsed: 0.010s  Memory: 1077.00M
"output" in: sky130A_mr.drc:271
    Edge pairs: 0 (flat)  0 (hierarchical)
    Elapsed: 0.010s  Memory: 1077.00M
"and" in: sky130A_mr.drc:272
    Polygons (raw): 0 (flat)  0 (hierarchical)
    Elapsed: 0.010s  Memory: 1077.00M
"output" in: sky130A_mr.drc:272
    Polygons (raw): 0 (flat)  0 (hierarchical)
    Elapsed: 0.010s  Memory: 1077.00M
END: 18/20 (htvr)
START: 25/44 (lvtn)
"width" in: sky130A_mr.drc:277
    Edge pairs: 0 (flat)  0 (hierarchical)
    Elapsed: 0.010s  Memory: 1077.00M
"output" in: sky130A_mr.drc:277
    Edge pairs: 0 (flat)  0 (hierarchical)
    Elapsed: 0.010s  Memory: 1077.00M
"space" in: sky130A_mr.drc:278
    Edge pairs: 0 (flat)  0 (hierarchical)
    Elapsed: 0.010s  Memory: 1077.00M
"output" in: sky130A_mr.drc:278
    Edge pairs: 0 (flat)  0 (hierarchical)
    Elapsed: 0.010s  Memory: 1077.00M
END: 25/44 (lvtn)
START: 92/44 (ncm)
"width" in: sky130A_mr.drc:283
    Edge pairs: 0 (flat)  0 (hierarchical)
    Elapsed: 0.010s  Memory: 1077.00M
"output" in: sky130A_mr.drc:283
    Edge pairs: 0 (flat)  0 (hierarchical)
    Elapsed: 0.010s  Memory: 1077.00M
"space" in: sky130A_mr.drc:284
    Edge pairs: 0 (flat)  0 (hierarchical)
    Elapsed: 0.010s  Memory: 1077.00M
"output" in: sky130A_mr.drc:284
    Edge pairs: 0 (flat)  0 (hierarchical)
    Elapsed: 0.000s  Memory: 1077.00M
END: 92/44 (ncm)
START: 65/20 (diff)
"or" in: sky130A_mr.drc:289
    Polygons (raw): 696 (flat)  90 (hierarchical)
    Elapsed: 0.020s  Memory: 1077.00M
"rectangles" in: sky130A_mr.drc:290
    Polygons (raw): 506 (flat)  56 (hierarchical)
    Elapsed: 0.010s  Memory: 1077.00M
"width" in: sky130A_mr.drc:290
    Edge pairs: 0 (flat)  0 (hierarchical)
    Elapsed: 0.010s  Memory: 1077.00M
"polygons" in: sky130A_mr.drc:290
    Polygons (raw): 0 (flat)  0 (hierarchical)
    Elapsed: 0.010s  Memory: 1077.00M
"edges" in: sky130A_mr.drc:291
    Edges: 0 (flat)  0 (hierarchical)
    Elapsed: 0.010s  Memory: 1077.00M
"outside_part" in: sky130A_mr.drc:291
    Edges: 0 (flat)  0 (hierarchical)
    Elapsed: 0.010s  Memory: 1077.00M
"outside" in: sky130A_mr.drc:291
    Polygons (raw): 0 (flat)  0 (hierarchical)
    Elapsed: 0.010s  Memory: 1077.00M
"edges" in: sky130A_mr.drc:291
    Edges: 0 (flat)  0 (hierarchical)
    Elapsed: 0.010s  Memory: 1077.00M
"not" in: sky130A_mr.drc:291
    Edges: 0 (flat)  0 (hierarchical)
    Elapsed: 0.010s  Memory: 1077.00M
"output" in: sky130A_mr.drc:292
    Edges: 0 (flat)  0 (hierarchical)
    Elapsed: 0.010s  Memory: 1077.00M
"outside" in: sky130A_mr.drc:293
    Polygons (raw): 506 (flat)  56 (hierarchical)
    Elapsed: 0.010s  Memory: 1077.00M
"width" in: sky130A_mr.drc:293
    Edge pairs: 0 (flat)  0 (hierarchical)
    Elapsed: 0.010s  Memory: 1077.00M
"output" in: sky130A_mr.drc:293
    Edge pairs: 0 (flat)  0 (hierarchical)
    Elapsed: 0.010s  Memory: 1077.00M
END: 65/20 (diff)
START: 65/44 (tap)
"rectangles" in: sky130A_mr.drc:297
    Polygons (raw): 0 (flat)  0 (hierarchical)
    Elapsed: 0.010s  Memory: 1077.00M
"width" in: sky130A_mr.drc:297
    Edge pairs: 0 (flat)  0 (hierarchical)
    Elapsed: 0.010s  Memory: 1077.00M
"polygons" in: sky130A_mr.drc:297
    Polygons (raw): 0 (flat)  0 (hierarchical)
    Elapsed: 0.010s  Memory: 1077.00M
"edges" in: sky130A_mr.drc:298
    Edges: 0 (flat)  0 (hierarchical)
    Elapsed: 0.010s  Memory: 1077.00M
"outside_part" in: sky130A_mr.drc:298
    Edges: 0 (flat)  0 (hierarchical)
    Elapsed: 0.010s  Memory: 1077.00M
"outside" in: sky130A_mr.drc:298
    Polygons (raw): 0 (flat)  0 (hierarchical)
    Elapsed: 0.010s  Memory: 1077.00M
"edges" in: sky130A_mr.drc:298
    Edges: 0 (flat)  0 (hierarchical)
    Elapsed: 0.010s  Memory: 1077.00M
"not" in: sky130A_mr.drc:298
    Edges: 0 (flat)  0 (hierarchical)
    Elapsed: 0.010s  Memory: 1077.00M
"output" in: sky130A_mr.drc:299
    Edges: 0 (flat)  0 (hierarchical)
    Elapsed: 0.010s  Memory: 1077.00M
"not" in: sky130A_mr.drc:300
    Polygons (raw): 1364 (flat)  170 (hierarchical)
    Elapsed: 0.010s  Memory: 1077.00M
"width" in: sky130A_mr.drc:300
    Edge pairs: 0 (flat)  0 (hierarchical)
    Elapsed: 0.010s  Memory: 1077.00M
"output" in: sky130A_mr.drc:300
    Edge pairs: 0 (flat)  0 (hierarchical)
    Elapsed: 0.010s  Memory: 1077.00M
END: 65/44 (tap)
"space" in: sky130A_mr.drc:303
    Edge pairs: 0 (flat)  0 (hierarchical)
    Elapsed: 0.050s  Memory: 1077.00M
"output" in: sky130A_mr.drc:303
    Edge pairs: 0 (flat)  0 (hierarchical)
    Elapsed: 0.010s  Memory: 1077.00M
START: 80/20 (tunm)
"width" in: sky130A_mr.drc:307
    Edge pairs: 0 (flat)  0 (hierarchical)
    Elapsed: 0.010s  Memory: 1077.00M
"output" in: sky130A_mr.drc:307
    Edge pairs: 0 (flat)  0 (hierarchical)
    Elapsed: 0.010s  Memory: 1077.00M
"space" in: sky130A_mr.drc:308
    Edge pairs: 0 (flat)  0 (hierarchical)
    Elapsed: 0.010s  Memory: 1077.00M
"output" in: sky130A_mr.drc:308
    Edge pairs: 0 (flat)  0 (hierarchical)
    Elapsed: 0.010s  Memory: 1077.00M
END: 80/20 (tunm)
START: 66/20 (poly)
"width" in: sky130A_mr.drc:313
    Edge pairs: 0 (flat)  0 (hierarchical)
    Elapsed: 0.010s  Memory: 1077.00M
"output" in: sky130A_mr.drc:313
    Edge pairs: 0 (flat)  0 (hierarchical)
    Elapsed: 0.010s  Memory: 1077.00M
"not" in: sky130A_mr.drc:314
    Polygons (raw): 3092 (flat)  552 (hierarchical)
    Elapsed: 0.010s  Memory: 1077.00M
"space" in: sky130A_mr.drc:314
    Edge pairs: 0 (flat)  0 (hierarchical)
    Elapsed: 0.020s  Memory: 1077.00M
"output" in: sky130A_mr.drc:314
    Edge pairs: 0 (flat)  0 (hierarchical)
    Elapsed: 0.000s  Memory: 1077.00M
START: 86/20 (rpm)
"width" in: sky130A_mr.drc:319
    Edge pairs: 0 (flat)  0 (hierarchical)
    Elapsed: 0.020s  Memory: 1077.00M
"output" in: sky130A_mr.drc:319
    Edge pairs: 0 (flat)  0 (hierarchical)
    Elapsed: 0.010s  Memory: 1077.00M
"space" in: sky130A_mr.drc:320
    Edge pairs: 0 (flat)  0 (hierarchical)
    Elapsed: 0.010s  Memory: 1077.00M
"output" in: sky130A_mr.drc:320
    Edge pairs: 0 (flat)  0 (hierarchical)
    Elapsed: 0.010s  Memory: 1077.00M
END: 86/20 (rpm)
START: 79/20 (urpm)
"width" in: sky130A_mr.drc:325
    Edge pairs: 0 (flat)  0 (hierarchical)
    Elapsed: 0.010s  Memory: 1077.00M
"output" in: sky130A_mr.drc:325
    Edge pairs: 0 (flat)  0 (hierarchical)
    Elapsed: 0.010s  Memory: 1077.00M
"space" in: sky130A_mr.drc:326
    Edge pairs: 0 (flat)  0 (hierarchical)
    Elapsed: 0.010s  Memory: 1077.00M
"output" in: sky130A_mr.drc:326
    Edge pairs: 0 (flat)  0 (hierarchical)
    Elapsed: 0.010s  Memory: 1077.00M
END: 79/20 (urpm)
START: 95/20 (npc)
"width" in: sky130A_mr.drc:331
    Edge pairs: 0 (flat)  0 (hierarchical)
    Elapsed: 0.010s  Memory: 1077.00M
"output" in: sky130A_mr.drc:331
    Edge pairs: 0 (flat)  0 (hierarchical)
    Elapsed: 0.000s  Memory: 1077.00M
"space" in: sky130A_mr.drc:332
    Edge pairs: 0 (flat)  0 (hierarchical)
    Elapsed: 0.010s  Memory: 1077.00M
"output" in: sky130A_mr.drc:332
    Edge pairs: 0 (flat)  0 (hierarchical)
    Elapsed: 0.010s  Memory: 1077.00M
END: 95/20 (npc)
START: 93/44 (nsdm)
"outside" in: sky130A_mr.drc:337
    Polygons (raw): 390 (flat)  40 (hierarchical)
    Elapsed: 0.010s  Memory: 1077.00M
"width" in: sky130A_mr.drc:337
    Edge pairs: 0 (flat)  0 (hierarchical)
    Elapsed: 0.010s  Memory: 1077.00M
"output" in: sky130A_mr.drc:337
    Edge pairs: 0 (flat)  0 (hierarchical)
    Elapsed: 0.010s  Memory: 1077.00M
"not" in: sky130A_mr.drc:338
    Polygons (raw): 683 (flat)  83 (hierarchical)
    Elapsed: 0.000s  Memory: 1077.00M
"space" in: sky130A_mr.drc:338
    Edge pairs: 0 (flat)  0 (hierarchical)
    Elapsed: 0.010s  Memory: 1077.00M
"output" in: sky130A_mr.drc:338
    Edge pairs: 0 (flat)  0 (hierarchical)
    Elapsed: 0.010s  Memory: 1077.00M
END: 93/44 (nsdm)
START: 94/20 (psdm)
"outside" in: sky130A_mr.drc:343
    Polygons (raw): 163 (flat)  57 (hierarchical)
    Elapsed: 0.020s  Memory: 1077.00M
"width" in: sky130A_mr.drc:343
    Edge pairs: 0 (flat)  0 (hierarchical)
    Elapsed: 0.010s  Memory: 1077.00M
"output" in: sky130A_mr.drc:343
    Edge pairs: 0 (flat)  0 (hierarchical)
    Elapsed: 0.010s  Memory: 1077.00M
"not" in: sky130A_mr.drc:344
    Polygons (raw): 943 (flat)  134 (hierarchical)
    Elapsed: 0.010s  Memory: 1077.00M
"space" in: sky130A_mr.drc:344
    Edge pairs: 1 (flat)  1 (hierarchical)
    Elapsed: 0.020s  Memory: 1077.00M
"output" in: sky130A_mr.drc:344
    Edge pairs: 1 (flat)  1 (hierarchical)
    Elapsed: 0.010s  Memory: 1077.00M
END: 94/20 (psdm)
START: 66/44 (licon)
"not" in: sky130A_mr.drc:355
    Polygons (raw): 3713 (flat)  887 (hierarchical)
    Elapsed: 0.030s  Memory: 1077.00M
"and" in: sky130A_mr.drc:356
    Polygons (raw): 59604 (flat)  7029 (hierarchical)
    Elapsed: 0.120s  Memory: 1077.00M
"interacting" in: sky130A_mr.drc:356
    Polygons (raw): 58452 (flat)  7381 (hierarchical)
    Elapsed: 0.160s  Memory: 1080.00M
"not" in: sky130A_mr.drc:357
    Polygons (raw): 58452 (flat)  7381 (hierarchical)
    Elapsed: 0.010s  Memory: 1080.00M
"non_rectangles" in: sky130A_mr.drc:358
    Polygons (raw): 0 (flat)  0 (hierarchical)
    Elapsed: 0.010s  Memory: 1080.00M
"output" in: sky130A_mr.drc:358
    Polygons (raw): 0 (flat)  0 (hierarchical)
    Elapsed: 0.000s  Memory: 1080.00M
"or" in: sky130A_mr.drc:359
    Polygons (raw): 31 (flat)  12 (hierarchical)
    Elapsed: 0.020s  Memory: 1080.00M
"not" in: sky130A_mr.drc:359
    Polygons (raw): 67293 (flat)  7808 (hierarchical)
    Elapsed: 0.020s  Memory: 1080.00M
"edges" in: sky130A_mr.drc:359
    Edges: 269172 (flat)  31232 (hierarchical)
    Elapsed: 0.060s  Memory: 1080.00M
"without_length" in: sky130A_mr.drc:359
    Edges: 0 (flat)  0 (hierarchical)
    Elapsed: 0.170s  Memory: 1096.00M
"output" in: sky130A_mr.drc:359
    Edges: 0 (flat)  0 (hierarchical)
    Elapsed: 0.010s  Memory: 1096.00M
"separation" in: sky130A_mr.drc:360
    Edge pairs: 0 (flat)  0 (hierarchical)
    Elapsed: 0.090s  Memory: 1096.00M
"output" in: sky130A_mr.drc:360
    Edge pairs: 0 (flat)  0 (hierarchical)
    Elapsed: 0.010s  Memory: 1096.00M
"and" in: sky130A_mr.drc:361
    Polygons (raw): 0 (flat)  0 (hierarchical)
    Elapsed: 0.010s  Memory: 1096.00M
"output" in: sky130A_mr.drc:361
    Polygons (raw): 0 (flat)  0 (hierarchical)
    Elapsed: 0.000s  Memory: 1096.00M
"interacting" in: sky130A_mr.drc:362
    Polygons (raw): 8081 (flat)  943 (hierarchical)
    Elapsed: 0.030s  Memory: 1096.00M
"interacting" in: sky130A_mr.drc:362
    Polygons (raw): 58452 (flat)  7381 (hierarchical)
    Elapsed: 0.410s  Memory: 1096.00M
"and" in: sky130A_mr.drc:362
    Polygons (raw): 0 (flat)  0 (hierarchical)
    Elapsed: 0.010s  Memory: 1096.00M
"output" in: sky130A_mr.drc:362
    Polygons (raw): 0 (flat)  0 (hierarchical)
    Elapsed: 0.010s  Memory: 1096.00M
END: 66/44 (licon)
START: 89/44 (capm)
"width" in: sky130A_mr.drc:367
    Edge pairs: 0 (flat)  0 (hierarchical)
    Elapsed: 0.010s  Memory: 1096.00M
"output" in: sky130A_mr.drc:367
    Edge pairs: 0 (flat)  0 (hierarchical)
    Elapsed: 0.010s  Memory: 1096.00M
"space" in: sky130A_mr.drc:368
    Edge pairs: 0 (flat)  0 (hierarchical)
    Elapsed: 0.010s  Memory: 1104.00M
"output" in: sky130A_mr.drc:368
    Edge pairs: 0 (flat)  0 (hierarchical)
    Elapsed: 0.010s  Memory: 1096.00M
"interacting" in: sky130A_mr.drc:369
    Polygons (raw): 4 (flat)  3 (hierarchical)
    Elapsed: 0.020s  Memory: 1096.00M
"isolated" in: sky130A_mr.drc:369
    Edge pairs: 0 (flat)  0 (hierarchical)
    Elapsed: 0.010s  Memory: 1096.00M
"output" in: sky130A_mr.drc:369
    Edge pairs: 0 (flat)  0 (hierarchical)
    Elapsed: 0.010s  Memory: 1096.00M
"interacting" in: sky130A_mr.drc:370
    Polygons (raw): 4 (flat)  3 (hierarchical)
    Elapsed: 0.010s  Memory: 1096.00M
"isolated" in: sky130A_mr.drc:370
    Edge pairs: 0 (flat)  0 (hierarchical)
    Elapsed: 0.010s  Memory: 1096.00M
"output" in: sky130A_mr.drc:370
    Edge pairs: 0 (flat)  0 (hierarchical)
    Elapsed: 0.010s  Memory: 1096.00M
"and" in: sky130A_mr.drc:371
    Polygons (raw): 5 (flat)  3 (hierarchical)
    Elapsed: 0.020s  Memory: 1096.00M
"enclosing" in: sky130A_mr.drc:371
    Edge pairs: 0 (flat)  0 (hierarchical)
    Elapsed: 0.010s  Memory: 1096.00M
"output" in: sky130A_mr.drc:371
    Edge pairs: 0 (flat)  0 (hierarchical)
    Elapsed: 0.010s  Memory: 1096.00M
"enclosing" in: sky130A_mr.drc:372
    Edge pairs: 0 (flat)  0 (hierarchical)
    Elapsed: 0.010s  Memory: 1096.00M
"output" in: sky130A_mr.drc:372
    Edge pairs: 0 (flat)  0 (hierarchical)
    Elapsed: 0.010s  Memory: 1096.00M
"enclosing" in: sky130A_mr.drc:373
    Edge pairs: 0 (flat)  0 (hierarchical)
    Elapsed: 0.070s  Memory: 1096.00M
"output" in: sky130A_mr.drc:373
    Edge pairs: 0 (flat)  0 (hierarchical)
    Elapsed: 0.010s  Memory: 1096.00M
"separation" in: sky130A_mr.drc:374
    Edge pairs: 0 (flat)  0 (hierarchical)
    Elapsed: 0.070s  Memory: 1096.00M
"output" in: sky130A_mr.drc:374
    Edge pairs: 0 (flat)  0 (hierarchical)
    Elapsed: 0.010s  Memory: 1096.00M
"not_interacting" in: sky130A_mr.drc:375
    Polygons (raw): 330 (flat)  273 (hierarchical)
    Elapsed: 0.020s  Memory: 1096.00M
"separation" in: sky130A_mr.drc:375
    Edge pairs: 0 (flat)  0 (hierarchical)
    Elapsed: 0.030s  Memory: 1096.00M
"output" in: sky130A_mr.drc:375
    Edge pairs: 0 (flat)  0 (hierarchical)
    Elapsed: 0.000s  Memory: 1096.00M
END: 89/44 (capm)
START: 97/44 (cap2m)
"width" in: sky130A_mr.drc:380
    Edge pairs: 0 (flat)  0 (hierarchical)
    Elapsed: 0.000s  Memory: 1096.00M
"output" in: sky130A_mr.drc:380
    Edge pairs: 0 (flat)  0 (hierarchical)
    Elapsed: 0.010s  Memory: 1096.00M
"space" in: sky130A_mr.drc:381
    Edge pairs: 0 (flat)  0 (hierarchical)
    Elapsed: 0.010s  Memory: 1096.00M
"output" in: sky130A_mr.drc:381
    Edge pairs: 0 (flat)  0 (hierarchical)
    Elapsed: 0.010s  Memory: 1096.00M
"interacting" in: sky130A_mr.drc:382
    Polygons (raw): 40 (flat)  5 (hierarchical)
    Elapsed: 0.010s  Memory: 1096.00M
"isolated" in: sky130A_mr.drc:382
    Edge pairs: 64 (flat)  8 (hierarchical)
    Elapsed: 0.020s  Memory: 1096.00M
"output" in: sky130A_mr.drc:382
    Edge pairs: 64 (flat)  8 (hierarchical)
    Elapsed: 0.010s  Memory: 1096.00M
"interacting" in: sky130A_mr.drc:383
    Polygons (raw): 40 (flat)  5 (hierarchical)
    Elapsed: 0.010s  Memory: 1096.00M
"isolated" in: sky130A_mr.drc:383
    Edge pairs: 64 (flat)  8 (hierarchical)
    Elapsed: 0.020s  Memory: 1096.00M
"output" in: sky130A_mr.drc:383
    Edge pairs: 64 (flat)  8 (hierarchical)
    Elapsed: 0.010s  Memory: 1096.00M
"and" in: sky130A_mr.drc:384
    Polygons (raw): 40 (flat)  5 (hierarchical)
    Elapsed: 0.010s  Memory: 1096.00M
"enclosing" in: sky130A_mr.drc:384
    Edge pairs: 0 (flat)  0 (hierarchical)
    Elapsed: 0.020s  Memory: 1096.00M
"output" in: sky130A_mr.drc:384
    Edge pairs: 0 (flat)  0 (hierarchical)
    Elapsed: 0.010s  Memory: 1096.00M
"enclosing" in: sky130A_mr.drc:385
    Edge pairs: 0 (flat)  0 (hierarchical)
    Elapsed: 0.010s  Memory: 1096.00M
"output" in: sky130A_mr.drc:385
    Edge pairs: 0 (flat)  0 (hierarchical)
    Elapsed: 0.000s  Memory: 1096.00M
"enclosing" in: sky130A_mr.drc:386
    Edge pairs: 0 (flat)  0 (hierarchical)
    Elapsed: 0.010s  Memory: 1096.00M
"output" in: sky130A_mr.drc:386
    Edge pairs: 0 (flat)  0 (hierarchical)
    Elapsed: 0.000s  Memory: 1096.00M
"separation" in: sky130A_mr.drc:387
    Edge pairs: 0 (flat)  0 (hierarchical)
    Elapsed: 0.010s  Memory: 1096.00M
"output" in: sky130A_mr.drc:387
    Edge pairs: 0 (flat)  0 (hierarchical)
    Elapsed: 0.000s  Memory: 1096.00M
"not_interacting" in: sky130A_mr.drc:388
    Polygons (raw): 48 (flat)  39 (hierarchical)
    Elapsed: 0.010s  Memory: 1096.00M
"separation" in: sky130A_mr.drc:388
    Edge pairs: 0 (flat)  0 (hierarchical)
    Elapsed: 0.010s  Memory: 1096.00M
"output" in: sky130A_mr.drc:388
    Edge pairs: 0 (flat)  0 (hierarchical)
    Elapsed: 0.000s  Memory: 1096.00M
END: 97/44 (cap2m)
FEOL section
START: 75/20 (hvi)
"not" in: sky130A_mr.drc:688
    Polygons (raw): 0 (flat)  0 (hierarchical)
    Elapsed: 0.010s  Memory: 1096.00M
"width" in: sky130A_mr.drc:689
    Edge pairs: 0 (flat)  0 (hierarchical)
    Elapsed: 0.010s  Memory: 1096.00M
"output" in: sky130A_mr.drc:689
    Edge pairs: 0 (flat)  0 (hierarchical)
    Elapsed: 0.010s  Memory: 1096.00M
"space" in: sky130A_mr.drc:690
    Edge pairs: 0 (flat)  0 (hierarchical)
    Elapsed: 0.010s  Memory: 1096.00M
"output" in: sky130A_mr.drc:690
    Edge pairs: 0 (flat)  0 (hierarchical)
    Elapsed: 0.010s  Memory: 1096.00M
END: 75/20 (hvi)
START: 125/20 (hvntm)
"not" in: sky130A_mr.drc:695
    Polygons (raw): 0 (flat)  0 (hierarchical)
    Elapsed: 0.010s  Memory: 1096.00M
"width" in: sky130A_mr.drc:696
    Edge pairs: 0 (flat)  0 (hierarchical)
    Elapsed: 0.010s  Memory: 1096.00M
"output" in: sky130A_mr.drc:696
    Edge pairs: 0 (flat)  0 (hierarchical)
    Elapsed: 0.010s  Memory: 1096.00M
"space" in: sky130A_mr.drc:697
    Edge pairs: 0 (flat)  0 (hierarchical)
    Elapsed: 0.010s  Memory: 1096.00M
"output" in: sky130A_mr.drc:697
    Edge pairs: 0 (flat)  0 (hierarchical)
    Elapsed: 0.000s  Memory: 1096.00M
END: 125/20 (hvntm)
Writing report database: /home/zexi/project/sloci_caravel/precheck_results/12_SEP_2022___13_36_36/outputs/reports/klayout_feol_check.xml ..
Total elapsed: 3.960s  Memory: 1094.00M
 
Cell exclusion list:
   rule    | cell
   nwell.6 | sky130_fd_io__gpiov2_amux, sky130_fd_io__simple_pad_and_busses, sram
   nsd.1   | sram
   nsd.2   | sram
   psd.1   | sram
   psd.2   | sram
 
release 2022.6.30_01.07
