2022-11-30 20:48:07 - [INFO] - {{EXTRACTING FILES}} Extracting compressed files in: /home/zexious/project/sloci_caravel_vco_fix
2022-11-30 20:48:07 - [INFO] - {{Project Type Info}} analog
2022-11-30 20:48:07 - [INFO] - {{Project GDS Info}} user_analog_project_wrapper: 43432ad7e6978190956c0d10b05eecdde05227d4
2022-11-30 20:48:07 - [INFO] - {{Tools Info}} KLayout: v0.27.10 | Magic: v8.3.315
2022-11-30 20:48:07 - [INFO] - {{PDKs Info}} SKY130B: f70d8ca46961ff92719d8870a18a076370b85f6c | Open PDKs: 120b0bd69c745825a0b8b76f364043a1cd08bb6a
2022-11-30 20:48:07 - [INFO] - {{START}} Precheck Started, the full log 'precheck.log' will be located in '/home/zexious/project/sloci_caravel_vco_fix/precheck_results/30_NOV_2022___20_48_07/logs'
2022-11-30 20:48:07 - [INFO] - {{PRECHECK SEQUENCE}} Precheck will run the following checks: [License, Makefile, Default, Documentation, Consistency, GPIO-Defines, XOR, Magic DRC, Klayout FEOL, Klayout BEOL, Klayout Offgrid, Klayout Metal Minimum Clear Area Density, Klayout Pin Label Purposes Overlapping Drawing, Klayout ZeroArea]
2022-11-30 20:48:07 - [INFO] - {{STEP UPDATE}} Executing Check 1 of 14: License
2022-11-30 20:48:08 - [INFO] - An approved LICENSE (Apache-2.0) was found in /home/zexious/project/sloci_caravel_vco_fix.
2022-11-30 20:48:08 - [INFO] - {{MAIN LICENSE CHECK PASSED}} An approved LICENSE was found in project root.
2022-11-30 20:48:09 - [INFO] - An approved LICENSE (Apache-2.0) was found in /home/zexious/project/sloci_caravel_vco_fix.
2022-11-30 20:48:09 - [INFO] - {{SUBMODULES LICENSE CHECK PASSED}} No prohibited LICENSE file(s) was found in project submodules
2022-11-30 20:48:09 - [ERROR] - SPDX COMPLIANCE FILE UNICODE DECODE EXCEPTION in (/home/zexious/project/sloci_caravel_vco_fix/.swp): 'utf-8' codec can't decode byte 0xb7 in position 4: invalid start byte
2022-11-30 20:48:09 - [ERROR] - SPDX COMPLIANCE SYMLINK FILE NOT FOUND in /home/zexious/project/sloci_caravel_vco_fix/openlane/Makefile
2022-11-30 20:48:09 - [WARNING] - {{SPDX COMPLIANCE CHECK FAILED}} Found 139 non-compliant file(s) with the SPDX Standard.
2022-11-30 20:48:09 - [INFO] - SPDX COMPLIANCE: NON-COMPLIANT FILE(S) PREVIEW: ['/home/zexious/project/sloci_caravel_vco_fix/sourceme_precheck', '/home/zexious/project/sloci_caravel_vco_fix/.gitattributes', '/home/zexious/project/sloci_caravel_vco_fix/mag/sky130A_setup.tcl', '/home/zexious/project/sloci_caravel_vco_fix/mag/sky130A-GDS.tech', '/home/zexious/project/sloci_caravel_vco_fix/mag/sky130_fd_pr__pfet_01v8_lvt_75KH85.ext', '/home/zexious/project/sloci_caravel_vco_fix/mag/netgen.sh', '/home/zexious/project/sloci_caravel_vco_fix/mag/sky130_fd_pr__res_high_po_2p85_MM89SS.ext', '/home/zexious/project/sloci_caravel_vco_fix/mag/cap_bank.ext', '/home/zexious/project/sloci_caravel_vco_fix/mag/sky130_fd_pr__cap_mim_m3_2_FJFAMD.ext', '/home/zexious/project/sloci_caravel_vco_fix/mag/sky130_fd_pr__cap_mim_m3_1_4RCNTW.ext', '/home/zexious/project/sloci_caravel_vco_fix/mag/sky130_fd_pr__nfet_01v8_lvt_YTLFGX.ext', '/home/zexious/project/sloci_caravel_vco_fix/mag/core_osc_amp.ext', '/home/zexious/project/sloci_caravel_vco_fix/mag/sky130_fd_pr__res_high_po_2p85_P79JE3.ext', '/home/zexious/project/sloci_caravel_vco_fix/mag/vop_dec.ext', '/home/zexious/project/sloci_caravel_vco_fix/mag/sky130A.tcl']
2022-11-30 20:48:09 - [INFO] - For the full SPDX compliance report check: /home/zexious/project/sloci_caravel_vco_fix/precheck_results/30_NOV_2022___20_48_07/logs/spdx_compliance_report.log
2022-11-30 20:48:09 - [INFO] - {{STEP UPDATE}} Executing Check 2 of 14: Makefile
2022-11-30 20:48:09 - [INFO] - {{MAKEFILE CHECK PASSED}} Makefile valid.
2022-11-30 20:48:09 - [INFO] - {{STEP UPDATE}} Executing Check 3 of 14: Default
2022-11-30 20:48:09 - [INFO] - {{README DEFAULT CHECK PASSED}} Project 'README.md' was modified and is not identical to the default 'README.md'
2022-11-30 20:48:09 - [INFO] - {{CONTENT DEFAULT CHECK PASSED}} Project 'gds' was modified and is not identical to the default 'gds'
2022-11-30 20:48:09 - [INFO] - {{STEP UPDATE}} Executing Check 4 of 14: Documentation
2022-11-30 20:48:09 - [INFO] - {{DOCUMENTATION CHECK PASSED}} Project documentation is appropriate.
2022-11-30 20:48:09 - [INFO] - {{STEP UPDATE}} Executing Check 5 of 14: Consistency
2022-11-30 20:48:11 - [INFO] - {{NETLIST CONSISTENCY CHECK PASSED}} caravan netlist passed all consistency checks.
2022-11-30 20:48:11 - [INFO] - PORTS CHECK PASSED: Netlist user_analog_project_wrapper ports match the golden wrapper ports
2022-11-30 20:48:11 - [INFO] - COMPLEXITY CHECK PASSED: Netlist user_analog_project_wrapper contains at least 1 instances (1 instances). 
2022-11-30 20:48:11 - [INFO] - MODELING CHECK PASSED: Netlist user_analog_project_wrapper is structural.
2022-11-30 20:48:11 - [WARNING] - LAYOUT CHECK FAILED: The GDS layout for user_analog_project_wrapper doesn't match the provided structural netlist. Mismatching modules are: ['BGR_lvs' 'TX_line' 'VCO' 'VGA_routing']
2022-11-30 20:48:11 - [WARNING] - {{NETLIST CONSISTENCY CHECK FAILED}} user_analog_project_wrapper netlist failed 1 consistency check(s): ['LAYOUT'].
2022-11-30 20:48:11 - [WARNING] - {{CONSISTENCY CHECK FAILED}} The user netlist and the top netlist are not valid.
2022-11-30 20:48:11 - [INFO] - {{STEP UPDATE}} Executing Check 6 of 14: GPIO-Defines
2022-11-30 20:48:11 - [INFO] - GPIO-DEFINES: Checking verilog/rtl/user_defines.v, parsing files: ['/home/zexious/mpw_precheck/checks/gpio_defines_check/verilog_assets/gpio_modes_base.v', '/home/zexious/project/sloci_caravel_vco_fix/verilog/rtl/user_defines.v', '/home/zexious/mpw_precheck/checks/gpio_defines_check/verilog_assets/gpio_modes_observe.v']
2022-11-30 20:48:12 - [INFO] - GPIO-DEFINES report path: /home/zexious/project/sloci_caravel_vco_fix/precheck_results/30_NOV_2022___20_48_07/outputs/reports/gpio_defines.report
2022-11-30 20:48:12 - [INFO] - {{GPIO-DEFINES CHECK PASSED}} The user verilog/rtl/user_defines.v is valid.
2022-11-30 20:48:12 - [INFO] - {{STEP UPDATE}} Executing Check 7 of 14: XOR
2022-11-30 20:48:30 - [INFO] - {{XOR CHECK UPDATE}} Total XOR differences: 0, for more details view /home/zexious/project/sloci_caravel_vco_fix/precheck_results/30_NOV_2022___20_48_07/outputs/user_analog_project_wrapper.xor.gds
2022-11-30 20:48:30 - [INFO] - {{XOR CHECK PASSED}} The GDS file has no XOR violations.
2022-11-30 20:48:30 - [INFO] - {{STEP UPDATE}} Executing Check 8 of 14: Magic DRC
2022-11-30 20:48:31 - [INFO] - 0 DRC violations
2022-11-30 20:48:31 - [INFO] - {{MAGIC DRC CHECK PASSED}} The GDS file, user_analog_project_wrapper.gds, has no DRC violations.
2022-11-30 20:48:31 - [INFO] - {{STEP UPDATE}} Executing Check 9 of 14: Klayout FEOL
2022-11-30 20:48:31 - [INFO] - in CUSTOM klayout_gds_drc_check
2022-11-30 20:48:31 - [INFO] - run: klayout -b -r /home/zexious/mpw_precheck/checks/tech-files/sky130B_mr.drc -rd input=/home/zexious/project/sloci_caravel_vco_fix/gds/user_analog_project_wrapper.gds -rd topcell=user_analog_project_wrapper -rd report=/home/zexious/project/sloci_caravel_vco_fix/precheck_results/30_NOV_2022___20_48_07/outputs/reports/klayout_feol_check.xml -rd feol=true >& /home/zexious/project/sloci_caravel_vco_fix/precheck_results/30_NOV_2022___20_48_07/logs/klayout_feol_check.log
2022-11-30 20:48:32 - [ERROR] - ERROR klayout_feol FAILED, stat=1, see /home/zexious/project/sloci_caravel_vco_fix/precheck_results/30_NOV_2022___20_48_07/logs/klayout_feol_check.log
2022-11-30 20:48:32 - [WARNING] - {{Klayout FEOL CHECK FAILED}} The GDS file, user_analog_project_wrapper.gds, has DRC violations.
2022-11-30 20:48:32 - [INFO] - {{STEP UPDATE}} Executing Check 10 of 14: Klayout BEOL
2022-11-30 20:48:32 - [INFO] - in CUSTOM klayout_gds_drc_check
2022-11-30 20:48:32 - [INFO] - run: klayout -b -r /home/zexious/mpw_precheck/checks/tech-files/sky130B_mr.drc -rd input=/home/zexious/project/sloci_caravel_vco_fix/gds/user_analog_project_wrapper.gds -rd topcell=user_analog_project_wrapper -rd report=/home/zexious/project/sloci_caravel_vco_fix/precheck_results/30_NOV_2022___20_48_07/outputs/reports/klayout_beol_check.xml -rd beol=true >& /home/zexious/project/sloci_caravel_vco_fix/precheck_results/30_NOV_2022___20_48_07/logs/klayout_beol_check.log
2022-11-30 20:48:33 - [ERROR] - ERROR klayout_beol FAILED, stat=1, see /home/zexious/project/sloci_caravel_vco_fix/precheck_results/30_NOV_2022___20_48_07/logs/klayout_beol_check.log
2022-11-30 20:48:33 - [WARNING] - {{Klayout BEOL CHECK FAILED}} The GDS file, user_analog_project_wrapper.gds, has DRC violations.
2022-11-30 20:48:33 - [INFO] - {{STEP UPDATE}} Executing Check 11 of 14: Klayout Offgrid
2022-11-30 20:48:33 - [INFO] - in CUSTOM klayout_gds_drc_check
2022-11-30 20:48:33 - [INFO] - run: klayout -b -r /home/zexious/mpw_precheck/checks/tech-files/sky130B_mr.drc -rd input=/home/zexious/project/sloci_caravel_vco_fix/gds/user_analog_project_wrapper.gds -rd topcell=user_analog_project_wrapper -rd report=/home/zexious/project/sloci_caravel_vco_fix/precheck_results/30_NOV_2022___20_48_07/outputs/reports/klayout_offgrid_check.xml -rd offgrid=true >& /home/zexious/project/sloci_caravel_vco_fix/precheck_results/30_NOV_2022___20_48_07/logs/klayout_offgrid_check.log
2022-11-30 20:48:34 - [ERROR] - ERROR klayout_offgrid FAILED, stat=1, see /home/zexious/project/sloci_caravel_vco_fix/precheck_results/30_NOV_2022___20_48_07/logs/klayout_offgrid_check.log
2022-11-30 20:48:34 - [WARNING] - {{Klayout Offgrid CHECK FAILED}} The GDS file, user_analog_project_wrapper.gds, has DRC violations.
2022-11-30 20:48:34 - [INFO] - {{STEP UPDATE}} Executing Check 12 of 14: Klayout Metal Minimum Clear Area Density
2022-11-30 20:48:34 - [INFO] - in CUSTOM klayout_gds_drc_check
2022-11-30 20:48:34 - [INFO] - run: klayout -b -r /home/zexious/mpw_precheck/checks/drc_checks/klayout/met_min_ca_density.lydrc -rd input=/home/zexious/project/sloci_caravel_vco_fix/gds/user_analog_project_wrapper.gds -rd topcell=user_analog_project_wrapper -rd report=/home/zexious/project/sloci_caravel_vco_fix/precheck_results/30_NOV_2022___20_48_07/outputs/reports/klayout_met_min_ca_density_check.xml >& /home/zexious/project/sloci_caravel_vco_fix/precheck_results/30_NOV_2022___20_48_07/logs/klayout_met_min_ca_density_check.log
2022-11-30 20:48:36 - [INFO] - No DRC Violations found
2022-11-30 20:48:36 - [INFO] - {{Klayout Metal Minimum Clear Area Density CHECK PASSED}} The GDS file, user_analog_project_wrapper.gds, has no DRC violations.
2022-11-30 20:48:36 - [INFO] - {{STEP UPDATE}} Executing Check 13 of 14: Klayout Pin Label Purposes Overlapping Drawing
2022-11-30 20:48:36 - [INFO] - in CUSTOM klayout_gds_drc_check
2022-11-30 20:48:36 - [INFO] - run: klayout -b -r /home/zexious/mpw_precheck/checks/drc_checks/klayout/pin_label_purposes_overlapping_drawing.rb.drc -rd input=/home/zexious/project/sloci_caravel_vco_fix/gds/user_analog_project_wrapper.gds -rd topcell=user_analog_project_wrapper -rd report=/home/zexious/project/sloci_caravel_vco_fix/precheck_results/30_NOV_2022___20_48_07/outputs/reports/klayout_pin_label_purposes_overlapping_drawing_check.xml -rd top_cell_name=user_analog_project_wrapper >& /home/zexious/project/sloci_caravel_vco_fix/precheck_results/30_NOV_2022___20_48_07/logs/klayout_pin_label_purposes_overlapping_drawing_check.log
2022-11-30 20:48:40 - [ERROR] - ERROR klayout_pin_label_purposes_overlapping_drawing FAILED, stat=2, see /home/zexious/project/sloci_caravel_vco_fix/precheck_results/30_NOV_2022___20_48_07/logs/klayout_pin_label_purposes_overlapping_drawing_check.log
2022-11-30 20:48:40 - [WARNING] - {{Klayout Pin Label Purposes Overlapping Drawing CHECK FAILED}} The GDS file, user_analog_project_wrapper.gds, has DRC violations.
2022-11-30 20:48:40 - [INFO] - {{STEP UPDATE}} Executing Check 14 of 14: Klayout ZeroArea
2022-11-30 20:48:40 - [INFO] - in CUSTOM klayout_gds_drc_check
2022-11-30 20:48:40 - [INFO] - run: klayout -b -r /home/zexious/mpw_precheck/checks/drc_checks/klayout/zeroarea.rb.drc -rd input=/home/zexious/project/sloci_caravel_vco_fix/gds/user_analog_project_wrapper.gds -rd topcell=user_analog_project_wrapper -rd report=/home/zexious/project/sloci_caravel_vco_fix/precheck_results/30_NOV_2022___20_48_07/outputs/reports/klayout_zeroarea_check.xml -rd cleaned_output=/home/zexious/project/sloci_caravel_vco_fix/precheck_results/30_NOV_2022___20_48_07/outputs/user_analog_project_wrapper_no_zero_areas.gds >& /home/zexious/project/sloci_caravel_vco_fix/precheck_results/30_NOV_2022___20_48_07/logs/klayout_zeroarea_check.log
2022-11-30 20:48:45 - [INFO] - No DRC Violations found
2022-11-30 20:48:45 - [INFO] - {{Klayout ZeroArea CHECK PASSED}} The GDS file, user_analog_project_wrapper.gds, has no DRC violations.
2022-11-30 20:48:45 - [INFO] - {{FINISH}} Executing Finished, the full log 'precheck.log' can be found in '/home/zexious/project/sloci_caravel_vco_fix/precheck_results/30_NOV_2022___20_48_07/logs'
2022-11-30 20:48:45 - [CRITICAL] - {{FAILURE}} 5 Check(s) Failed: ['Consistency', 'Klayout FEOL', 'Klayout BEOL', 'Klayout Offgrid', 'Klayout Pin Label Purposes Overlapping Drawing'] !!!
