/home/zexious/project/sloci_caravel_vco_fix/sourceme_precheck
/home/zexious/project/sloci_caravel_vco_fix/.gitattributes
/home/zexious/project/sloci_caravel_vco_fix/mag/sky130A_setup.tcl
/home/zexious/project/sloci_caravel_vco_fix/mag/sky130A-GDS.tech
/home/zexious/project/sloci_caravel_vco_fix/mag/sky130_fd_pr__pfet_01v8_lvt_75KH85.ext
/home/zexious/project/sloci_caravel_vco_fix/mag/netgen.sh
/home/zexious/project/sloci_caravel_vco_fix/mag/sky130_fd_pr__res_high_po_2p85_MM89SS.ext
/home/zexious/project/sloci_caravel_vco_fix/mag/cap_bank.ext
/home/zexious/project/sloci_caravel_vco_fix/mag/sky130_fd_pr__cap_mim_m3_2_FJFAMD.ext
/home/zexious/project/sloci_caravel_vco_fix/mag/sky130_fd_pr__cap_mim_m3_1_4RCNTW.ext
/home/zexious/project/sloci_caravel_vco_fix/mag/sky130_fd_pr__nfet_01v8_lvt_YTLFGX.ext
/home/zexious/project/sloci_caravel_vco_fix/mag/core_osc_amp.ext
/home/zexious/project/sloci_caravel_vco_fix/mag/sky130_fd_pr__res_high_po_2p85_P79JE3.ext
/home/zexious/project/sloci_caravel_vco_fix/mag/vop_dec.ext
/home/zexious/project/sloci_caravel_vco_fix/mag/sky130A.tcl
/home/zexious/project/sloci_caravel_vco_fix/mag/sky130_fd_pr__pfet_01v8_lvt_D3M934.ext
/home/zexious/project/sloci_caravel_vco_fix/mag/sky130_fd_pr__cap_mim_m3_2_WCTZRP.ext
/home/zexious/project/sloci_caravel_vco_fix/mag/sky130A-BindKeys
/home/zexious/project/sloci_caravel_vco_fix/mag/sky130A.magicrc
/home/zexious/project/sloci_caravel_vco_fix/mag/sky130_fd_pr__nfet_01v8_lvt_DJ7QE5.ext
/home/zexious/project/sloci_caravel_vco_fix/mag/sky130_fd_pr__cap_mim_m3_2_WCTBV5.ext
/home/zexious/project/sloci_caravel_vco_fix/mag/lvs.tcl
/home/zexious/project/sloci_caravel_vco_fix/mag/amp_dec.ext
/home/zexious/project/sloci_caravel_vco_fix/mag/sky130_fd_pr__nfet_01v8_lvt_LELFGX.ext
/home/zexious/project/sloci_caravel_vco_fix/mag/sky130_fd_pr__cap_mim_m3_2_3ZFDVT.ext
/home/zexious/project/sloci_caravel_vco_fix/mag/buffer_amp.ext
/home/zexious/project/sloci_caravel_vco_fix/mag/sky130_fd_pr__res_high_po_5p73_YZEQ6M.ext
/home/zexious/project/sloci_caravel_vco_fix/mag/sky130_fd_pr__pfet_01v8_lvt_D3Z634.ext
/home/zexious/project/sloci_caravel_vco_fix/mag/sky130_fd_pr__nfet_01v8_lvt_648S5X.ext
/home/zexious/project/sloci_caravel_vco_fix/mag/sky130_fd_pr__res_high_po_2p85_MXEQGY.ext
/home/zexious/project/sloci_caravel_vco_fix/mag/sky130_fd_pr__nfet_01v8_lvt_BX7S53.ext
/home/zexious/project/sloci_caravel_vco_fix/mag/sky130_fd_pr__pfet_01v8_lvt_D3ZSZ4.ext
/home/zexious/project/sloci_caravel_vco_fix/mag/sky130_fd_pr__nfet_01v8_lvt_HNLS5R.ext
/home/zexious/project/sloci_caravel_vco_fix/mag/sky130_fd_pr__nfet_01v8_lvt_B6HS5D.ext
/home/zexious/project/sloci_caravel_vco_fix/mag/sky130A.tech
/home/zexious/project/sloci_caravel_vco_fix/mag/sky130_fd_pr__cap_mim_m3_2_VCH7EQ.ext
/home/zexious/project/sloci_caravel_vco_fix/mag/compare_out
/home/zexious/project/sloci_caravel_vco_fix/mag/VCO.ext
/home/zexious/project/sloci_caravel_vco_fix/mag/buffer_amp_vop.ext
/home/zexious/project/sloci_caravel_vco_fix/mag/user_analog_project_wrapper.ext
/home/zexious/project/sloci_caravel_vco_fix/mag/sky130_fd_pr__nfet_01v8_lvt_9DHFGX.ext
/home/zexious/project/sloci_caravel_vco_fix/mag/core_osc.ext
/home/zexious/project/sloci_caravel_vco_fix/mag/bias_calc.ext
/home/zexious/project/sloci_caravel_vco_fix/mag/sky130_fd_pr__res_high_po_5p73_W59YBA.ext
/home/zexious/project/sloci_caravel_vco_fix/mag/sky130_fd_pr__nfet_01v8_lvt_6BNFGK.ext
/home/zexious/project/sloci_caravel_vco_fix/mag/output_buffer.ext
/home/zexious/project/sloci_caravel_vco_fix/configs/xschemrc
/home/zexious/project/sloci_caravel_vco_fix/configs/sourceme
/home/zexious/project/sloci_caravel_vco_fix/xschem/user_analog_project_wrapper.sym
/home/zexious/project/sloci_caravel_vco_fix/xschem/buffer_amp_vop.sch
/home/zexious/project/sloci_caravel_vco_fix/xschem/xschemrc
/home/zexious/project/sloci_caravel_vco_fix/xschem/vop_dec.sch
/home/zexious/project/sloci_caravel_vco_fix/xschem/BGR_lvs.sch
/home/zexious/project/sloci_caravel_vco_fix/xschem/output_buffer.sch
/home/zexious/project/sloci_caravel_vco_fix/xschem/output_buffer.sym
/home/zexious/project/sloci_caravel_vco_fix/xschem/tb_BGR_pvt_lvs.sch
/home/zexious/project/sloci_caravel_vco_fix/xschem/Tx_line.sch
/home/zexious/project/sloci_caravel_vco_fix/xschem/bias_calc.sch
/home/zexious/project/sloci_caravel_vco_fix/xschem/core_osc_amp.sym
/home/zexious/project/sloci_caravel_vco_fix/xschem/Tx_line.sym
/home/zexious/project/sloci_caravel_vco_fix/xschem/amp_dec.sch
/home/zexious/project/sloci_caravel_vco_fix/xschem/tb_BGR_tran_lvs.sch
/home/zexious/project/sloci_caravel_vco_fix/xschem/VCO.sym
/home/zexious/project/sloci_caravel_vco_fix/xschem/BGR_lvs.sym
/home/zexious/project/sloci_caravel_vco_fix/xschem/topLevel.sym
/home/zexious/project/sloci_caravel_vco_fix/xschem/core_osc.sym
/home/zexious/project/sloci_caravel_vco_fix/xschem/buffer_amp.sym
/home/zexious/project/sloci_caravel_vco_fix/xschem/opamp_realcomp3_usefinger.sym
/home/zexious/project/sloci_caravel_vco_fix/xschem/bias_calc.sym
/home/zexious/project/sloci_caravel_vco_fix/xschem/buffer_amp.sch
/home/zexious/project/sloci_caravel_vco_fix/xschem/vop_dec.sym
/home/zexious/project/sloci_caravel_vco_fix/xschem/core_osc.sch
/home/zexious/project/sloci_caravel_vco_fix/xschem/core_osc_amp.sch
/home/zexious/project/sloci_caravel_vco_fix/xschem/.spiceinit
/home/zexious/project/sloci_caravel_vco_fix/xschem/buffer_amp_vop.sym
/home/zexious/project/sloci_caravel_vco_fix/xschem/cap_bank.sym
/home/zexious/project/sloci_caravel_vco_fix/xschem/user_analog_project_wrapper.sch
/home/zexious/project/sloci_caravel_vco_fix/xschem/topLevel.sch
/home/zexious/project/sloci_caravel_vco_fix/xschem/opamp_realcomp3_usefinger.sch
/home/zexious/project/sloci_caravel_vco_fix/xschem/cap_bank.sch
/home/zexious/project/sloci_caravel_vco_fix/xschem/VCO.sch
/home/zexious/project/sloci_caravel_vco_fix/xschem/amp_dec.sym
/home/zexious/project/sloci_caravel_vco_fix/xschem/sourceme
/home/zexious/project/sloci_caravel_vco_fix/xml_results/13_SEP_2022___00_25_04/outputs/reports/magic_drc_check.drc.report
/home/zexious/project/sloci_caravel_vco_fix/xml_results/13_SEP_2022___00_25_04/logs/klayout_pin_label_purposes_overlapping_drawing_check.total
/home/zexious/project/sloci_caravel_vco_fix/xml_results/13_SEP_2022___00_25_04/logs/klayout_zeroarea_check.total
/home/zexious/project/sloci_caravel_vco_fix/xml_results/13_SEP_2022___00_25_04/logs/klayout_offgrid_check.total
/home/zexious/project/sloci_caravel_vco_fix/xml_results/13_SEP_2022___00_25_04/logs/klayout_feol_check.total
/home/zexious/project/sloci_caravel_vco_fix/xml_results/13_SEP_2022___00_25_04/logs/magic_drc_check.total
/home/zexious/project/sloci_caravel_vco_fix/xml_results/13_SEP_2022___00_25_04/logs/tools.info
/home/zexious/project/sloci_caravel_vco_fix/xml_results/13_SEP_2022___00_25_04/logs/xor_check.total
/home/zexious/project/sloci_caravel_vco_fix/xml_results/13_SEP_2022___00_25_04/logs/klayout_beol_check.total
/home/zexious/project/sloci_caravel_vco_fix/xml_results/13_SEP_2022___00_25_04/logs/klayout_met_min_ca_density_check.total
/home/zexious/project/sloci_caravel_vco_fix/xml_results/13_SEP_2022___00_25_04/logs/gds.info
/home/zexious/project/sloci_caravel_vco_fix/xml_results/12_SEP_2022___23_37_05/outputs/reports/magic_drc_check.drc.report
/home/zexious/project/sloci_caravel_vco_fix/xml_results/12_SEP_2022___23_37_05/logs/klayout_pin_label_purposes_overlapping_drawing_check.total
/home/zexious/project/sloci_caravel_vco_fix/xml_results/12_SEP_2022___23_37_05/logs/klayout_zeroarea_check.total
/home/zexious/project/sloci_caravel_vco_fix/xml_results/12_SEP_2022___23_37_05/logs/klayout_offgrid_check.total
/home/zexious/project/sloci_caravel_vco_fix/xml_results/12_SEP_2022___23_37_05/logs/klayout_feol_check.total
/home/zexious/project/sloci_caravel_vco_fix/xml_results/12_SEP_2022___23_37_05/logs/magic_drc_check.total
/home/zexious/project/sloci_caravel_vco_fix/xml_results/12_SEP_2022___23_37_05/logs/tools.info
/home/zexious/project/sloci_caravel_vco_fix/xml_results/12_SEP_2022___23_37_05/logs/xor_check.total
/home/zexious/project/sloci_caravel_vco_fix/xml_results/12_SEP_2022___23_37_05/logs/klayout_beol_check.total
/home/zexious/project/sloci_caravel_vco_fix/xml_results/12_SEP_2022___23_37_05/logs/klayout_met_min_ca_density_check.total
/home/zexious/project/sloci_caravel_vco_fix/xml_results/12_SEP_2022___23_37_05/logs/gds.info
/home/zexious/project/sloci_caravel_vco_fix/xml_results/13_SEP_2022___00_53_58/outputs/reports/magic_drc_check.drc.report
/home/zexious/project/sloci_caravel_vco_fix/xml_results/13_SEP_2022___00_53_58/logs/klayout_pin_label_purposes_overlapping_drawing_check.total
/home/zexious/project/sloci_caravel_vco_fix/xml_results/13_SEP_2022___00_53_58/logs/klayout_zeroarea_check.total
/home/zexious/project/sloci_caravel_vco_fix/xml_results/13_SEP_2022___00_53_58/logs/klayout_offgrid_check.total
/home/zexious/project/sloci_caravel_vco_fix/xml_results/13_SEP_2022___00_53_58/logs/klayout_feol_check.total
/home/zexious/project/sloci_caravel_vco_fix/xml_results/13_SEP_2022___00_53_58/logs/magic_drc_check.total
/home/zexious/project/sloci_caravel_vco_fix/xml_results/13_SEP_2022___00_53_58/logs/tools.info
/home/zexious/project/sloci_caravel_vco_fix/xml_results/13_SEP_2022___00_53_58/logs/xor_check.total
/home/zexious/project/sloci_caravel_vco_fix/xml_results/13_SEP_2022___00_53_58/logs/klayout_beol_check.total
/home/zexious/project/sloci_caravel_vco_fix/xml_results/13_SEP_2022___00_53_58/logs/klayout_met_min_ca_density_check.total
/home/zexious/project/sloci_caravel_vco_fix/xml_results/13_SEP_2022___00_53_58/logs/gds.info
/home/zexious/project/sloci_caravel_vco_fix/xml_results/12_SEP_2022___22_10_28/outputs/reports/magic_drc_check.drc.report
/home/zexious/project/sloci_caravel_vco_fix/xml_results/12_SEP_2022___22_10_28/logs/klayout_pin_label_purposes_overlapping_drawing_check.total
/home/zexious/project/sloci_caravel_vco_fix/xml_results/12_SEP_2022___22_10_28/logs/klayout_zeroarea_check.total
/home/zexious/project/sloci_caravel_vco_fix/xml_results/12_SEP_2022___22_10_28/logs/klayout_offgrid_check.total
/home/zexious/project/sloci_caravel_vco_fix/xml_results/12_SEP_2022___22_10_28/logs/klayout_feol_check.total
/home/zexious/project/sloci_caravel_vco_fix/xml_results/12_SEP_2022___22_10_28/logs/magic_drc_check.total
/home/zexious/project/sloci_caravel_vco_fix/xml_results/12_SEP_2022___22_10_28/logs/tools.info
/home/zexious/project/sloci_caravel_vco_fix/xml_results/12_SEP_2022___22_10_28/logs/xor_check.total
/home/zexious/project/sloci_caravel_vco_fix/xml_results/12_SEP_2022___22_10_28/logs/klayout_beol_check.total
/home/zexious/project/sloci_caravel_vco_fix/xml_results/12_SEP_2022___22_10_28/logs/klayout_met_min_ca_density_check.total
/home/zexious/project/sloci_caravel_vco_fix/xml_results/12_SEP_2022___22_10_28/logs/gds.info
/home/zexious/project/sloci_caravel_vco_fix/docs/how_to_add_large_file
/home/zexious/project/sloci_caravel_vco_fix/drc/klayout_pin_label_purposes_overlapping_drawing_check.total
/home/zexious/project/sloci_caravel_vco_fix/drc/klayout_zeroarea_check.total
/home/zexious/project/sloci_caravel_vco_fix/drc/klayout_offgrid_check.total
/home/zexious/project/sloci_caravel_vco_fix/drc/klayout_feol_check.total
/home/zexious/project/sloci_caravel_vco_fix/drc/magic_drc_check.total
/home/zexious/project/sloci_caravel_vco_fix/drc/tools.info
/home/zexious/project/sloci_caravel_vco_fix/drc/xor_check.total
/home/zexious/project/sloci_caravel_vco_fix/drc/klayout_beol_check.total
/home/zexious/project/sloci_caravel_vco_fix/drc/sky130A.lyp
/home/zexious/project/sloci_caravel_vco_fix/drc/klayout_met_min_ca_density_check.total
/home/zexious/project/sloci_caravel_vco_fix/drc/gds.info
