2022-09-12 23:37:05 - [INFO] - {{EXTRACTING FILES}} Extracting compressed files in: /home/zexi/project/sloci_caravel
2022-09-12 23:37:05 - [INFO] - {{Project Type Info}} analog
2022-09-12 23:37:05 - [INFO] - {{Project GDS Info}} user_analog_project_wrapper: ce3001b9f028e4a991d0682bb9dab836ee017a20
2022-09-12 23:37:05 - [INFO] - {{Tools Info}} KLayout: v0.27.10 | Magic: v8.3.315
2022-09-12 23:37:05 - [ERROR] - MPW Precheck failed to get Open PDKs & Skywater PDK versions: Command '['git', '-C', '/pdk/open_pdks', 'rev-parse', '--verify', 'HEAD']' returned non-zero exit status 128.
2022-09-12 23:37:05 - [INFO] - {{START}} Precheck Started, the full log 'precheck.log' will be located in '/home/zexi/project/sloci_caravel/precheck_results/12_SEP_2022___23_37_05/logs'
2022-09-12 23:37:05 - [INFO] - {{PRECHECK SEQUENCE}} Precheck will run the following checks: [License, Makefile, Default, Documentation, Consistency, XOR, Magic DRC, Klayout FEOL, Klayout BEOL, Klayout Offgrid, Klayout Metal Minimum Clear Area Density, Klayout Pin Label Purposes Overlapping Drawing, Klayout ZeroArea]
2022-09-12 23:37:05 - [INFO] - {{STEP UPDATE}} Executing Check 1 of 13: License
2022-09-12 23:37:08 - [INFO] - An approved LICENSE (Apache-2.0) was found in /home/zexi/project/sloci_caravel.
2022-09-12 23:37:08 - [INFO] - {{MAIN LICENSE CHECK PASSED}} An approved LICENSE was found in project root.
2022-09-12 23:37:10 - [INFO] - An approved LICENSE (Apache-2.0) was found in /home/zexi/project/sloci_caravel.
2022-09-12 23:37:11 - [INFO] - {{SUBMODULES LICENSE CHECK PASSED}} No prohibited LICENSE file(s) was found in project submodules
2022-09-12 23:37:11 - [INFO] - {{SPDX COMPLIANCE CHECK PASSED}} Project is compliant with the SPDX Standard
2022-09-12 23:37:11 - [INFO] - {{STEP UPDATE}} Executing Check 2 of 13: Makefile
2022-09-12 23:37:11 - [INFO] - {{MAKEFILE CHECK PASSED}} Makefile valid.
2022-09-12 23:37:11 - [INFO] - {{STEP UPDATE}} Executing Check 3 of 13: Default
2022-09-12 23:37:11 - [INFO] - {{README DEFAULT CHECK PASSED}} Project 'README.md' was modified and is not identical to the default 'README.md'
2022-09-12 23:37:11 - [INFO] - {{CONTENT DEFAULT CHECK PASSED}} Project 'gds' was modified and is not identical to the default 'gds'
2022-09-12 23:37:11 - [INFO] - {{STEP UPDATE}} Executing Check 4 of 13: Documentation
2022-09-12 23:37:11 - [INFO] - {{DOCUMENTATION CHECK PASSED}} Project documentation is appropriate.
2022-09-12 23:37:11 - [INFO] - {{STEP UPDATE}} Executing Check 5 of 13: Consistency
2022-09-12 23:37:16 - [INFO] - HIERARCHY CHECK PASSED: Module user_analog_project_wrapper is instantiated in caravan. 
2022-09-12 23:37:16 - [INFO] - COMPLEXITY CHECK PASSED: Netlist caravan contains at least 8 instances (68 instances). 
2022-09-12 23:37:16 - [INFO] - MODELING CHECK PASSED: Netlist caravan is structural.
2022-09-12 23:37:16 - [INFO] - SUBMODULE HOOKS CHECK PASSED: All module ports for user_analog_project_wrapper are correctly connected in the top level netlist caravan.
2022-09-12 23:37:16 - [INFO] - {{NETLIST CONSISTENCY CHECK PASSED}} caravan netlist passed all consistency checks.
2022-09-12 23:37:16 - [WARNING] - PORTS CHECK FAILED: user_analog_project_wrapper ports do not match the golden wrapper ports. Mismatching ports are : ['gpio_analog[12]', 'io_clamp_high[2]', 'vccd2', 'vssa2']
2022-09-12 23:37:16 - [INFO] - COMPLEXITY CHECK PASSED: Netlist user_analog_project_wrapper contains at least 1 instances (1 instances). 
2022-09-12 23:37:16 - [INFO] - MODELING CHECK PASSED: Netlist user_analog_project_wrapper is structural.
2022-09-12 23:37:16 - [WARNING] - LAYOUT CHECK FAILED: The GDS layout for user_analog_project_wrapper doesn't match the provided structural netlist. Mismatching modules are: ['BGR_lvs' 'VCO']
2022-09-12 23:37:16 - [WARNING] - {{NETLIST CONSISTENCY CHECK FAILED}} user_analog_project_wrapper netlist failed 2 consistency check(s): ['PORTS', 'LAYOUT'].
2022-09-12 23:37:16 - [WARNING] - {{CONSISTENCY CHECK FAILED}} The user netlist and the top netlist are not valid.
2022-09-12 23:37:16 - [INFO] - {{STEP UPDATE}} Executing Check 6 of 13: XOR
2022-09-12 23:37:21 - [INFO] - {{XOR CHECK UPDATE}} Total XOR differences: 0, for more details view /home/zexi/project/sloci_caravel/precheck_results/12_SEP_2022___23_37_05/outputs/user_analog_project_wrapper.xor.gds
2022-09-12 23:37:21 - [INFO] - {{XOR CHECK PASSED}} The GDS file has no XOR violations.
2022-09-12 23:37:21 - [INFO] - {{STEP UPDATE}} Executing Check 7 of 13: Magic DRC
2022-09-12 23:37:21 - [INFO] - 0 DRC violations
2022-09-12 23:37:21 - [INFO] - {{MAGIC DRC CHECK PASSED}} The GDS file, user_analog_project_wrapper.gds, has no DRC violations.
2022-09-12 23:37:21 - [INFO] - {{STEP UPDATE}} Executing Check 8 of 13: Klayout FEOL
2022-09-12 23:37:26 - [ERROR] - Total # of DRC violations is 19 Please check /home/zexi/project/sloci_caravel/precheck_results/12_SEP_2022___23_37_05/outputs/reports/klayout_feol_check.xml For more details
2022-09-12 23:37:26 - [WARNING] - {{Klayout FEOL CHECK FAILED}} The GDS file, user_analog_project_wrapper.gds, has DRC violations.
2022-09-12 23:37:26 - [INFO] - {{STEP UPDATE}} Executing Check 9 of 13: Klayout BEOL
2022-09-12 23:37:50 - [ERROR] - Total # of DRC violations is 2 Please check /home/zexi/project/sloci_caravel/precheck_results/12_SEP_2022___23_37_05/outputs/reports/klayout_beol_check.xml For more details
2022-09-12 23:37:50 - [WARNING] - {{Klayout BEOL CHECK FAILED}} The GDS file, user_analog_project_wrapper.gds, has DRC violations.
2022-09-12 23:37:50 - [INFO] - {{STEP UPDATE}} Executing Check 10 of 13: Klayout Offgrid
2022-09-12 23:37:56 - [INFO] - No DRC Violations found
2022-09-12 23:37:56 - [INFO] - {{Klayout Offgrid CHECK PASSED}} The GDS file, user_analog_project_wrapper.gds, has no DRC violations.
2022-09-12 23:37:56 - [INFO] - {{STEP UPDATE}} Executing Check 11 of 13: Klayout Metal Minimum Clear Area Density
2022-09-12 23:37:58 - [INFO] - No DRC Violations found
2022-09-12 23:37:58 - [INFO] - {{Klayout Metal Minimum Clear Area Density CHECK PASSED}} The GDS file, user_analog_project_wrapper.gds, has no DRC violations.
2022-09-12 23:37:58 - [INFO] - {{STEP UPDATE}} Executing Check 12 of 13: Klayout Pin Label Purposes Overlapping Drawing
2022-09-12 23:38:01 - [ERROR] - Total # of DRC violations is 1 Please check /home/zexi/project/sloci_caravel/precheck_results/12_SEP_2022___23_37_05/outputs/reports/klayout_pin_label_purposes_overlapping_drawing_check.xml For more details
2022-09-12 23:38:01 - [WARNING] - {{Klayout Pin Label Purposes Overlapping Drawing CHECK FAILED}} The GDS file, user_analog_project_wrapper.gds, has DRC violations.
2022-09-12 23:38:01 - [INFO] - {{STEP UPDATE}} Executing Check 13 of 13: Klayout ZeroArea
2022-09-12 23:38:03 - [INFO] - No DRC Violations found
2022-09-12 23:38:03 - [INFO] - {{Klayout ZeroArea CHECK PASSED}} The GDS file, user_analog_project_wrapper.gds, has no DRC violations.
2022-09-12 23:38:03 - [INFO] - {{FINISH}} Executing Finished, the full log 'precheck.log' can be found in '/home/zexi/project/sloci_caravel/precheck_results/12_SEP_2022___23_37_05/logs'
2022-09-12 23:38:03 - [CRITICAL] - {{FAILURE}} 4 Check(s) Failed: ['Consistency', 'Klayout FEOL', 'Klayout BEOL', 'Klayout Pin Label Purposes Overlapping Drawing'] !!!
