"polygons" in: met_min_ca_density.lydrc:35
    Polygons (raw): 38484 (flat)  2556 (hierarchical)
    Elapsed: 0.010s  Memory: 595.00M
"polygons" in: met_min_ca_density.lydrc:36
    Polygons (raw): 110570 (flat)  10496 (hierarchical)
    Elapsed: 0.010s  Memory: 595.00M
"polygons" in: met_min_ca_density.lydrc:38
    Polygons (raw): 45392 (flat)  6651 (hierarchical)
    Elapsed: 0.010s  Memory: 595.00M
"polygons" in: met_min_ca_density.lydrc:39
    Polygons (raw): 891221 (flat)  869747 (hierarchical)
    Elapsed: 0.330s  Memory: 611.00M
"polygons" in: met_min_ca_density.lydrc:41
    Polygons (raw): 17052 (flat)  4774 (hierarchical)
    Elapsed: 0.010s  Memory: 611.00M
"polygons" in: met_min_ca_density.lydrc:42
    Polygons (raw): 767691 (flat)  760268 (hierarchical)
    Elapsed: 0.300s  Memory: 644.00M
"polygons" in: met_min_ca_density.lydrc:44
    Polygons (raw): 1873 (flat)  1000 (hierarchical)
    Elapsed: 0.010s  Memory: 644.00M
"polygons" in: met_min_ca_density.lydrc:45
    Polygons (raw): 1157201 (flat)  854952 (hierarchical)
    Elapsed: 0.320s  Memory: 661.00M
"polygons" in: met_min_ca_density.lydrc:47
    Polygons (raw): 970 (flat)  255 (hierarchical)
    Elapsed: 0.010s  Memory: 661.00M
"polygons" in: met_min_ca_density.lydrc:48
    Polygons (raw): 0 (flat)  0 (hierarchical)
    Elapsed: 0.000s  Memory: 661.00M
"polygons" in: met_min_ca_density.lydrc:49
    Polygons (raw): 59598 (flat)  59308 (hierarchical)
    Elapsed: 0.030s  Memory: 661.00M
"polygons" in: met_min_ca_density.lydrc:51
    Polygons (raw): 288 (flat)  102 (hierarchical)
    Elapsed: 0.000s  Memory: 661.00M
"input" in: met_min_ca_density.lydrc:53
    Polygons (raw): 753 (flat)  64 (hierarchical)
    Elapsed: 0.010s  Memory: 661.00M
"area" in: met_min_ca_density.lydrc:55
    Elapsed: 0.020s  Memory: 661.00M
"polygons" in: met_min_ca_density.lydrc:59
    Polygons (raw): 38484 (flat)  2556 (hierarchical)
    Elapsed: 0.000s  Memory: 661.00M
"area" in: met_min_ca_density.lydrc:59
    Elapsed: 0.050s  Memory: 661.00M
li1_ca_density is 0.9982514958748766
"polygons" in: met_min_ca_density.lydrc:69
    Polygons (raw): 45392 (flat)  6651 (hierarchical)
    Elapsed: 0.010s  Memory: 661.00M
"area" in: met_min_ca_density.lydrc:69
    Elapsed: 0.080s  Memory: 661.00M
m1_ca_density is 0.9367977271257859
"polygons" in: met_min_ca_density.lydrc:79
    Polygons (raw): 17052 (flat)  4774 (hierarchical)
    Elapsed: 0.010s  Memory: 661.00M
"area" in: met_min_ca_density.lydrc:79
    Elapsed: 0.030s  Memory: 661.00M
m2_ca_density is 0.980980848549567
"polygons" in: met_min_ca_density.lydrc:89
    Polygons (raw): 1873 (flat)  1000 (hierarchical)
    Elapsed: 0.000s  Memory: 661.00M
"area" in: met_min_ca_density.lydrc:89
    Elapsed: 0.020s  Memory: 661.00M
m3_ca_density is 0.9631000013734483
"polygons" in: met_min_ca_density.lydrc:99
    Polygons (raw): 970 (flat)  255 (hierarchical)
    Elapsed: 0.000s  Memory: 661.00M
"area" in: met_min_ca_density.lydrc:99
    Elapsed: 0.010s  Memory: 661.00M
m4_ca_density is 0.9059463596004657
"polygons" in: met_min_ca_density.lydrc:109
    Polygons (raw): 288 (flat)  102 (hierarchical)
    Elapsed: 0.010s  Memory: 661.00M
"area" in: met_min_ca_density.lydrc:109
    Elapsed: 0.010s  Memory: 661.00M
m5_ca_density is 0.9372455412464089
Writing report database: /home/zexious/project/sloci_caravel/precheck_results/01_DEC_2022___22_11_28/outputs/reports/klayout_met_min_ca_density_check.xml ..
Total elapsed: 1.910s  Memory: 613.00M
