/home/zexious/mpw_precheck/checks/tech-files/sky130A_mr.drc:50: warning: already initialized constant DRC::DRCEngine::FEOL
/home/zexious/mpw_precheck/checks/tech-files/sky130A_mr.drc:40: warning: previous definition of FEOL was here
/home/zexious/mpw_precheck/checks/tech-files/sky130A_mr.drc:54: warning: already initialized constant DRC::DRCEngine::BEOL
/home/zexious/mpw_precheck/checks/tech-files/sky130A_mr.drc:41: warning: previous definition of BEOL was here
/home/zexious/mpw_precheck/checks/tech-files/sky130A_mr.drc:62: warning: already initialized constant DRC::DRCEngine::OFFGRID
/home/zexious/mpw_precheck/checks/tech-files/sky130A_mr.drc:42: warning: previous definition of OFFGRID was here
/home/zexious/mpw_precheck/checks/tech-files/sky130A_mr.drc:68: warning: already initialized constant DRC::DRCEngine::SEAL
/home/zexious/mpw_precheck/checks/tech-files/sky130A_mr.drc:43: warning: previous definition of SEAL was here
/home/zexious/mpw_precheck/checks/tech-files/sky130A_mr.drc:74: warning: already initialized constant DRC::DRCEngine::FLOATING_MET
/home/zexious/mpw_precheck/checks/tech-files/sky130A_mr.drc:44: warning: previous definition of FLOATING_MET was here
"input" in: sky130A_mr.drc:124
    Polygons (raw): 1324 (flat)  125 (hierarchical)
    Elapsed: 0.000s  Memory: 598.00M
"polygons" in: sky130A_mr.drc:125
    Polygons (raw): 3300 (flat)  246 (hierarchical)
    Elapsed: 0.020s  Memory: 598.00M
"polygons" in: sky130A_mr.drc:126
    Polygons (raw): 191 (flat)  38 (hierarchical)
    Elapsed: 0.010s  Memory: 598.00M
"polygons" in: sky130A_mr.drc:127
    Polygons (raw): 0 (flat)  0 (hierarchical)
    Elapsed: 0.000s  Memory: 598.00M
"polygons" in: sky130A_mr.drc:128
    Polygons (raw): 0 (flat)  0 (hierarchical)
    Elapsed: 0.010s  Memory: 598.00M
"polygons" in: sky130A_mr.drc:129
    Polygons (raw): 0 (flat)  0 (hierarchical)
    Elapsed: 0.000s  Memory: 598.00M
"polygons" in: sky130A_mr.drc:130
    Polygons (raw): 0 (flat)  0 (hierarchical)
    Elapsed: 0.010s  Memory: 598.00M
"polygons" in: sky130A_mr.drc:131
    Polygons (raw): 0 (flat)  0 (hierarchical)
    Elapsed: 0.000s  Memory: 598.00M
"polygons" in: sky130A_mr.drc:132
    Polygons (raw): 0 (flat)  0 (hierarchical)
    Elapsed: 0.010s  Memory: 598.00M
"polygons" in: sky130A_mr.drc:133
    Polygons (raw): 0 (flat)  0 (hierarchical)
    Elapsed: 0.000s  Memory: 598.00M
"polygons" in: sky130A_mr.drc:134
    Polygons (raw): 0 (flat)  0 (hierarchical)
    Elapsed: 0.010s  Memory: 598.00M
"polygons" in: sky130A_mr.drc:135
    Polygons (raw): 0 (flat)  0 (hierarchical)
    Elapsed: 0.000s  Memory: 598.00M
"polygons" in: sky130A_mr.drc:136
    Polygons (raw): 1327 (flat)  119 (hierarchical)
    Elapsed: 0.010s  Memory: 598.00M
"polygons" in: sky130A_mr.drc:137
    Polygons (raw): 18599 (flat)  1177 (hierarchical)
    Elapsed: 0.000s  Memory: 598.00M
"polygons" in: sky130A_mr.drc:138
    Polygons (raw): 0 (flat)  0 (hierarchical)
    Elapsed: 0.010s  Memory: 598.00M
"polygons" in: sky130A_mr.drc:139
    Polygons (raw): 1555 (flat)  155 (hierarchical)
    Elapsed: 0.010s  Memory: 598.00M
"polygons" in: sky130A_mr.drc:140
    Polygons (raw): 2765 (flat)  250 (hierarchical)
    Elapsed: 0.000s  Memory: 598.00M
"polygons" in: sky130A_mr.drc:141
    Polygons (raw): 80 (flat)  14 (hierarchical)
    Elapsed: 0.010s  Memory: 598.00M
"polygons" in: sky130A_mr.drc:142
    Polygons (raw): 105 (flat)  4 (hierarchical)
    Elapsed: 0.000s  Memory: 598.00M
"polygons" in: sky130A_mr.drc:143
    Polygons (raw): 11590 (flat)  815 (hierarchical)
    Elapsed: 0.010s  Memory: 598.00M
"polygons" in: sky130A_mr.drc:144
    Polygons (raw): 151687 (flat)  11558 (hierarchical)
    Elapsed: 0.010s  Memory: 598.00M
"polygons" in: sky130A_mr.drc:146
    Polygons (raw): 38334 (flat)  2553 (hierarchical)
    Elapsed: 0.010s  Memory: 598.00M
"polygons" in: sky130A_mr.drc:147
    Polygons (raw): 110570 (flat)  10496 (hierarchical)
    Elapsed: 0.010s  Memory: 598.00M
"polygons" in: sky130A_mr.drc:149
    Polygons (raw): 45390 (flat)  6650 (hierarchical)
    Elapsed: 0.010s  Memory: 598.00M
"polygons" in: sky130A_mr.drc:150
    Polygons (raw): 891221 (flat)  869747 (hierarchical)
    Elapsed: 0.340s  Memory: 615.00M
"polygons" in: sky130A_mr.drc:152
    Polygons (raw): 16551 (flat)  4276 (hierarchical)
    Elapsed: 0.010s  Memory: 615.00M
"polygons" in: sky130A_mr.drc:153
    Polygons (raw): 767691 (flat)  760268 (hierarchical)
    Elapsed: 0.300s  Memory: 647.00M
"polygons" in: sky130A_mr.drc:155
    Polygons (raw): 1681 (flat)  808 (hierarchical)
    Elapsed: 0.010s  Memory: 647.00M
"polygons" in: sky130A_mr.drc:156
    Polygons (raw): 1157201 (flat)  854952 (hierarchical)
    Elapsed: 0.330s  Memory: 665.00M
"polygons" in: sky130A_mr.drc:158
    Polygons (raw): 958 (flat)  245 (hierarchical)
    Elapsed: 0.010s  Memory: 665.00M
"polygons" in: sky130A_mr.drc:159
    Polygons (raw): 59598 (flat)  59308 (hierarchical)
    Elapsed: 0.040s  Memory: 665.00M
"polygons" in: sky130A_mr.drc:161
    Polygons (raw): 282 (flat)  96 (hierarchical)
    Elapsed: 0.010s  Memory: 665.00M
"polygons" in: sky130A_mr.drc:163
    Polygons (raw): 0 (flat)  0 (hierarchical)
    Elapsed: 0.010s  Memory: 665.00M
"polygons" in: sky130A_mr.drc:164
    Polygons (raw): 0 (flat)  0 (hierarchical)
    Elapsed: 0.010s  Memory: 665.00M
"polygons" in: sky130A_mr.drc:165
    Polygons (raw): 87 (flat)  7 (hierarchical)
    Elapsed: 0.000s  Memory: 665.00M
"polygons" in: sky130A_mr.drc:166
    Polygons (raw): 80 (flat)  5 (hierarchical)
    Elapsed: 0.000s  Memory: 665.00M
"polygons" in: sky130A_mr.drc:167
    Polygons (raw): 0 (flat)  0 (hierarchical)
    Elapsed: 0.010s  Memory: 665.00M
"polygons" in: sky130A_mr.drc:168
    Polygons (raw): 0 (flat)  0 (hierarchical)
    Elapsed: 0.010s  Memory: 665.00M
"polygons" in: sky130A_mr.drc:169
    Polygons (raw): 0 (flat)  0 (hierarchical)
    Elapsed: 0.000s  Memory: 665.00M
"polygons" in: sky130A_mr.drc:170
    Polygons (raw): 0 (flat)  0 (hierarchical)
    Elapsed: 0.020s  Memory: 665.00M
"polygons" in: sky130A_mr.drc:171
    Polygons (raw): 0 (flat)  0 (hierarchical)
    Elapsed: 0.010s  Memory: 665.00M
"polygons" in: sky130A_mr.drc:172
    Polygons (raw): 50 (flat)  1 (hierarchical)
    Elapsed: 0.010s  Memory: 665.00M
"polygons" in: sky130A_mr.drc:173
    Polygons (raw): 0 (flat)  0 (hierarchical)
    Elapsed: 0.000s  Memory: 665.00M
"polygons" in: sky130A_mr.drc:174
    Polygons (raw): 0 (flat)  0 (hierarchical)
    Elapsed: 0.010s  Memory: 665.00M
"polygons" in: sky130A_mr.drc:175
    Polygons (raw): 0 (flat)  0 (hierarchical)
    Elapsed: 0.010s  Memory: 665.00M
"polygons" in: sky130A_mr.drc:176
    Polygons (raw): 0 (flat)  0 (hierarchical)
    Elapsed: 0.010s  Memory: 665.00M
"polygons" in: sky130A_mr.drc:177
    Polygons (raw): 0 (flat)  0 (hierarchical)
    Elapsed: 0.010s  Memory: 665.00M
"polygons" in: sky130A_mr.drc:178
    Polygons (raw): 0 (flat)  0 (hierarchical)
    Elapsed: 0.010s  Memory: 665.00M
"polygons" in: sky130A_mr.drc:179
    Polygons (raw): 0 (flat)  0 (hierarchical)
    Elapsed: 0.000s  Memory: 665.00M
"polygons" in: sky130A_mr.drc:180
    Polygons (raw): 0 (flat)  0 (hierarchical)
    Elapsed: 0.010s  Memory: 665.00M
"polygons" in: sky130A_mr.drc:181
    Polygons (raw): 0 (flat)  0 (hierarchical)
    Elapsed: 0.010s  Memory: 665.00M
"polygons" in: sky130A_mr.drc:182
    Polygons (raw): 0 (flat)  0 (hierarchical)
    Elapsed: 0.000s  Memory: 665.00M
"polygons" in: sky130A_mr.drc:183
    Polygons (raw): 0 (flat)  0 (hierarchical)
    Elapsed: 0.010s  Memory: 665.00M
"polygons" in: sky130A_mr.drc:184
    Polygons (raw): 0 (flat)  0 (hierarchical)
    Elapsed: 0.010s  Memory: 665.00M
"polygons" in: sky130A_mr.drc:185
    Polygons (raw): 0 (flat)  0 (hierarchical)
    Elapsed: 0.000s  Memory: 665.00M
"polygons" in: sky130A_mr.drc:186
    Polygons (raw): 0 (flat)  0 (hierarchical)
    Elapsed: 0.010s  Memory: 665.00M
"polygons" in: sky130A_mr.drc:187
    Polygons (raw): 0 (flat)  0 (hierarchical)
    Elapsed: 0.010s  Memory: 665.00M
"polygons" in: sky130A_mr.drc:188
    Polygons (raw): 1 (flat)  1 (hierarchical)
    Elapsed: 0.000s  Memory: 665.00M
"polygons" in: sky130A_mr.drc:189
    Polygons (raw): 0 (flat)  0 (hierarchical)
    Elapsed: 0.010s  Memory: 665.00M
"polygons" in: sky130A_mr.drc:190
    Polygons (raw): 0 (flat)  0 (hierarchical)
    Elapsed: 0.010s  Memory: 665.00M
"polygons" in: sky130A_mr.drc:191
    Polygons (raw): 0 (flat)  0 (hierarchical)
    Elapsed: 0.000s  Memory: 665.00M
"polygons" in: sky130A_mr.drc:192
    Polygons (raw): 0 (flat)  0 (hierarchical)
    Elapsed: 0.010s  Memory: 665.00M
"polygons" in: sky130A_mr.drc:193
    Polygons (raw): 0 (flat)  0 (hierarchical)
    Elapsed: 0.010s  Memory: 665.00M
"polygons" in: sky130A_mr.drc:194
    Polygons (raw): 0 (flat)  0 (hierarchical)
    Elapsed: 0.000s  Memory: 665.00M
"polygons" in: sky130A_mr.drc:195
    Polygons (raw): 0 (flat)  0 (hierarchical)
    Elapsed: 0.020s  Memory: 665.00M
"polygons" in: sky130A_mr.drc:196
    Polygons (raw): 0 (flat)  0 (hierarchical)
    Elapsed: 0.010s  Memory: 665.00M
"polygons" in: sky130A_mr.drc:197
    Polygons (raw): 0 (flat)  0 (hierarchical)
    Elapsed: 0.000s  Memory: 665.00M
"polygons" in: sky130A_mr.drc:198
    Polygons (raw): 0 (flat)  0 (hierarchical)
    Elapsed: 0.010s  Memory: 665.00M
"polygons" in: sky130A_mr.drc:199
    Polygons (raw): 0 (flat)  0 (hierarchical)
    Elapsed: 0.010s  Memory: 665.00M
"polygons" in: sky130A_mr.drc:200
    Polygons (raw): 0 (flat)  0 (hierarchical)
    Elapsed: 0.000s  Memory: 665.00M
"polygons" in: sky130A_mr.drc:201
    Polygons (raw): 0 (flat)  0 (hierarchical)
    Elapsed: 0.010s  Memory: 665.00M
"polygons" in: sky130A_mr.drc:202
    Polygons (raw): 0 (flat)  0 (hierarchical)
    Elapsed: 0.000s  Memory: 665.00M
"polygons" in: sky130A_mr.drc:203
    Polygons (raw): 0 (flat)  0 (hierarchical)
    Elapsed: 0.010s  Memory: 665.00M
"polygons" in: sky130A_mr.drc:204
    Polygons (raw): 0 (flat)  0 (hierarchical)
    Elapsed: 0.010s  Memory: 665.00M
"polygons" in: sky130A_mr.drc:205
    Polygons (raw): 0 (flat)  0 (hierarchical)
    Elapsed: 0.000s  Memory: 665.00M
"polygons" in: sky130A_mr.drc:206
    Polygons (raw): 0 (flat)  0 (hierarchical)
    Elapsed: 0.010s  Memory: 665.00M
"polygons" in: sky130A_mr.drc:207
    Polygons (raw): 0 (flat)  0 (hierarchical)
    Elapsed: 0.010s  Memory: 665.00M
"polygons" in: sky130A_mr.drc:208
    Polygons (raw): 0 (flat)  0 (hierarchical)
    Elapsed: 0.000s  Memory: 665.00M
"polygons" in: sky130A_mr.drc:209
    Polygons (raw): 0 (flat)  0 (hierarchical)
    Elapsed: 0.010s  Memory: 665.00M
"polygons" in: sky130A_mr.drc:210
    Polygons (raw): 0 (flat)  0 (hierarchical)
    Elapsed: 0.000s  Memory: 665.00M
"polygons" in: sky130A_mr.drc:211
    Polygons (raw): 188 (flat)  21 (hierarchical)
    Elapsed: 0.010s  Memory: 665.00M
"polygons" in: sky130A_mr.drc:212
    Polygons (raw): 0 (flat)  0 (hierarchical)
    Elapsed: 0.010s  Memory: 665.00M
"polygons" in: sky130A_mr.drc:213
    Polygons (raw): 0 (flat)  0 (hierarchical)
    Elapsed: 0.000s  Memory: 665.00M
"polygons" in: sky130A_mr.drc:214
    Polygons (raw): 0 (flat)  0 (hierarchical)
    Elapsed: 0.010s  Memory: 665.00M
"polygons" in: sky130A_mr.drc:215
    Polygons (raw): 0 (flat)  0 (hierarchical)
    Elapsed: 0.010s  Memory: 665.00M
DRC section
BEOL section
START: 67/20 (li)
"interacting" in: sky130A_mr.drc:397
    Polygons (raw): 0 (flat)  0 (hierarchical)
    Elapsed: 0.060s  Memory: 1217.00M
"not" in: sky130A_mr.drc:397
    Polygons (raw): 38334 (flat)  2553 (hierarchical)
    Elapsed: 0.010s  Memory: 1217.00M
"width" in: sky130A_mr.drc:398
    Edge pairs: 0 (flat)  0 (hierarchical)
    Elapsed: 0.020s  Memory: 1209.00M
"output" in: sky130A_mr.drc:398
    Edge pairs: 0 (flat)  0 (hierarchical)
    Elapsed: 0.010s  Memory: 1209.00M
"edges" in: sky130A_mr.drc:400
    Edges: 124232 (flat)  16349 (hierarchical)
    Elapsed: 0.290s  Memory: 1209.00M
"space" in: sky130A_mr.drc:400
    Edge pairs: 0 (flat)  0 (hierarchical)
    Elapsed: 0.170s  Memory: 1210.00M
"output" in: sky130A_mr.drc:400
    Edge pairs: 0 (flat)  0 (hierarchical)
    Elapsed: 0.000s  Memory: 1210.00M
"not" in: sky130A_mr.drc:401
    Polygons (raw): 151687 (flat)  11558 (hierarchical)
    Elapsed: 0.010s  Memory: 1210.00M
"enclosing" in: sky130A_mr.drc:402
    Edge pairs: 271942 (flat)  106940 (hierarchical)
    Elapsed: 2.070s  Memory: 1210.00M
"second_edges" in: sky130A_mr.drc:402
    Edges: 271942 (flat)  106940 (hierarchical)
    Elapsed: 0.010s  Memory: 1211.00M
"width" in: sky130A_mr.drc:403
    Edge pairs: 0 (flat)  0 (hierarchical)
    Elapsed: 0.490s  Memory: 1249.00M
"polygons" in: sky130A_mr.drc:404
    Polygons (raw): 0 (flat)  0 (hierarchical)
    Elapsed: 0.010s  Memory: 1249.00M
"interacting" in: sky130A_mr.drc:404
    Polygons (raw): 0 (flat)  0 (hierarchical)
    Elapsed: 0.070s  Memory: 1249.00M
"output" in: sky130A_mr.drc:405
    Polygons (raw): 0 (flat)  0 (hierarchical)
    Elapsed: 0.010s  Memory: 1249.00M
"with_area" in: sky130A_mr.drc:406
    Polygons (raw): 0 (flat)  0 (hierarchical)
    Elapsed: 0.010s  Memory: 1249.00M
"output" in: sky130A_mr.drc:406
    Polygons (raw): 0 (flat)  0 (hierarchical)
    Elapsed: 0.010s  Memory: 1249.00M
END: 67/20 (li)
START: 67/44 (mcon)
"not" in: sky130A_mr.drc:411
    Polygons (raw): 110570 (flat)  10496 (hierarchical)
    Elapsed: 0.010s  Memory: 1249.00M
"not" in: sky130A_mr.drc:418
    Polygons (raw): 110570 (flat)  10496 (hierarchical)
    Elapsed: 0.010s  Memory: 1249.00M
"non_rectangles" in: sky130A_mr.drc:419
    Polygons (raw): 0 (flat)  0 (hierarchical)
    Elapsed: 0.060s  Memory: 1249.00M
"output" in: sky130A_mr.drc:419
    Polygons (raw): 0 (flat)  0 (hierarchical)
    Elapsed: 0.010s  Memory: 1249.00M
"drc" in: sky130A_mr.drc:421
    Edge pairs: 0 (flat)  0 (hierarchical)
    Elapsed: 0.090s  Memory: 1249.00M
"output" in: sky130A_mr.drc:421
    Edge pairs: 0 (flat)  0 (hierarchical)
    Elapsed: 0.010s  Memory: 1249.00M
"drc" in: sky130A_mr.drc:422
    Edges: 0 (flat)  0 (hierarchical)
    Elapsed: 0.050s  Memory: 1257.00M
"output" in: sky130A_mr.drc:422
    Edges: 0 (flat)  0 (hierarchical)
    Elapsed: 0.000s  Memory: 1249.00M
"space" in: sky130A_mr.drc:423
    Edge pairs: 0 (flat)  0 (hierarchical)
    Elapsed: 0.050s  Memory: 1249.00M
"output" in: sky130A_mr.drc:423
    Edge pairs: 0 (flat)  0 (hierarchical)
    Elapsed: 0.000s  Memory: 1249.00M
"not" in: sky130A_mr.drc:429
    Polygons (raw): 0 (flat)  0 (hierarchical)
    Elapsed: 0.120s  Memory: 1249.00M
"output" in: sky130A_mr.drc:429
    Polygons (raw): 0 (flat)  0 (hierarchical)
    Elapsed: 0.000s  Memory: 1249.00M
END: 67/44 (mcon)
START: 68/20 (m1)
"width" in: sky130A_mr.drc:434
    Edge pairs: 0 (flat)  0 (hierarchical)
    Elapsed: 0.110s  Memory: 1249.00M
"output" in: sky130A_mr.drc:434
    Edge pairs: 0 (flat)  0 (hierarchical)
    Elapsed: 0.010s  Memory: 1249.00M
"sized" in: sky130A_mr.drc:435
    Polygons (raw): 116 (flat)  71 (hierarchical)
    Elapsed: 0.070s  Memory: 1249.00M
"sized" in: sky130A_mr.drc:435
    Polygons (raw): 116 (flat)  71 (hierarchical)
    Elapsed: 0.010s  Memory: 1249.00M
"snap" in: sky130A_mr.drc:435
    Polygons (raw): 116 (flat)  71 (hierarchical)
    Elapsed: 0.020s  Memory: 1249.00M
"&" in: sky130A_mr.drc:435
    Polygons (raw): 116 (flat)  71 (hierarchical)
    Elapsed: 0.020s  Memory: 1249.00M
"edges" in: sky130A_mr.drc:436
    Edges: 226196 (flat)  46439 (hierarchical)
    Elapsed: 0.400s  Memory: 1249.00M
"-" in: sky130A_mr.drc:436
    Edges: 225181 (flat)  45974 (hierarchical)
    Elapsed: 0.040s  Memory: 1249.00M
"edges" in: sky130A_mr.drc:437
    Edges: 471 (flat)  291 (hierarchical)
    Elapsed: 0.020s  Memory: 1249.00M
"merged" in: sky130A_mr.drc:437
    Polygons (raw): 11396 (flat)  3565 (hierarchical)
    Elapsed: 0.010s  Memory: 1249.00M
"outside_part" in: sky130A_mr.drc:437
    Edges: 577 (flat)  351 (hierarchical)
    Elapsed: 0.050s  Memory: 1249.00M
"space" in: sky130A_mr.drc:439
    Edge pairs: 0 (flat)  0 (hierarchical)
    Elapsed: 0.480s  Memory: 1249.00M
"output" in: sky130A_mr.drc:439
    Edge pairs: 0 (flat)  0 (hierarchical)
    Elapsed: 0.010s  Memory: 1249.00M
"separation" in: sky130A_mr.drc:441
    Edge pairs: 0 (flat)  0 (hierarchical)
    Elapsed: 0.020s  Memory: 1249.00M
"space" in: sky130A_mr.drc:441
    Edge pairs: 0 (flat)  0 (hierarchical)
    Elapsed: 0.010s  Memory: 1257.00M
"+" in: sky130A_mr.drc:441
    Edge pairs: 0 (flat)  0 (hierarchical)
    Elapsed: 0.010s  Memory: 1249.00M
"output" in: sky130A_mr.drc:441
    Edge pairs: 0 (flat)  0 (hierarchical)
    Elapsed: 0.010s  Memory: 1249.00M
"input" in: sky130A_mr.drc:445
    Polygons (raw): 45390 (flat)  10560 (hierarchical)
    Elapsed: 0.010s  Memory: 1249.00M
"enclosing" in: sky130A_mr.drc:447
    Edge pairs: 0 (flat)  0 (hierarchical)
    Elapsed: 1.060s  Memory: 1265.00M
"output" in: sky130A_mr.drc:447
    Edge pairs: 0 (flat)  0 (hierarchical)
    Elapsed: 0.010s  Memory: 1249.00M
"not" in: sky130A_mr.drc:448
    Polygons (raw): 0 (flat)  0 (hierarchical)
    Elapsed: 0.190s  Memory: 1249.00M
"output" in: sky130A_mr.drc:448
    Polygons (raw): 0 (flat)  0 (hierarchical)
    Elapsed: 0.010s  Memory: 1249.00M
"input" in: sky130A_mr.drc:450
    Polygons (raw): 0 (flat)  0 (hierarchical)
    Elapsed: 0.010s  Memory: 1249.00M
"enclosing" in: sky130A_mr.drc:451
    Edge pairs: 0 (flat)  0 (hierarchical)
    Elapsed: 0.010s  Memory: 1249.00M
"output" in: sky130A_mr.drc:451
    Edge pairs: 0 (flat)  0 (hierarchical)
    Elapsed: 0.000s  Memory: 1249.00M
"not" in: sky130A_mr.drc:453
    Polygons (raw): 0 (flat)  0 (hierarchical)
    Elapsed: 0.010s  Memory: 1249.00M
"output" in: sky130A_mr.drc:453
    Polygons (raw): 0 (flat)  0 (hierarchical)
    Elapsed: 0.010s  Memory: 1249.00M
"with_area" in: sky130A_mr.drc:455
    Polygons (raw): 0 (flat)  0 (hierarchical)
    Elapsed: 0.020s  Memory: 1249.00M
"output" in: sky130A_mr.drc:455
    Polygons (raw): 0 (flat)  0 (hierarchical)
    Elapsed: 0.010s  Memory: 1249.00M
"holes" in: sky130A_mr.drc:457
    Polygons (raw): 205 (flat)  91 (hierarchical)
    Elapsed: 0.010s  Memory: 1249.00M
"with_area" in: sky130A_mr.drc:457
    Polygons (raw): 0 (flat)  0 (hierarchical)
    Elapsed: 0.020s  Memory: 1249.00M
"output" in: sky130A_mr.drc:457
    Polygons (raw): 0 (flat)  0 (hierarchical)
    Elapsed: 0.010s  Memory: 1249.00M
"enclosing" in: sky130A_mr.drc:464
    Edge pairs: 140066 (flat)  37888 (hierarchical)
    Elapsed: 1.420s  Memory: 1249.00M
"second_edges" in: sky130A_mr.drc:464
    Edges: 140066 (flat)  37888 (hierarchical)
    Elapsed: 0.010s  Memory: 1249.00M
"width" in: sky130A_mr.drc:465
    Edge pairs: 0 (flat)  0 (hierarchical)
    Elapsed: 0.220s  Memory: 1249.00M
"polygons" in: sky130A_mr.drc:466
    Polygons (raw): 0 (flat)  0 (hierarchical)
    Elapsed: 0.010s  Memory: 1249.00M
"interacting" in: sky130A_mr.drc:466
    Polygons (raw): 0 (flat)  0 (hierarchical)
    Elapsed: 0.080s  Memory: 1249.00M
"output" in: sky130A_mr.drc:467
    Polygons (raw): 0 (flat)  0 (hierarchical)
    Elapsed: 0.010s  Memory: 1249.00M
END: 68/20 (m1)
START: 68/44 (via)
"not" in: sky130A_mr.drc:481
    Polygons (raw): 891221 (flat)  873480 (hierarchical)
    Elapsed: 0.020s  Memory: 1262.00M
"non_rectangles" in: sky130A_mr.drc:483
    Polygons (raw): 0 (flat)  0 (hierarchical)
    Elapsed: 4.670s  Memory: 1481.00M
"output" in: sky130A_mr.drc:483
    Polygons (raw): 0 (flat)  0 (hierarchical)
    Elapsed: 0.010s  Memory: 1481.00M
"width" in: sky130A_mr.drc:484
    Edge pairs: 0 (flat)  0 (hierarchical)
    Elapsed: 0.500s  Memory: 1481.00M
"output" in: sky130A_mr.drc:484
    Edge pairs: 0 (flat)  0 (hierarchical)
    Elapsed: 0.010s  Memory: 1481.00M
"drc" in: sky130A_mr.drc:486
    Edges: 0 (flat)  0 (hierarchical)
    Elapsed: 2.120s  Memory: 1481.00M
"output" in: sky130A_mr.drc:486
    Edges: 0 (flat)  0 (hierarchical)
    Elapsed: 0.010s  Memory: 1481.00M
"space" in: sky130A_mr.drc:488
    Edge pairs: 0 (flat)  0 (hierarchical)
    Elapsed: 6.830s  Memory: 1521.00M
"output" in: sky130A_mr.drc:488
    Edge pairs: 0 (flat)  0 (hierarchical)
    Elapsed: 0.010s  Memory: 1521.00M
"edges" in: sky130A_mr.drc:496
    Edges: 226196 (flat)  46439 (hierarchical)
    Elapsed: 0.390s  Memory: 1521.00M
"drc" in: sky130A_mr.drc:496
    Edges: 3564884 (flat)  3493920 (hierarchical)
    Elapsed: 11.710s  Memory: 1713.00M
"enclosing" in: sky130A_mr.drc:496
    Edge pairs: 0 (flat)  0 (hierarchical)
    Elapsed: 1.220s  Memory: 1521.00M
"output" in: sky130A_mr.drc:496
    Edge pairs: 0 (flat)  0 (hierarchical)
    Elapsed: 0.000s  Memory: 1521.00M
"squares" in: sky130A_mr.drc:497
    Polygons (raw): 891221 (flat)  873480 (hierarchical)
    Elapsed: 0.320s  Memory: 1521.00M
"drc" in: sky130A_mr.drc:497
    Edges: 3564884 (flat)  3493920 (hierarchical)
    Elapsed: 11.280s  Memory: 1574.00M
"not" in: sky130A_mr.drc:497
    Edges: 0 (flat)  0 (hierarchical)
    Elapsed: 6.780s  Memory: 2150.00M
"output" in: sky130A_mr.drc:497
    Edges: 0 (flat)  0 (hierarchical)
    Elapsed: 0.000s  Memory: 2150.00M
"edges" in: sky130A_mr.drc:499
    Edges: 226196 (flat)  46439 (hierarchical)
    Elapsed: 0.410s  Memory: 1574.00M
"drc" in: sky130A_mr.drc:499
    Edges: 3564884 (flat)  3493920 (hierarchical)
    Elapsed: 11.690s  Memory: 1627.00M
"enclosing" in: sky130A_mr.drc:499
    Edge pairs: 5180 (flat)  1238 (hierarchical)
    Elapsed: 1.250s  Memory: 1627.00M
"second_edges" in: sky130A_mr.drc:499
    Edges: 5180 (flat)  1238 (hierarchical)
    Elapsed: 0.010s  Memory: 1627.00M
"width" in: sky130A_mr.drc:500
    Edge pairs: 0 (flat)  0 (hierarchical)
    Elapsed: 0.040s  Memory: 1627.00M
"polygons" in: sky130A_mr.drc:501
    Polygons (raw): 0 (flat)  0 (hierarchical)
    Elapsed: 0.000s  Memory: 1627.00M
"interacting" in: sky130A_mr.drc:501
    Polygons (raw): 0 (flat)  0 (hierarchical)
    Elapsed: 0.060s  Memory: 1627.00M
"output" in: sky130A_mr.drc:502
    Polygons (raw): 0 (flat)  0 (hierarchical)
    Elapsed: 0.010s  Memory: 1627.00M
END: 68/44 (via)
START: 69/20 (m2)
"width" in: sky130A_mr.drc:509
    Edge pairs: 0 (flat)  0 (hierarchical)
    Elapsed: 0.040s  Memory: 1627.00M
"output" in: sky130A_mr.drc:509
    Edge pairs: 0 (flat)  0 (hierarchical)
    Elapsed: 0.000s  Memory: 1627.00M
"sized" in: sky130A_mr.drc:511
    Polygons (raw): 18 (flat)  18 (hierarchical)
    Elapsed: 0.040s  Memory: 1627.00M
"sized" in: sky130A_mr.drc:511
    Polygons (raw): 18 (flat)  18 (hierarchical)
    Elapsed: 0.010s  Memory: 1627.00M
"snap" in: sky130A_mr.drc:511
    Polygons (raw): 18 (flat)  18 (hierarchical)
    Elapsed: 0.010s  Memory: 1627.00M
"&" in: sky130A_mr.drc:511
    Polygons (raw): 19 (flat)  19 (hierarchical)
    Elapsed: 0.010s  Memory: 1627.00M
"edges" in: sky130A_mr.drc:512
    Edges: 63014 (flat)  19519 (hierarchical)
    Elapsed: 0.130s  Memory: 1627.00M
"-" in: sky130A_mr.drc:512
    Edges: 62900 (flat)  19417 (hierarchical)
    Elapsed: 0.030s  Memory: 1627.00M
"edges" in: sky130A_mr.drc:513
    Edges: 107 (flat)  107 (hierarchical)
    Elapsed: 0.020s  Memory: 1627.00M
"merged" in: sky130A_mr.drc:513
    Polygons (raw): 2273 (flat)  1574 (hierarchical)
    Elapsed: 0.010s  Memory: 1627.00M
"outside_part" in: sky130A_mr.drc:513
    Edges: 116 (flat)  116 (hierarchical)
    Elapsed: 0.020s  Memory: 1635.00M
"not" in: sky130A_mr.drc:514
    Polygons (raw): 891221 (flat)  873480 (hierarchical)
    Elapsed: 0.010s  Memory: 1627.00M
"space" in: sky130A_mr.drc:516
    Edge pairs: 0 (flat)  0 (hierarchical)
    Elapsed: 0.150s  Memory: 1627.00M
"output" in: sky130A_mr.drc:516
    Edge pairs: 0 (flat)  0 (hierarchical)
    Elapsed: 0.010s  Memory: 1627.00M
"separation" in: sky130A_mr.drc:518
    Edge pairs: 0 (flat)  0 (hierarchical)
    Elapsed: 0.010s  Memory: 1635.00M
"space" in: sky130A_mr.drc:518
    Edge pairs: 0 (flat)  0 (hierarchical)
    Elapsed: 0.010s  Memory: 1635.00M
"+" in: sky130A_mr.drc:518
    Edge pairs: 0 (flat)  0 (hierarchical)
    Elapsed: 0.010s  Memory: 1627.00M
"output" in: sky130A_mr.drc:518
    Edge pairs: 0 (flat)  0 (hierarchical)
    Elapsed: 0.000s  Memory: 1627.00M
"with_area" in: sky130A_mr.drc:520
    Polygons (raw): 0 (flat)  0 (hierarchical)
    Elapsed: 0.010s  Memory: 1627.00M
"output" in: sky130A_mr.drc:520
    Polygons (raw): 0 (flat)  0 (hierarchical)
    Elapsed: 0.010s  Memory: 1627.00M
"holes" in: sky130A_mr.drc:521
    Polygons (raw): 724 (flat)  189 (hierarchical)
    Elapsed: 0.000s  Memory: 1627.00M
"with_area" in: sky130A_mr.drc:521
    Polygons (raw): 0 (flat)  0 (hierarchical)
    Elapsed: 0.020s  Memory: 1627.00M
"output" in: sky130A_mr.drc:521
    Polygons (raw): 0 (flat)  0 (hierarchical)
    Elapsed: 0.010s  Memory: 1627.00M
"enclosing" in: sky130A_mr.drc:526
    Edge pairs: 0 (flat)  0 (hierarchical)
    Elapsed: 7.030s  Memory: 1627.00M
"output" in: sky130A_mr.drc:526
    Edge pairs: 0 (flat)  0 (hierarchical)
    Elapsed: 0.000s  Memory: 1627.00M
"not" in: sky130A_mr.drc:527
    Polygons (raw): 0 (flat)  0 (hierarchical)
    Elapsed: 2.170s  Memory: 1627.00M
"output" in: sky130A_mr.drc:527
    Polygons (raw): 0 (flat)  0 (hierarchical)
    Elapsed: 0.010s  Memory: 1627.00M
"enclosing" in: sky130A_mr.drc:528
    Edge pairs: 15515 (flat)  4825 (hierarchical)
    Elapsed: 7.020s  Memory: 1627.00M
"second_edges" in: sky130A_mr.drc:528
    Edges: 15515 (flat)  4825 (hierarchical)
    Elapsed: 0.000s  Memory: 1627.00M
"width" in: sky130A_mr.drc:529
    Edge pairs: 0 (flat)  0 (hierarchical)
    Elapsed: 0.030s  Memory: 1627.00M
"polygons" in: sky130A_mr.drc:530
    Polygons (raw): 0 (flat)  0 (hierarchical)
    Elapsed: 0.010s  Memory: 1627.00M
"interacting" in: sky130A_mr.drc:530
    Polygons (raw): 0 (flat)  0 (hierarchical)
    Elapsed: 0.050s  Memory: 1627.00M
"output" in: sky130A_mr.drc:531
    Polygons (raw): 0 (flat)  0 (hierarchical)
    Elapsed: 0.010s  Memory: 1627.00M
END: 69/20 (m2)
START: 69/44 (via2)
"not" in: sky130A_mr.drc:546
    Polygons (raw): 767691 (flat)  762310 (hierarchical)
    Elapsed: 0.010s  Memory: 1627.00M
"non_rectangles" in: sky130A_mr.drc:547
    Polygons (raw): 0 (flat)  0 (hierarchical)
    Elapsed: 4.080s  Memory: 1627.00M
"output" in: sky130A_mr.drc:547
    Polygons (raw): 0 (flat)  0 (hierarchical)
    Elapsed: 0.000s  Memory: 1627.00M
"width" in: sky130A_mr.drc:548
    Edge pairs: 0 (flat)  0 (hierarchical)
    Elapsed: 0.440s  Memory: 1627.00M
"output" in: sky130A_mr.drc:548
    Edge pairs: 0 (flat)  0 (hierarchical)
    Elapsed: 0.010s  Memory: 1627.00M
"edges" in: sky130A_mr.drc:549
    Edges: 3070764 (flat)  3049240 (hierarchical)
    Elapsed: 4.870s  Memory: 1755.00M
"without_length" in: sky130A_mr.drc:549
    Edges: 0 (flat)  0 (hierarchical)
    Elapsed: 9.620s  Memory: 2707.00M
"output" in: sky130A_mr.drc:549
    Edges: 0 (flat)  0 (hierarchical)
    Elapsed: 0.020s  Memory: 2707.00M
"space" in: sky130A_mr.drc:550
    Edge pairs: 0 (flat)  0 (hierarchical)
    Elapsed: 5.810s  Memory: 2723.00M
"output" in: sky130A_mr.drc:550
    Edge pairs: 0 (flat)  0 (hierarchical)
    Elapsed: 0.010s  Memory: 2707.00M
"enclosing" in: sky130A_mr.drc:558
    Edge pairs: 0 (flat)  0 (hierarchical)
    Elapsed: 5.420s  Memory: 2707.00M
"output" in: sky130A_mr.drc:558
    Edge pairs: 0 (flat)  0 (hierarchical)
    Elapsed: 0.010s  Memory: 2707.00M
"not" in: sky130A_mr.drc:559
    Polygons (raw): 0 (flat)  0 (hierarchical)
    Elapsed: 1.850s  Memory: 2707.00M
"output" in: sky130A_mr.drc:559
    Polygons (raw): 0 (flat)  0 (hierarchical)
    Elapsed: 0.010s  Memory: 2707.00M
"enclosing" in: sky130A_mr.drc:561
    Edge pairs: 946 (flat)  584 (hierarchical)
    Elapsed: 5.640s  Memory: 2707.00M
"second_edges" in: sky130A_mr.drc:561
    Edges: 946 (flat)  584 (hierarchical)
    Elapsed: 0.010s  Memory: 2707.00M
"width" in: sky130A_mr.drc:562
    Edge pairs: 0 (flat)  0 (hierarchical)
    Elapsed: 0.020s  Memory: 2715.00M
"polygons" in: sky130A_mr.drc:563
    Polygons (raw): 0 (flat)  0 (hierarchical)
    Elapsed: 0.010s  Memory: 2707.00M
"interacting" in: sky130A_mr.drc:563
    Polygons (raw): 0 (flat)  0 (hierarchical)
    Elapsed: 0.050s  Memory: 2715.00M
"output" in: sky130A_mr.drc:564
    Polygons (raw): 0 (flat)  0 (hierarchical)
    Elapsed: 0.010s  Memory: 2707.00M
END: 69/44 (via2)
START: 70/20 (m3)
"width" in: sky130A_mr.drc:570
    Edge pairs: 0 (flat)  0 (hierarchical)
    Elapsed: 0.010s  Memory: 2707.00M
"output" in: sky130A_mr.drc:570
    Edge pairs: 0 (flat)  0 (hierarchical)
    Elapsed: 0.000s  Memory: 2707.00M
"sized" in: sky130A_mr.drc:572
    Polygons (raw): 95 (flat)  76 (hierarchical)
    Elapsed: 0.020s  Memory: 2707.00M
"sized" in: sky130A_mr.drc:572
    Polygons (raw): 95 (flat)  76 (hierarchical)
    Elapsed: 0.010s  Memory: 2707.00M
"snap" in: sky130A_mr.drc:572
    Polygons (raw): 94 (flat)  75 (hierarchical)
    Elapsed: 0.010s  Memory: 2707.00M
"&" in: sky130A_mr.drc:572
    Polygons (raw): 113 (flat)  94 (hierarchical)
    Elapsed: 0.010s  Memory: 2707.00M
"edges" in: sky130A_mr.drc:573
    Edges: 5834 (flat)  3555 (hierarchical)
    Elapsed: 0.050s  Memory: 2707.00M
"-" in: sky130A_mr.drc:573
    Edges: 4955 (flat)  2925 (hierarchical)
    Elapsed: 0.020s  Memory: 2707.00M
"edges" in: sky130A_mr.drc:574
    Edges: 618 (flat)  542 (hierarchical)
    Elapsed: 0.010s  Memory: 2707.00M
"merged" in: sky130A_mr.drc:574
    Polygons (raw): 551 (flat)  375 (hierarchical)
    Elapsed: 0.000s  Memory: 2707.00M
"outside_part" in: sky130A_mr.drc:574
    Edges: 643 (flat)  566 (hierarchical)
    Elapsed: 0.020s  Memory: 2707.00M
"space" in: sky130A_mr.drc:576
    Edge pairs: 0 (flat)  0 (hierarchical)
    Elapsed: 0.040s  Memory: 2715.00M
"output" in: sky130A_mr.drc:576
    Edge pairs: 0 (flat)  0 (hierarchical)
    Elapsed: 0.010s  Memory: 2707.00M
"separation" in: sky130A_mr.drc:578
    Edge pairs: 0 (flat)  0 (hierarchical)
    Elapsed: 0.020s  Memory: 2707.00M
"space" in: sky130A_mr.drc:578
    Edge pairs: 0 (flat)  0 (hierarchical)
    Elapsed: 0.010s  Memory: 2715.00M
"+" in: sky130A_mr.drc:578
    Edge pairs: 0 (flat)  0 (hierarchical)
    Elapsed: 0.000s  Memory: 2707.00M
"output" in: sky130A_mr.drc:578
    Edge pairs: 0 (flat)  0 (hierarchical)
    Elapsed: 0.010s  Memory: 2707.00M
"enclosing" in: sky130A_mr.drc:583
    Edge pairs: 0 (flat)  0 (hierarchical)
    Elapsed: 5.790s  Memory: 2707.00M
"output" in: sky130A_mr.drc:583
    Edge pairs: 0 (flat)  0 (hierarchical)
    Elapsed: 0.010s  Memory: 2707.00M
"not" in: sky130A_mr.drc:584
    Polygons (raw): 0 (flat)  0 (hierarchical)
    Elapsed: 1.730s  Memory: 2707.00M
"output" in: sky130A_mr.drc:584
    Polygons (raw): 0 (flat)  0 (hierarchical)
    Elapsed: 0.010s  Memory: 2707.00M
END: 70/20 (m3)
START: 70/44 (via3)
"not" in: sky130A_mr.drc:598
    Polygons (raw): 1157201 (flat)  859600 (hierarchical)
    Elapsed: 0.010s  Memory: 2707.00M
"non_rectangles" in: sky130A_mr.drc:599
    Polygons (raw): 0 (flat)  0 (hierarchical)
    Elapsed: 4.460s  Memory: 2707.00M
"output" in: sky130A_mr.drc:599
    Polygons (raw): 0 (flat)  0 (hierarchical)
    Elapsed: 0.000s  Memory: 2707.00M
"width" in: sky130A_mr.drc:600
    Edge pairs: 0 (flat)  0 (hierarchical)
    Elapsed: 0.490s  Memory: 2707.00M
"output" in: sky130A_mr.drc:600
    Edge pairs: 0 (flat)  0 (hierarchical)
    Elapsed: 0.010s  Memory: 2707.00M
"edges" in: sky130A_mr.drc:601
    Edges: 4628804 (flat)  3438400 (hierarchical)
    Elapsed: 5.300s  Memory: 2771.00M
"without_length" in: sky130A_mr.drc:601
    Edges: 0 (flat)  0 (hierarchical)
    Elapsed: 10.650s  Memory: 3164.00M
"output" in: sky130A_mr.drc:601
    Edges: 0 (flat)  0 (hierarchical)
    Elapsed: 0.010s  Memory: 3164.00M
"space" in: sky130A_mr.drc:603
    Edge pairs: 0 (flat)  0 (hierarchical)
    Elapsed: 6.520s  Memory: 3164.00M
"output" in: sky130A_mr.drc:603
    Edge pairs: 0 (flat)  0 (hierarchical)
    Elapsed: 0.010s  Memory: 3164.00M
"enclosing" in: sky130A_mr.drc:604
    Edge pairs: 0 (flat)  0 (hierarchical)
    Elapsed: 8.320s  Memory: 3164.00M
"output" in: sky130A_mr.drc:604
    Edge pairs: 0 (flat)  0 (hierarchical)
    Elapsed: 0.010s  Memory: 3164.00M
"not" in: sky130A_mr.drc:605
    Polygons (raw): 0 (flat)  0 (hierarchical)
    Elapsed: 2.100s  Memory: 3164.00M
"output" in: sky130A_mr.drc:605
    Polygons (raw): 0 (flat)  0 (hierarchical)
    Elapsed: 0.000s  Memory: 3164.00M
"enclosing" in: sky130A_mr.drc:607
    Edge pairs: 1 (flat)  1 (hierarchical)
    Elapsed: 8.150s  Memory: 3164.00M
"second_edges" in: sky130A_mr.drc:607
    Edges: 1 (flat)  1 (hierarchical)
    Elapsed: 0.010s  Memory: 3164.00M
"width" in: sky130A_mr.drc:608
    Edge pairs: 0 (flat)  0 (hierarchical)
    Elapsed: 0.020s  Memory: 3164.00M
"polygons" in: sky130A_mr.drc:609
    Polygons (raw): 0 (flat)  0 (hierarchical)
    Elapsed: 0.000s  Memory: 3164.00M
"interacting" in: sky130A_mr.drc:609
    Polygons (raw): 0 (flat)  0 (hierarchical)
    Elapsed: 0.050s  Memory: 3164.00M
"output" in: sky130A_mr.drc:610
    Polygons (raw): 0 (flat)  0 (hierarchical)
    Elapsed: 0.010s  Memory: 3164.00M
END: 70/44 (via3)
START: 71/20 (m4)
"width" in: sky130A_mr.drc:616
    Edge pairs: 0 (flat)  0 (hierarchical)
    Elapsed: 0.010s  Memory: 3164.00M
"output" in: sky130A_mr.drc:616
    Edge pairs: 0 (flat)  0 (hierarchical)
    Elapsed: 0.010s  Memory: 3164.00M
"sized" in: sky130A_mr.drc:618
    Polygons (raw): 182 (flat)  73 (hierarchical)
    Elapsed: 0.010s  Memory: 3164.00M
"sized" in: sky130A_mr.drc:618
    Polygons (raw): 182 (flat)  73 (hierarchical)
    Elapsed: 0.010s  Memory: 3164.00M
"snap" in: sky130A_mr.drc:618
    Polygons (raw): 182 (flat)  73 (hierarchical)
    Elapsed: 0.020s  Memory: 3164.00M
"&" in: sky130A_mr.drc:618
    Polygons (raw): 189 (flat)  80 (hierarchical)
    Elapsed: 0.030s  Memory: 3164.00M
"edges" in: sky130A_mr.drc:619
    Edges: 3279 (flat)  1097 (hierarchical)
    Elapsed: 0.020s  Memory: 3164.00M
"-" in: sky130A_mr.drc:619
    Edges: 2155 (flat)  617 (hierarchical)
    Elapsed: 0.020s  Memory: 3164.00M
"edges" in: sky130A_mr.drc:620
    Edges: 914 (flat)  454 (hierarchical)
    Elapsed: 0.020s  Memory: 3164.00M
"merged" in: sky130A_mr.drc:620
    Polygons (raw): 222 (flat)  112 (hierarchical)
    Elapsed: 0.010s  Memory: 3164.00M
"outside_part" in: sky130A_mr.drc:620
    Edges: 1108 (flat)  491 (hierarchical)
    Elapsed: 0.030s  Memory: 3164.00M
"space" in: sky130A_mr.drc:622
    Edge pairs: 0 (flat)  0 (hierarchical)
    Elapsed: 0.030s  Memory: 3164.00M
"output" in: sky130A_mr.drc:622
    Edge pairs: 0 (flat)  0 (hierarchical)
    Elapsed: 0.000s  Memory: 3164.00M
"with_area" in: sky130A_mr.drc:624
    Polygons (raw): 0 (flat)  0 (hierarchical)
    Elapsed: 0.010s  Memory: 3164.00M
"output" in: sky130A_mr.drc:624
    Polygons (raw): 0 (flat)  0 (hierarchical)
    Elapsed: 0.010s  Memory: 3164.00M
"separation" in: sky130A_mr.drc:626
    Edge pairs: 0 (flat)  0 (hierarchical)
    Elapsed: 0.010s  Memory: 3164.00M
"space" in: sky130A_mr.drc:626
    Edge pairs: 0 (flat)  0 (hierarchical)
    Elapsed: 0.020s  Memory: 3164.00M
"+" in: sky130A_mr.drc:626
    Edge pairs: 0 (flat)  0 (hierarchical)
    Elapsed: 0.000s  Memory: 3164.00M
"output" in: sky130A_mr.drc:626
    Edge pairs: 0 (flat)  0 (hierarchical)
    Elapsed: 0.010s  Memory: 3164.00M
"enclosing" in: sky130A_mr.drc:631
    Edge pairs: 0 (flat)  0 (hierarchical)
    Elapsed: 6.330s  Memory: 3164.00M
"output" in: sky130A_mr.drc:631
    Edge pairs: 0 (flat)  0 (hierarchical)
    Elapsed: 0.010s  Memory: 3164.00M
"not" in: sky130A_mr.drc:632
    Polygons (raw): 0 (flat)  0 (hierarchical)
    Elapsed: 2.010s  Memory: 3164.00M
"output" in: sky130A_mr.drc:632
    Polygons (raw): 0 (flat)  0 (hierarchical)
    Elapsed: 0.010s  Memory: 3164.00M
END: 71/20 (m4)
START: 71/44 (via4)
"not" in: sky130A_mr.drc:645
    Polygons (raw): 59598 (flat)  59394 (hierarchical)
    Elapsed: 0.010s  Memory: 3164.00M
"non_rectangles" in: sky130A_mr.drc:646
    Polygons (raw): 0 (flat)  0 (hierarchical)
    Elapsed: 0.320s  Memory: 3164.00M
"output" in: sky130A_mr.drc:646
    Polygons (raw): 0 (flat)  0 (hierarchical)
    Elapsed: 0.000s  Memory: 3164.00M
"width" in: sky130A_mr.drc:647
    Edge pairs: 0 (flat)  0 (hierarchical)
    Elapsed: 0.330s  Memory: 3164.00M
"output" in: sky130A_mr.drc:647
    Edge pairs: 0 (flat)  0 (hierarchical)
    Elapsed: 0.010s  Memory: 3164.00M
"drc" in: sky130A_mr.drc:648
    Edges: 0 (flat)  0 (hierarchical)
    Elapsed: 0.160s  Memory: 3164.00M
"output" in: sky130A_mr.drc:648
    Edges: 0 (flat)  0 (hierarchical)
    Elapsed: 0.000s  Memory: 3164.00M
"space" in: sky130A_mr.drc:650
    Edge pairs: 0 (flat)  0 (hierarchical)
    Elapsed: 0.150s  Memory: 3164.00M
"polygons" in: sky130A_mr.drc:650
    Polygons (raw): 0 (flat)  0 (hierarchical)
    Elapsed: 0.010s  Memory: 3164.00M
"output" in: sky130A_mr.drc:650
    Polygons (raw): 0 (flat)  0 (hierarchical)
    Elapsed: 0.000s  Memory: 3164.00M
"enclosing" in: sky130A_mr.drc:658
    Edge pairs: 0 (flat)  0 (hierarchical)
    Elapsed: 0.320s  Memory: 3164.00M
"output" in: sky130A_mr.drc:658
    Edge pairs: 0 (flat)  0 (hierarchical)
    Elapsed: 0.000s  Memory: 3164.00M
"not" in: sky130A_mr.drc:659
    Polygons (raw): 0 (flat)  0 (hierarchical)
    Elapsed: 0.130s  Memory: 3164.00M
"output" in: sky130A_mr.drc:659
    Polygons (raw): 0 (flat)  0 (hierarchical)
    Elapsed: 0.010s  Memory: 3164.00M
END: 71/44 (via4)
START: 72/20 (m5)
"width" in: sky130A_mr.drc:664
    Edge pairs: 0 (flat)  0 (hierarchical)
    Elapsed: 0.000s  Memory: 3164.00M
"output" in: sky130A_mr.drc:664
    Edge pairs: 0 (flat)  0 (hierarchical)
    Elapsed: 0.010s  Memory: 3164.00M
"space" in: sky130A_mr.drc:666
    Edge pairs: 0 (flat)  0 (hierarchical)
    Elapsed: 0.010s  Memory: 3172.00M
"output" in: sky130A_mr.drc:666
    Edge pairs: 0 (flat)  0 (hierarchical)
    Elapsed: 0.000s  Memory: 3172.00M
"enclosing" in: sky130A_mr.drc:668
    Edge pairs: 0 (flat)  0 (hierarchical)
    Elapsed: 0.320s  Memory: 3164.00M
"output" in: sky130A_mr.drc:668
    Edge pairs: 0 (flat)  0 (hierarchical)
    Elapsed: 0.010s  Memory: 3164.00M
"not" in: sky130A_mr.drc:669
    Polygons (raw): 0 (flat)  0 (hierarchical)
    Elapsed: 0.120s  Memory: 3164.00M
"output" in: sky130A_mr.drc:669
    Polygons (raw): 0 (flat)  0 (hierarchical)
    Elapsed: 0.000s  Memory: 3164.00M
"with_area" in: sky130A_mr.drc:673
    Polygons (raw): 0 (flat)  0 (hierarchical)
    Elapsed: 0.010s  Memory: 3164.00M
"output" in: sky130A_mr.drc:673
    Polygons (raw): 0 (flat)  0 (hierarchical)
    Elapsed: 0.010s  Memory: 3164.00M
END: 72/20 (m5)
START: 76/20 (pad)
"space" in: sky130A_mr.drc:678
    Edge pairs: 0 (flat)  0 (hierarchical)
    Elapsed: 0.020s  Memory: 3180.00M
"output" in: sky130A_mr.drc:678
    Edge pairs: 0 (flat)  0 (hierarchical)
    Elapsed: 0.010s  Memory: 3164.00M
END: 76/20 (pad)
Writing report database: /home/zexious/project/sloci_caravel/precheck_results/01_DEC_2022___22_11_28/outputs/reports/klayout_beol_check.xml ..
Total elapsed: 189.500s  Memory: 2869.00M
 
Cell exclusion list:
   rule    | cell
   nwell.6 | sky130_fd_io__gpiov2_amux, sky130_fd_io__simple_pad_and_busses, sram
   nsd.1   | sram
   nsd.2   | sram
   psd.1   | sram
   psd.2   | sram
 
release 2022.6.30_01.07
