
Magic 8.3 revision 315 - Compiled on Tue Oct 11 20:27:25 UTC 2022.
Starting magic under Tcl interpreter
Using the terminal as the console.
Using NULL graphics device.
Processing system .magicrc file
Sourcing design .magicrc for technology sky130A ...
2 Magic internal units = 1 Lambda
Input style sky130(vendor): scaleFactor=2, multiplier=2
The following types are not handled by extraction and will be treated as non-electrical types:
    ubm 
Scaled tech values by 2 / 1 to match internal grid scaling
Loading sky130A Device Generator Menu ...
Loading "/home/zexious/mpw_precheck/checks/drc_checks/magic/magic_drc_check.tcl" from command line.
Warning: Calma reading is not undoable!  I hope that's OK.
Library written using GDS-II Release 3.0
Library name: user_analog_project_wrapper
Reading "sky130_fd_pr__nfet_01v8_lvt_M9466H".
Reading "TX_line".
Reading "sky130_fd_pr__res_xhigh_po_5p73_4C7XCD".
Reading "sky130_fd_pr__res_high_po_0p35_C28PVF".
Reading "sky130_fd_pr__nfet_01v8_lvt_HFYJAZ".
Reading "sky130_fd_pr__nfet_01v8_lvt_G3ZQK6".
Reading "sky130_fd_pr__nfet_01v8_lvt_FKGFGD".
Reading "fb".
Reading "sky130_fd_pr__nfet_01v8_lvt_8PSHEW".
Reading "sky130_fd_pr__nfet_01v8_lvt_72NHPP".
Reading "sky130_fd_pr__nfet_01v8_lvt_XA5MKQ".
Reading "sky130_fd_pr__nfet_01v8_lvt_6H2JYD".
Reading "sky130_fd_pr__res_xhigh_po_5p73_QP6N54".
Reading "cons_cw".
Reading "sky130_fd_pr__pfet_01v8_lvt_X3YSY6".
Reading "sky130_fd_pr__nfet_01v8_lvt_BSMWRE".
Reading "sky130_fd_pr__nfet_01v8_lvt_EA9ZG2".
Reading "sky130_fd_pr__res_xhigh_po_5p73_Q3K92U".
Reading "sky130_fd_pr__res_high_po_0p35_ZMQPMJ".
Reading "sky130_fd_pr__pfet_01v8_lvt_ER7KZU".
Reading "sky130_fd_pr__nfet_01v8_lvt_F8HAAN".
Reading "sky130_fd_pr__cap_mim_m3_1_L4YDVW".
Reading "cmfb2".
Reading "cmfb1".
Reading "stage1".
Reading "sky130_fd_pr__nfet_01v8_lvt_L3LEKD".
Reading "cons1".
Reading "stage0".
Reading "top".
Reading "VGA_routing".
Reading "sky130_fd_pr__pfet_01v8_lvt_D3M934".
Reading "sky130_fd_pr__pfet_01v8_lvt_D3Z634".
Reading "sky130_fd_pr__nfet_01v8_lvt_9DHFGX".
Reading "sky130_fd_pr__res_high_po_2p85_P79JE3".
Reading "sky130_fd_pr__res_high_po_2p85_MM89SS".
Reading "sky130_fd_pr__pfet_01v8_lvt_D3ZSZ4".
Reading "bias_calc".
CIF file read warning: CIF style sky130(vendor): units rescaled by factor of 5 / 1
Reading "sky130_fd_pr__cap_mim_m3_2_FJFAMD".
Reading "sky130_fd_pr__nfet_01v8_lvt_648S5X".
Reading "sky130_fd_pr__nfet_01v8_lvt_DJ7QE5".
Reading "sky130_fd_pr__nfet_01v8_lvt_BX7S53".
Reading "sky130_fd_pr__nfet_01v8_lvt_B6HS5D".
Reading "sky130_fd_pr__cap_mim_m3_2_WCTBV5".
Reading "sky130_fd_pr__cap_mim_m3_2_WCTZRP".
Reading "sky130_fd_pr__cap_mim_m3_2_3ZFDVT".
Reading "sky130_fd_pr__cap_mim_m3_2_VCH7EQ".
Reading "cap_bank".
Reading "sky130_fd_pr__nfet_01v8_lvt_YTLFGX".
Reading "sky130_fd_pr__nfet_01v8_lvt_HNLS5R".
Reading "core_osc_amp".
Reading "core_osc".
Reading "sky130_fd_pr__res_high_po_5p73_W59YBA".
Reading "sky130_fd_pr__nfet_01v8_lvt_LELFGX".
Reading "output_buffer".
Reading "sky130_fd_pr__pfet_01v8_lvt_75KH85".
Reading "sky130_fd_pr__res_high_po_2p85_MXEQGY".
Reading "sky130_fd_pr__nfet_01v8_lvt_6BNFGK".
Reading "sky130_fd_pr__cap_mim_m3_1_4RCNTW".
Reading "vop_dec".
Reading "amp_dec".
Reading "sky130_fd_pr__res_high_po_5p73_YZEQ6M".
Reading "buffer_amp".
Reading "buffer_amp_vop".
Reading "VCO".
Reading "sky130_fd_pr__res_xhigh_po_5p73_UZMRKM".
Reading "XM_Rref".
Reading "sky130_fd_pr__rf_pnp_05v5_W3p40L3p40".
Reading "XM_bjt".
Reading "sky130_fd_pr__pfet_01v8_lvt_Q24T46".
Reading "sky130_fd_pr__pfet_01v8_lvt_MUVY4U".
Reading "XM_current_gate".
Reading "XM_current_gate_with_dummy".
Reading "sky130_fd_pr__res_high_po_2p85_7J2RPB".
Reading "sky130_fd_pr__cap_mim_m3_1_EN3Q86".
Reading "sky130_fd_pr__nfet_01v8_lvt_7MFZYU".
Reading "XM_tail".
Reading "sky130_fd_pr__pfet_01v8_lvt_MBDTEX".
Reading "sky130_fd_pr__pfet_01v8_lvt_B64SAM".
Reading "XM_ppair".
Reading "sky130_fd_pr__nfet_01v8_lvt_E96B6C".
Reading "sky130_fd_pr__nfet_01v8_lvt_A5VCMN".
Reading "XM_diffpair".
Reading "sky130_fd_pr__pfet_01v8_lvt_D74VRS".
Reading "XM_cs".
Reading "sky130_fd_pr__nfet_01v8_lvt_USQY94".
Reading "XM_actload2".
Reading "opamp_realcomp3_usefinger".
Reading "sky130_fd_pr__res_high_po_1p41_GWJZ59".
Reading "sky130_fd_pr__res_high_po_1p41_HX7ZEK".
Reading "XM_bjt_out".
Reading "sky130_fd_pr__pfet_01v8_lvt_9UM225".
Reading "XM_feedbackmir2".
Reading "sky130_fd_pr__pfet_01v8_lvt_8URDWJ".
Reading "XM_feedbackmir".
Reading "sky130_fd_pr__nfet_01v8_lvt_QA4PPD".
Reading "XM_otabias_nmos".
Reading "sky130_fd_pr__pfet_01v8_lvt_MUAP4U".
Reading "XM_otabias_pmos".
Reading "sky130_fd_pr__res_high_po_1p41_2TBR6S".
Reading "sky130_fd_pr__pfet_01v8_TSNZVH".
Reading "sky130_fd_pr__nfet_01v8_Y5UG24".
Reading "sky130_fd_pr__cap_mim_m3_1_Y9W37A".
Reading "XM_pdn".
Reading "sky130_fd_pr__res_high_po_1p41_6ZUZ5C".
Reading "sky130_fd_pr__res_high_po_1p41_S8KB58".
Reading "sky130_fd_pr__nfet_01v8_lvt_64S6GM".
Reading "sky130_fd_pr__nfet_01v8_lvt_64DJ5N".
Reading "XM_output_mirr".
Reading "XM_output_mirr_combined".
Reading "XM_output_mirr_combined_with_dummy".
Reading "BGR_lvs".
Reading "user_analog_project_wrapper".
[INFO]: Loading user_analog_project_wrapper

DRC style is now "drc(full)"
Loading DRC CIF style.
[INFO]: COUNT: 2
[INFO]: Should be divided by 3 or 4
[INFO]: DRC Checking DONE (/home/zexious/project/sloci_caravel/precheck_results/01_DEC_2022___22_11_28/outputs/reports/magic_drc_check.drc.report)
[INFO]: Saving mag view with DRC errors(/home/zexious/project/sloci_caravel/precheck_results/01_DEC_2022___22_11_28/outputs/user_analog_project_wrapper.magic.drc.mag)
[INFO]: Saved
