/home/zexious/project/sloci_caravel/sourceme_precheck
/home/zexious/project/sloci_caravel/test_push
/home/zexious/project/sloci_caravel/.gitattributes
/home/zexious/project/sloci_caravel/mag/sky130_fd_pr__nfet_01v8_lvt_7MFZYU.ext
/home/zexious/project/sloci_caravel/mag/sky130A_setup.tcl
/home/zexious/project/sloci_caravel/mag/XM_output_mirr_combined.ext
/home/zexious/project/sloci_caravel/mag/sky130A-GDS.tech
/home/zexious/project/sloci_caravel/mag/sky130_fd_pr__pfet_01v8_lvt_75KH85.ext
/home/zexious/project/sloci_caravel/mag/netgen.sh
/home/zexious/project/sloci_caravel/mag/sky130_fd_pr__cap_mim_m3_1_Y9W37A.ext
/home/zexious/project/sloci_caravel/mag/sky130_fd_pr__res_high_po_1p41_6ZUZ5C.ext
/home/zexious/project/sloci_caravel/mag/stage0.ext
/home/zexious/project/sloci_caravel/mag/sky130_fd_pr__res_high_po_1p41_2TBR6S.ext
/home/zexious/project/sloci_caravel/mag/cmfb2.ext
/home/zexious/project/sloci_caravel/mag/XM_otabias_nmos.ext
/home/zexious/project/sloci_caravel/mag/stage1.ext
/home/zexious/project/sloci_caravel/mag/TX_line.ext
/home/zexious/project/sloci_caravel/mag/sky130_fd_pr__nfet_01v8_lvt_XA5MKQ.ext
/home/zexious/project/sloci_caravel/mag/sky130_fd_pr__res_high_po_1p41_S8KB58.ext
/home/zexious/project/sloci_caravel/mag/sky130_fd_pr__res_high_po_2p85_MM89SS.ext
/home/zexious/project/sloci_caravel/mag/XM_current_gate.ext
/home/zexious/project/sloci_caravel/mag/cap_bank.ext
/home/zexious/project/sloci_caravel/mag/sky130_fd_pr__cap_mim_m3_2_FJFAMD.ext
/home/zexious/project/sloci_caravel/mag/sky130_fd_pr__nfet_01v8_lvt_6H2JYD.ext
/home/zexious/project/sloci_caravel/mag/cons_cw.ext
/home/zexious/project/sloci_caravel/mag/sky130_fd_pr__nfet_01v8_lvt_A5VCMN.ext
/home/zexious/project/sloci_caravel/mag/sky130_fd_pr__cap_mim_m3_1_4RCNTW.ext
/home/zexious/project/sloci_caravel/mag/XM_feedbackmir2.ext
/home/zexious/project/sloci_caravel/mag/XM_ppair.ext
/home/zexious/project/sloci_caravel/mag/sky130_fd_pr__res_high_po_0p35_ZMQPMJ.ext
/home/zexious/project/sloci_caravel/mag/sky130_fd_pr__pfet_01v8_lvt_X3YSY6.ext
/home/zexious/project/sloci_caravel/mag/sky130_fd_pr__nfet_01v8_lvt_YTLFGX.ext
/home/zexious/project/sloci_caravel/mag/core_osc_amp.ext
/home/zexious/project/sloci_caravel/mag/sky130_fd_pr__nfet_01v8_lvt_USQY94.ext
/home/zexious/project/sloci_caravel/mag/sky130_fd_pr__res_high_po_2p85_P79JE3.ext
/home/zexious/project/sloci_caravel/mag/sky130_fd_pr__pfet_01v8_lvt_B64SAM.ext
/home/zexious/project/sloci_caravel/mag/sky130_fd_pr__nfet_01v8_lvt_EA9ZG2.ext
/home/zexious/project/sloci_caravel/mag/vop_dec.ext
/home/zexious/project/sloci_caravel/mag/sky130_fd_pr__pfet_01v8_lvt_Q24T46.ext
/home/zexious/project/sloci_caravel/mag/sky130_fd_pr__nfet_01v8_lvt_72NHPP.ext
/home/zexious/project/sloci_caravel/mag/sky130_fd_pr__nfet_01v8_lvt_BSMWRE.ext
/home/zexious/project/sloci_caravel/mag/sky130_fd_pr__nfet_01v8_lvt_64S6GM.ext
/home/zexious/project/sloci_caravel/mag/sky130_fd_pr__pfet_01v8_TSNZVH.ext
/home/zexious/project/sloci_caravel/mag/XM_current_gate_with_dummy.ext
/home/zexious/project/sloci_caravel/mag/VGA_routing.ext
/home/zexious/project/sloci_caravel/mag/sky130_fd_pr__nfet_01v8_lvt_HFYJAZ.ext
/home/zexious/project/sloci_caravel/mag/cmfb1.ext
/home/zexious/project/sloci_caravel/mag/XM_cs.ext
/home/zexious/project/sloci_caravel/mag/sky130A.tcl
/home/zexious/project/sloci_caravel/mag/opamp_realcomp3_usefinger.ext
/home/zexious/project/sloci_caravel/mag/sky130_fd_pr__nfet_01v8_lvt_64DJ5N.ext
/home/zexious/project/sloci_caravel/mag/sky130_fd_pr__pfet_01v8_lvt_D3M934.ext
/home/zexious/project/sloci_caravel/mag/sky130_fd_pr__nfet_01v8_lvt_8PSHEW.ext
/home/zexious/project/sloci_caravel/mag/sky130_fd_pr__cap_mim_m3_2_WCTZRP.ext
/home/zexious/project/sloci_caravel/mag/sky130_fd_pr__res_xhigh_po_5p73_Q3K92U.ext
/home/zexious/project/sloci_caravel/mag/sky130_fd_pr__pfet_01v8_lvt_9UM225.ext
/home/zexious/project/sloci_caravel/mag/sky130_fd_pr__res_high_po_2p85_7J2RPB.ext
/home/zexious/project/sloci_caravel/mag/sky130_fd_pr__res_high_po_0p35_C28PVF.ext
/home/zexious/project/sloci_caravel/mag/sky130A-BindKeys
/home/zexious/project/sloci_caravel/mag/sky130A.magicrc
/home/zexious/project/sloci_caravel/mag/sky130_fd_pr__nfet_01v8_lvt_DJ7QE5.ext
/home/zexious/project/sloci_caravel/mag/sky130_fd_pr__cap_mim_m3_2_WCTBV5.ext
/home/zexious/project/sloci_caravel/mag/sky130_fd_pr__nfet_01v8_lvt_L3LEKD.ext
/home/zexious/project/sloci_caravel/mag/lvs.tcl
/home/zexious/project/sloci_caravel/mag/sky130_fd_pr__nfet_01v8_lvt_G3ZQK6.ext
/home/zexious/project/sloci_caravel/mag/XM_tail.ext
/home/zexious/project/sloci_caravel/mag/amp_dec.ext
/home/zexious/project/sloci_caravel/mag/sky130_fd_pr__nfet_01v8_lvt_LELFGX.ext
/home/zexious/project/sloci_caravel/mag/sky130_fd_pr__cap_mim_m3_2_3ZFDVT.ext
/home/zexious/project/sloci_caravel/mag/XM_pdn.ext
/home/zexious/project/sloci_caravel/mag/buffer_amp.ext
/home/zexious/project/sloci_caravel/mag/sky130_fd_pr__cap_mim_m3_1_EN3Q86.ext
/home/zexious/project/sloci_caravel/mag/sky130_fd_pr__nfet_01v8_lvt_F8HAAN.ext
/home/zexious/project/sloci_caravel/mag/sky130_fd_pr__pfet_01v8_lvt_ER7KZU.ext
/home/zexious/project/sloci_caravel/mag/BGR_lvs.ext
/home/zexious/project/sloci_caravel/mag/sky130_fd_pr__res_high_po_5p73_YZEQ6M.ext
/home/zexious/project/sloci_caravel/mag/sky130_fd_pr__nfet_01v8_lvt_QA4PPD.ext
/home/zexious/project/sloci_caravel/mag/XM_diffpair.ext
/home/zexious/project/sloci_caravel/mag/XM_feedbackmir.ext
/home/zexious/project/sloci_caravel/mag/sky130_fd_pr__pfet_01v8_lvt_D3Z634.ext
/home/zexious/project/sloci_caravel/mag/sky130_fd_pr__nfet_01v8_lvt_E96B6C.ext
/home/zexious/project/sloci_caravel/mag/sky130_fd_pr__pfet_01v8_lvt_MUVY4U.ext
/home/zexious/project/sloci_caravel/mag/XM_bjt.ext
/home/zexious/project/sloci_caravel/mag/XM_output_mirr.ext
/home/zexious/project/sloci_caravel/mag/cons1.ext
/home/zexious/project/sloci_caravel/mag/XM_actload2.ext
/home/zexious/project/sloci_caravel/mag/sky130_fd_pr__res_xhigh_po_5p73_4C7XCD.ext
/home/zexious/project/sloci_caravel/mag/sky130_fd_pr__nfet_01v8_lvt_648S5X.ext
/home/zexious/project/sloci_caravel/mag/sky130_fd_pr__res_high_po_2p85_MXEQGY.ext
/home/zexious/project/sloci_caravel/mag/sky130_fd_pr__nfet_01v8_lvt_BX7S53.ext
/home/zexious/project/sloci_caravel/mag/sky130_fd_pr__cap_mim_m3_1_L4YDVW.ext
/home/zexious/project/sloci_caravel/mag/sky130_fd_pr__pfet_01v8_lvt_D3ZSZ4.ext
/home/zexious/project/sloci_caravel/mag/sky130_fd_pr__nfet_01v8_lvt_HNLS5R.ext
/home/zexious/project/sloci_caravel/mag/sky130_fd_pr__nfet_01v8_lvt_B6HS5D.ext
/home/zexious/project/sloci_caravel/mag/XM_Rref.ext
/home/zexious/project/sloci_caravel/mag/sky130_fd_pr__nfet_01v8_Y5UG24.ext
/home/zexious/project/sloci_caravel/mag/sky130A.tech
/home/zexious/project/sloci_caravel/mag/sky130_fd_pr__res_xhigh_po_5p73_UZMRKM.ext
/home/zexious/project/sloci_caravel/mag/sky130_fd_pr__cap_mim_m3_2_VCH7EQ.ext
/home/zexious/project/sloci_caravel/mag/sky130_fd_pr__res_high_po_1p41_GWJZ59.ext
/home/zexious/project/sloci_caravel/mag/sky130_fd_pr__nfet_01v8_lvt_M9466H.ext
/home/zexious/project/sloci_caravel/mag/compare_out
/home/zexious/project/sloci_caravel/mag/VCO.ext
/home/zexious/project/sloci_caravel/mag/buffer_amp_vop.ext
/home/zexious/project/sloci_caravel/mag/user_analog_project_wrapper.ext
/home/zexious/project/sloci_caravel/mag/top.ext
/home/zexious/project/sloci_caravel/mag/sky130_fd_pr__res_xhigh_po_5p73_QP6N54.ext
/home/zexious/project/sloci_caravel/mag/sky130_fd_pr__nfet_01v8_lvt_9DHFGX.ext
/home/zexious/project/sloci_caravel/mag/core_osc.ext
/home/zexious/project/sloci_caravel/mag/fb.ext
/home/zexious/project/sloci_caravel/mag/bias_calc.ext
/home/zexious/project/sloci_caravel/mag/sky130_fd_pr__pfet_01v8_lvt_MUAP4U.ext
/home/zexious/project/sloci_caravel/mag/sky130_fd_pr__pfet_01v8_lvt_8URDWJ.ext
/home/zexious/project/sloci_caravel/mag/sky130_fd_pr__res_high_po_5p73_W59YBA.ext
/home/zexious/project/sloci_caravel/mag/sky130_fd_pr__nfet_01v8_lvt_6BNFGK.ext
/home/zexious/project/sloci_caravel/mag/XM_bjt_out.ext
/home/zexious/project/sloci_caravel/mag/sky130_fd_pr__res_high_po_1p41_HX7ZEK.ext
/home/zexious/project/sloci_caravel/mag/XM_otabias_pmos.ext
/home/zexious/project/sloci_caravel/mag/output_buffer.ext
/home/zexious/project/sloci_caravel/mag/sky130_fd_pr__nfet_01v8_lvt_FKGFGD.ext
/home/zexious/project/sloci_caravel/mag/XM_output_mirr_combined_with_dummy.ext
/home/zexious/project/sloci_caravel/mag/sky130_fd_pr__pfet_01v8_lvt_D74VRS.ext
/home/zexious/project/sloci_caravel/mag/sky130_fd_pr__pfet_01v8_lvt_MBDTEX.ext
/home/zexious/project/sloci_caravel/configs/xschemrc
/home/zexious/project/sloci_caravel/configs/sourceme
/home/zexious/project/sloci_caravel/xschem/user_analog_project_wrapper.sym
/home/zexious/project/sloci_caravel/xschem/buffer_amp_vop.sch
/home/zexious/project/sloci_caravel/xschem/xschemrc
/home/zexious/project/sloci_caravel/xschem/vop_dec.sch
/home/zexious/project/sloci_caravel/xschem/BGR_lvs.sch
/home/zexious/project/sloci_caravel/xschem/output_buffer.sch
/home/zexious/project/sloci_caravel/xschem/output_buffer.sym
/home/zexious/project/sloci_caravel/xschem/tb_BGR_pvt_lvs.sch
/home/zexious/project/sloci_caravel/xschem/Tx_line.sch
/home/zexious/project/sloci_caravel/xschem/bias_calc.sch
/home/zexious/project/sloci_caravel/xschem/core_osc_amp.sym
/home/zexious/project/sloci_caravel/xschem/Tx_line.sym
/home/zexious/project/sloci_caravel/xschem/amp_dec.sch
/home/zexious/project/sloci_caravel/xschem/tb_BGR_tran_lvs.sch
/home/zexious/project/sloci_caravel/xschem/VCO.sym
/home/zexious/project/sloci_caravel/xschem/BGR_lvs.sym
/home/zexious/project/sloci_caravel/xschem/topLevel.sym
/home/zexious/project/sloci_caravel/xschem/core_osc.sym
/home/zexious/project/sloci_caravel/xschem/buffer_amp.sym
/home/zexious/project/sloci_caravel/xschem/opamp_realcomp3_usefinger.sym
/home/zexious/project/sloci_caravel/xschem/bias_calc.sym
/home/zexious/project/sloci_caravel/xschem/buffer_amp.sch
/home/zexious/project/sloci_caravel/xschem/vop_dec.sym
/home/zexious/project/sloci_caravel/xschem/core_osc.sch
/home/zexious/project/sloci_caravel/xschem/core_osc_amp.sch
/home/zexious/project/sloci_caravel/xschem/.spiceinit
/home/zexious/project/sloci_caravel/xschem/buffer_amp_vop.sym
/home/zexious/project/sloci_caravel/xschem/cap_bank.sym
/home/zexious/project/sloci_caravel/xschem/user_analog_project_wrapper.sch
/home/zexious/project/sloci_caravel/xschem/topLevel.sch
/home/zexious/project/sloci_caravel/xschem/opamp_realcomp3_usefinger.sch
/home/zexious/project/sloci_caravel/xschem/cap_bank.sch
/home/zexious/project/sloci_caravel/xschem/VCO.sch
/home/zexious/project/sloci_caravel/xschem/amp_dec.sym
/home/zexious/project/sloci_caravel/xschem/sourceme
/home/zexious/project/sloci_caravel/xml_results/13_SEP_2022___00_25_04/outputs/reports/magic_drc_check.drc.report
/home/zexious/project/sloci_caravel/xml_results/13_SEP_2022___00_25_04/logs/klayout_pin_label_purposes_overlapping_drawing_check.total
/home/zexious/project/sloci_caravel/xml_results/13_SEP_2022___00_25_04/logs/klayout_zeroarea_check.total
/home/zexious/project/sloci_caravel/xml_results/13_SEP_2022___00_25_04/logs/klayout_offgrid_check.total
/home/zexious/project/sloci_caravel/xml_results/13_SEP_2022___00_25_04/logs/klayout_feol_check.total
/home/zexious/project/sloci_caravel/xml_results/13_SEP_2022___00_25_04/logs/magic_drc_check.total
/home/zexious/project/sloci_caravel/xml_results/13_SEP_2022___00_25_04/logs/tools.info
/home/zexious/project/sloci_caravel/xml_results/13_SEP_2022___00_25_04/logs/xor_check.total
/home/zexious/project/sloci_caravel/xml_results/13_SEP_2022___00_25_04/logs/klayout_beol_check.total
/home/zexious/project/sloci_caravel/xml_results/13_SEP_2022___00_25_04/logs/klayout_met_min_ca_density_check.total
/home/zexious/project/sloci_caravel/xml_results/13_SEP_2022___00_25_04/logs/gds.info
/home/zexious/project/sloci_caravel/xml_results/12_SEP_2022___23_37_05/outputs/reports/magic_drc_check.drc.report
/home/zexious/project/sloci_caravel/xml_results/12_SEP_2022___23_37_05/logs/klayout_pin_label_purposes_overlapping_drawing_check.total
/home/zexious/project/sloci_caravel/xml_results/12_SEP_2022___23_37_05/logs/klayout_zeroarea_check.total
/home/zexious/project/sloci_caravel/xml_results/12_SEP_2022___23_37_05/logs/klayout_offgrid_check.total
/home/zexious/project/sloci_caravel/xml_results/12_SEP_2022___23_37_05/logs/klayout_feol_check.total
/home/zexious/project/sloci_caravel/xml_results/12_SEP_2022___23_37_05/logs/magic_drc_check.total
/home/zexious/project/sloci_caravel/xml_results/12_SEP_2022___23_37_05/logs/tools.info
/home/zexious/project/sloci_caravel/xml_results/12_SEP_2022___23_37_05/logs/xor_check.total
/home/zexious/project/sloci_caravel/xml_results/12_SEP_2022___23_37_05/logs/klayout_beol_check.total
/home/zexious/project/sloci_caravel/xml_results/12_SEP_2022___23_37_05/logs/klayout_met_min_ca_density_check.total
/home/zexious/project/sloci_caravel/xml_results/12_SEP_2022___23_37_05/logs/gds.info
/home/zexious/project/sloci_caravel/xml_results/13_SEP_2022___00_53_58/outputs/reports/magic_drc_check.drc.report
/home/zexious/project/sloci_caravel/xml_results/13_SEP_2022___00_53_58/logs/klayout_pin_label_purposes_overlapping_drawing_check.total
/home/zexious/project/sloci_caravel/xml_results/13_SEP_2022___00_53_58/logs/klayout_zeroarea_check.total
/home/zexious/project/sloci_caravel/xml_results/13_SEP_2022___00_53_58/logs/klayout_offgrid_check.total
/home/zexious/project/sloci_caravel/xml_results/13_SEP_2022___00_53_58/logs/klayout_feol_check.total
/home/zexious/project/sloci_caravel/xml_results/13_SEP_2022___00_53_58/logs/magic_drc_check.total
/home/zexious/project/sloci_caravel/xml_results/13_SEP_2022___00_53_58/logs/tools.info
/home/zexious/project/sloci_caravel/xml_results/13_SEP_2022___00_53_58/logs/xor_check.total
/home/zexious/project/sloci_caravel/xml_results/13_SEP_2022___00_53_58/logs/klayout_beol_check.total
/home/zexious/project/sloci_caravel/xml_results/13_SEP_2022___00_53_58/logs/klayout_met_min_ca_density_check.total
/home/zexious/project/sloci_caravel/xml_results/13_SEP_2022___00_53_58/logs/gds.info
/home/zexious/project/sloci_caravel/xml_results/12_SEP_2022___22_10_28/outputs/reports/magic_drc_check.drc.report
/home/zexious/project/sloci_caravel/xml_results/12_SEP_2022___22_10_28/logs/klayout_pin_label_purposes_overlapping_drawing_check.total
/home/zexious/project/sloci_caravel/xml_results/12_SEP_2022___22_10_28/logs/klayout_zeroarea_check.total
/home/zexious/project/sloci_caravel/xml_results/12_SEP_2022___22_10_28/logs/klayout_offgrid_check.total
/home/zexious/project/sloci_caravel/xml_results/12_SEP_2022___22_10_28/logs/klayout_feol_check.total
/home/zexious/project/sloci_caravel/xml_results/12_SEP_2022___22_10_28/logs/magic_drc_check.total
/home/zexious/project/sloci_caravel/xml_results/12_SEP_2022___22_10_28/logs/tools.info
/home/zexious/project/sloci_caravel/xml_results/12_SEP_2022___22_10_28/logs/xor_check.total
/home/zexious/project/sloci_caravel/xml_results/12_SEP_2022___22_10_28/logs/klayout_beol_check.total
/home/zexious/project/sloci_caravel/xml_results/12_SEP_2022___22_10_28/logs/klayout_met_min_ca_density_check.total
/home/zexious/project/sloci_caravel/xml_results/12_SEP_2022___22_10_28/logs/gds.info
/home/zexious/project/sloci_caravel/docs/how_to_add_large_file
/home/zexious/project/sloci_caravel/docs/lvs
/home/zexious/project/sloci_caravel/drc/klayout_pin_label_purposes_overlapping_drawing_check.total
/home/zexious/project/sloci_caravel/drc/klayout_zeroarea_check.total
/home/zexious/project/sloci_caravel/drc/klayout_offgrid_check.total
/home/zexious/project/sloci_caravel/drc/klayout_feol_check.total
/home/zexious/project/sloci_caravel/drc/magic_drc_check.total
/home/zexious/project/sloci_caravel/drc/tools.info
/home/zexious/project/sloci_caravel/drc/xor_check.total
/home/zexious/project/sloci_caravel/drc/klayout_beol_check.total
/home/zexious/project/sloci_caravel/drc/sky130A.lyp
/home/zexious/project/sloci_caravel/drc/klayout_met_min_ca_density_check.total
/home/zexious/project/sloci_caravel/drc/gds.info
